2017-01-26 10:29:20 -> User KoSe logged in.
2017-01-26 10:31:35 -> Handled EnvironmentCreate "ship:user"
2017-01-26 10:31:35 -> Handled GetWelcomeText of "user@ship"
2017-01-26 10:32:27 -> Handled Command "network"
2017-01-26 10:32:38 -> Handled Command "--help"
2017-01-26 10:32:55 -> Handled Command "network--help"
2017-01-26 10:32:58 -> Handled Command "help"
2017-01-26 10:33:11 -> Handled Command "network pwd"
2017-01-26 10:33:36 -> Handled Command "network pwd --help"
2017-01-26 10:33:59 -> Handled Command "network pwd --connect"
2017-01-26 10:34:19 -> Handled Command "network --connect"
2017-01-26 10:35:05 -> Handled Command "network revert-time --help"
2017-01-26 10:35:18 -> Handled Command "network status"
2017-01-26 10:35:37 -> Handled Command "network --status"
2017-01-26 10:35:58 -> Handled Command "network --connect DeathStar"
2017-01-26 10:37:07 -> Handled Command "ssh --help"
2017-01-26 10:38:00 -> Handled Command "ssh 10.0.0.0 bash"
2017-01-26 10:38:11 -> Handled Command "bash --help"
2017-01-26 10:39:18 -> Handled Command "network --help"
2017-01-26 10:39:25 -> Handled Command "network --status"
2017-01-26 10:40:19 -> Handled Command "ssh 192.168.1.30"
2017-01-26 10:41:22 -> Handled Command "ssh 192.168.1.30"
2017-01-26 10:41:40 -> Handled Command "192.168.1.138"
2017-01-26 10:41:46 -> Handled Command "ssh 192.168.1.138"
2017-01-26 10:42:17 -> Handled Command "ssh 192.168.1.234"
2017-01-26 10:42:26 -> Handled Command "ssh 192.168.1.215"
2017-01-26 10:42:34 -> Handled Command "ssh 192.168.1.196"
2017-01-26 10:43:00 -> Handled Command "ssh 192.168.1.3"
2017-01-26 10:43:02 -> Handled Command "ssh 192.168.1.5"
2017-01-26 10:43:04 -> Handled Command "ssh 192.168.1.6"
2017-01-26 10:43:07 -> Handled Command "ssh 192.168.1.8"
2017-01-26 10:43:16 -> Handled Command "ssh 192.168.1.10"
2017-01-26 10:43:18 -> Handled Command "ssh 192.168.1.12"
2017-01-26 10:43:20 -> Handled Command "ssh 192.168.1.13"
2017-01-26 10:43:24 -> Handled Command "ssh 192.168.1.18"
2017-01-26 10:43:36 -> Handled Command "ssh 192.168.1.32"
2017-01-26 10:43:40 -> Handled EnvironmentCreate "TL-WA850RE:admin"
2017-01-26 10:43:40 -> Handled EnvironmentCreate "TL-WA850RE:admin"
2017-01-26 10:43:40 -> Handled GetWelcomeText of "admin@TL-WA850RE"
2017-01-26 10:43:40 -> Handled Command "bash"
2017-01-26 10:44:34 -> Handled Command "network --help"
2017-01-26 10:44:39 -> Handled Command "network --status"
2017-01-26 10:45:17 -> Handled Command "ssh 192.168.1.145"
2017-01-26 10:46:25 -> Handled Command "help"
2017-01-26 10:46:32 -> Handled Command "su --help"
2017-01-26 10:46:47 -> Handled Command "su admin"
2017-01-26 10:47:30 -> Handled Command "revert-time --help"
2017-01-26 10:47:46 -> Handled Command "network"
2017-01-26 10:47:49 -> Handled Command "network status"
2017-01-26 10:47:56 -> Handled Command "network --statu"
2017-01-26 10:47:57 -> Handled Command "network --status"
2017-01-26 10:48:09 -> Handled Command "network -connect"
2017-01-26 10:48:22 -> Handled Command "network WFADevice"
2017-01-26 10:48:31 -> Handled Command "network -connect WFADevice"
2017-01-26 10:48:36 -> Handled Command "network --connect WFADevice"
2017-01-26 10:48:59 -> Handled Command "ssh --help"
2017-01-26 10:50:01 -> Handled Command "ssh admin@192.168.1.138"
2017-01-26 10:50:11 -> Handled EnvironmentCreate "WFADevice:admin"
2017-01-26 10:50:11 -> Handled EnvironmentCreate "WFADevice:admin"
2017-01-26 10:50:11 -> Handled GetWelcomeText of "admin@WFADevice"
2017-01-26 10:50:11 -> Handled Command "bash"
2017-01-26 10:50:26 -> Handled Command "help"
2017-01-26 10:50:37 -> Handled Command "network"
2017-01-26 10:50:41 -> Handled Command "network --help"
2017-01-26 10:50:45 -> Handled Command "network --status"
2017-01-26 10:51:39 -> Handled Command "help"
2017-01-26 10:51:58 -> Handled Command "ssh 10.0.0.128"
2017-01-26 10:52:20 -> Handled Command "ssh 10.0.0.128"
2017-01-26 10:52:21 -> Handled EnvironmentCreate "sw.death-star:guest"
2017-01-26 10:52:21 -> Handled EnvironmentCreate "sw.death-star:guest"
2017-01-26 10:52:21 -> Handled GetWelcomeText of "guest@sw.death-star"
2017-01-26 10:52:21 -> Handled Command "bash"
2017-01-26 10:53:12 -> Handled Command "help"
2017-01-26 10:53:19 -> Handled Command "su --help"
2017-01-26 10:53:23 -> Handled Command "su --hel"
2017-01-26 10:53:27 -> Handled Command "su root"
2017-01-26 10:53:41 -> Handled Command "rm --help"
2017-01-26 10:53:53 -> Handled Command "cat --help"
2017-01-26 10:54:05 -> Handled Command "cd --help"
2017-01-26 10:54:15 -> Handled Command "chmod --help"
2017-01-26 10:54:32 -> Handled Command "chmod 123 1"
2017-01-26 10:54:39 -> Handled Command "chmod 123 root"
2017-01-26 10:54:44 -> Handled Command "help"
2017-01-26 10:54:49 -> Handled Command "cp --help"
2017-01-26 10:54:58 -> Handled Command "edit --help"
2017-01-26 10:55:04 -> Handled Command "edit root"
2017-01-26 10:55:18 -> Handled Command "ll --help"
2017-01-26 10:55:31 -> Handled Command "ln --help"
2017-01-26 10:55:41 -> Handled Command "ls --help"
2017-01-26 10:56:03 -> Handled Command "ls --a"
2017-01-26 10:56:07 -> Handled Command "ls --all"
2017-01-26 10:56:18 -> Handled Command "ls -l"
2017-01-26 10:56:53 -> Handled Command "ls root"
2017-01-26 10:56:59 -> Handled Command "ls root -l"
2017-01-26 10:57:04 -> Handled Command "help"
2017-01-26 10:57:12 -> Handled Command "mdkir --help"
2017-01-26 10:57:25 -> Handled Command "mkdir --help"
2017-01-26 10:57:32 -> Handled Command "mv --help"
2017-01-26 10:57:42 -> Handled Command "pwd --help"
2017-01-26 10:58:00 -> Handled Command "rmdir --help"
2017-01-26 10:58:17 -> Handled Command "ssh --help"
2017-01-26 10:58:44 -> Handled Command "exit --help"
2017-01-26 10:59:18 -> Handled Command "su --help"
2017-01-26 10:59:23 -> Handled Command "su root"
2017-01-26 10:59:35 -> Handled Command "cd -help"
2017-01-26 10:59:38 -> Handled Command "cd --help"
2017-01-26 10:59:43 -> Handled Command "cd root"
2017-01-26 10:59:46 -> Handled Command "help"
2017-01-26 10:59:52 -> Handled Command "chmod --help"
2017-01-26 11:00:14 -> Handled Command "chmod 470"
2017-01-26 11:00:22 -> Handled Command "chmod 470 root"
2017-01-26 11:00:33 -> Handled Command "cp --help"
2017-01-26 11:00:39 -> Handled Command "cp root"
2017-01-26 11:00:43 -> Handled Command "cp root root"
2017-01-26 11:01:11 -> Handled Command "cp root 1"
2017-01-26 11:01:20 -> Handled Command "ls --help"
2017-01-26 11:01:36 -> Handled Command "ls root -a"
2017-01-26 11:01:44 -> Handled Command "ls -a"
2017-01-26 11:01:48 -> Handled Command "ls -l"
2017-01-26 11:02:05 -> Handled Command "su root"
2017-01-26 11:02:12 -> Handled Command "su root"
2017-01-26 11:02:24 -> Handled Command "network --help"
2017-01-26 11:02:31 -> Handled Command "network --status"
2017-01-26 11:02:49 -> Handled Command "ssh 10.0.0.13"
2017-01-26 11:03:00 -> Handled Command "ssh 10.0.0.2"
2017-01-26 11:03:16 -> Handled Command "bash --hepl"
2017-01-26 11:03:19 -> Handled Command "bash --help"
2017-01-26 11:03:47 -> Handled Command "/guest"
2017-01-26 11:03:53 -> Handled Command "/guest/guset/root"
2017-01-26 11:04:09 -> Handled Command "pwd --help"
2017-01-26 11:04:15 -> Handled Command "pwd root"
2017-01-26 11:04:29 -> Handled Command "ls -l"
2017-01-26 11:04:43 -> Handled Command "ls Videos"
