2017-01-26 10:02:23 -> User PaWa logged in.
2017-01-26 10:03:25 -> Handled EnvironmentCreate "ship:user"
2017-01-26 10:03:25 -> Handled GetWelcomeText of "user@ship"
2017-01-26 10:04:43 -> Handled Command "bash --help"
2017-01-26 10:05:52 -> Handled Command "help"
2017-01-26 10:06:23 -> Handled EnvironmentCreate "ship:user"
2017-01-26 10:06:23 -> Handled Command "bash"
2017-01-26 10:06:31 -> Handled Command "/bash"
2017-01-26 10:06:36 -> Handled Command "help"
2017-01-26 10:06:46 -> Handled Command "bash --help"
2017-01-26 10:12:28 -> Handled Command "pwd"
2017-01-26 10:13:21 -> Handled Command "/home/user/0xFE79"
2017-01-26 10:13:25 -> Handled Command "help"
2017-01-26 10:13:33 -> Handled Command "cd --help"
2017-01-26 10:13:54 -> Handled Command "cd C"
2017-01-26 11:35:19 -> Handled Command "network"
2017-01-26 11:35:24 -> Handled Command "help"
2017-01-26 11:35:31 -> Handled Command "network --help"
2017-01-26 11:35:45 -> Handled Command "--status"
2017-01-26 11:35:55 -> Handled Command "network --status"
2017-01-26 11:36:26 -> Handled Command "network connect Deathstar"
2017-01-26 11:36:36 -> Handled Command "network --connect DeathStar"
2017-01-26 11:37:23 -> Handled Command "network"
2017-01-26 11:37:28 -> Handled Command "/network"
2017-01-26 11:37:32 -> Handled Command "help"
2017-01-26 11:37:47 -> Handled Command "network --help"
2017-01-26 11:37:53 -> Handled Command "network --status"
2017-01-26 11:38:32 -> Handled Command "bash --help"
2017-01-26 11:38:48 -> Handled Command "bash Generic"
2017-01-26 11:39:20 -> Handled EnvironmentCreate "ship:user"
2017-01-26 11:39:20 -> Handled Command "bash"
2017-01-26 11:39:31 -> Handled Command "cd --help"
2017-01-26 11:39:46 -> Handled Command "cd Generic"
2017-01-26 11:39:56 -> Handled Command "help"
2017-01-26 11:40:01 -> Handled Command "cat --help"
2017-01-26 11:40:11 -> Handled Command "chmod --help"
2017-01-26 11:40:19 -> Handled Command "edit --help"
2017-01-26 11:40:39 -> Handled Command "ll --help"
2017-01-26 11:40:45 -> Handled Command "ln -help"
2017-01-26 11:40:48 -> Handled Command "help"
2017-01-26 11:40:54 -> Handled Command "ssh --jelp"
2017-01-26 11:40:57 -> Handled Command "ssh --help"
2017-01-26 11:41:35 -> Handled Command "ssh 192.168.1.3"
2017-01-26 11:41:52 -> Handled Command "ssh 192.168.1.150"
2017-01-26 11:42:02 -> Handled Command "pwd --help"
2017-01-26 11:42:07 -> Handled Command "pwd"
2017-01-26 11:42:16 -> Handled Command "mkdir --help"
2017-01-26 11:42:30 -> Handled Command "su --help"
2017-01-26 11:43:00 -> Handled Command "su admin"
2017-01-26 11:43:08 -> Handled Command "su admin"
2017-01-26 11:43:42 -> Handled Command "su Generic"
2017-01-26 11:43:49 -> Handled Command "help"
2017-01-26 11:43:52 -> Handled Command "cd"
2017-01-26 11:43:58 -> Handled Command "cd --help"
2017-01-26 11:44:04 -> Handled Command "cd Generic"
2017-01-26 11:44:16 -> Handled Command "rm --help"
2017-01-26 11:44:43 -> Handled Command "network"
2017-01-26 11:44:49 -> Handled Command "network --help"
2017-01-26 11:44:55 -> Handled Command "network --status"
2017-01-26 11:45:23 -> Handled Command "network --connect"
2017-01-26 11:45:29 -> Handled Command "network --help"
2017-01-26 11:45:39 -> Handled Command "network connect Generic"
2017-01-26 11:46:00 -> Handled Command "network connect 192.168.1.234"
2017-01-26 11:46:10 -> Handled Command "help"
2017-01-26 11:46:16 -> Handled Command "bash --help"
2017-01-26 11:46:32 -> Handled Command "su admin"
2017-01-26 11:46:38 -> Handled Command "su"
2017-01-26 11:46:43 -> Handled Command "su admin admin"
2017-01-26 11:47:13 -> Handled Command "al --help"
2017-01-26 11:47:16 -> Handled Command "al"
2017-01-26 11:47:20 -> Handled Command "-al"
2017-01-26 11:48:07 -> Handled Command "revert-time --help"
