2017-01-26 10:19:24 -> User HeZu logged in.
2017-01-26 10:22:33 -> Handled EnvironmentCreate "ship:user"
2017-01-26 10:22:33 -> Handled GetWelcomeText of "user@ship"
2017-01-26 10:26:50 -> Handled Command "network"
2017-01-26 10:27:05 -> Handled Command "network --help"
2017-01-26 10:27:53 -> Handled Command "network --status"
2017-01-26 10:29:00 -> Handled Command "network --connect"
2017-01-26 10:29:40 -> Handled Command "network --connect"
2017-01-26 10:30:45 -> Handled Command "bash --help"
2017-01-26 10:34:18 -> Handled Command "network -connect"
2017-01-26 10:35:17 -> Handled Command "nettwork"
2017-01-26 10:35:21 -> Handled Command "network"
2017-01-26 10:35:23 -> Handled Command "help"
2017-01-26 10:35:32 -> Handled Command "network"
2017-01-26 10:35:45 -> Handled Command "network --help"
2017-01-26 10:36:11 -> Handled Command "network --connect"
2017-01-26 10:37:12 -> Handled Command "network --status"
2017-01-26 10:39:25 -> Handled Command "network --connect localhost"
2017-01-26 10:39:45 -> Handled Command "network --connect localhost 127.0.0.1"
2017-01-26 10:39:54 -> Handled Command "network --connect 127.0.0.1"
2017-01-26 10:40:35 -> Handled Command "network -- connect host"
2017-01-26 10:40:48 -> Handled Command "network -- connect hvězdasmrti"
2017-01-26 10:40:58 -> Handled Command "network --connect 127.0.0.1"
2017-01-26 10:41:02 -> Handled Command "network --connect localhost 127.0.0.1"
2017-01-26 10:41:06 -> Handled Command "network --connect localhost"
2017-01-26 10:50:48 -> User HeZu logged in.
2017-01-26 10:50:48 -> Handled EnvironmentCreate "ship:user"
2017-01-26 10:50:48 -> Handled GetWelcomeText of "user@ship"
2017-01-26 10:51:30 -> Handled Command "bash --help"
2017-01-26 10:52:47 -> Handled Command "help"
2017-01-26 10:53:03 -> Handled Command "ls -al - help"
2017-01-26 10:53:03 -> Handled Command "ll - help"
2017-01-26 10:53:14 -> Handled Command "ll --help"
2017-01-26 10:53:33 -> Handled Command "ls -al --help"
2017-01-26 11:29:02 -> Handled Command "help"
2017-01-26 11:30:55 -> Handled Command "revert-time"
2017-01-26 11:31:32 -> Handled Command "revert-time-f"
