2017-01-26 09:17:54 -> User HoJa logged in.
2017-01-26 09:19:13 -> Handled EnvironmentCreate "ship:user"
2017-01-26 09:19:13 -> Handled GetWelcomeText of "user@ship"
2017-01-26 09:20:13 -> Handled Command "'network'"
2017-01-26 09:20:38 -> Handled Command "check network"
2017-01-26 09:20:44 -> Handled Command "'help'"
2017-01-26 09:20:54 -> Handled Command "//help"
2017-01-26 09:20:56 -> Handled Command "help"
2017-01-26 09:21:08 -> Handled Command "network"
2017-01-26 09:21:32 -> Handled Command "network  help"
2017-01-26 09:21:43 -> Handled Command "network help"
2017-01-26 09:22:17 -> Handled Command "network '--help'"
2017-01-26 09:22:36 -> Handled Command "/network"
2017-01-26 10:36:46 -> Handled Command "network --help"
2017-01-26 10:37:04 -> Handled Command "network --status"
2017-01-26 10:38:13 -> Handled Command "network exit"
2017-01-26 10:38:24 -> Handled Command "network --help"
2017-01-26 10:38:39 -> Handled Command "network --connect"
2017-01-26 10:38:57 -> Handled Command "network --connect"
2017-01-26 10:39:06 -> Handled Command "bash --help"
2017-01-26 10:39:51 -> Handled Command "cd --help"
2017-01-26 10:40:03 -> Handled Command "help"
2017-01-26 10:40:11 -> Handled Command "chmod --help"
2017-01-26 10:40:23 -> Handled Command "cp --help"
2017-01-26 10:40:32 -> Handled Command "exit --help"
2017-01-26 10:40:41 -> Handled Command "network -f"
2017-01-26 10:41:00 -> Handled Command "wifi --connect"
2017-01-26 10:59:34 -> Handled Command "delete"
2017-01-26 11:00:08 -> Handled Command "revert-time"
