2017-01-26 10:13:20 -> User MiBe logged in.
2017-01-26 10:14:23 -> Handled EnvironmentCreate "ship:user"
2017-01-26 10:14:23 -> Handled GetWelcomeText of "user@ship"
2017-01-26 10:15:22 -> Handled Command "network"
2017-01-26 10:15:29 -> Handled Command "//network"
2017-01-26 10:15:36 -> Handled Command "help"
2017-01-26 10:16:04 -> Handled Command "network"
2017-01-26 10:16:25 -> Handled EnvironmentCreate "ship:user"
2017-01-26 10:16:25 -> Handled Command "bash"
2017-01-26 10:16:44 -> Handled Command "network --help"
2017-01-26 10:17:02 -> Handled Command "--status"
2017-01-26 10:17:17 -> Handled Command "network --status"
2017-01-26 10:18:20 -> Handled Command "network --connect localhost"
2017-01-26 10:18:33 -> Handled Command "network --connect 127.0.0.1"
2017-01-26 10:20:04 -> Handled Command "network --connect DeathStar"
2017-01-26 10:20:48 -> Handled Command "ssh"
2017-01-26 10:20:56 -> Handled Command "ssh 1"
2017-01-26 10:21:00 -> Handled Command "ssh 0"
2017-01-26 10:21:03 -> Handled Command "ssh 2"
2017-01-26 10:21:12 -> Handled Command "help ---ssh"
2017-01-26 10:21:30 -> Handled Command "ssh --help"
2017-01-26 10:22:02 -> Handled Command "ssh --bash"
2017-01-26 10:22:18 -> Handled Command "ssh --127.0.0.1"
2017-01-26 10:23:15 -> Handled Command "network"
2017-01-26 10:23:23 -> Handled Command "network ---help"
2017-01-26 10:23:28 -> Handled Command "network --help"
2017-01-26 10:23:34 -> Handled Command "network --status"
2017-01-26 10:25:04 -> Handled Command "network --connect"
2017-01-26 10:25:07 -> Handled Command "network --connect http://purkiada.sspbrno.cz/starwars8"
2017-01-26 10:25:29 -> Handled Command "network --connect 192.168.1.234"
2017-01-26 10:27:41 -> Handled Command "ssh --help"
2017-01-26 10:27:52 -> Handled Command "ssh --bash"
2017-01-26 10:28:32 -> Handled Command "ssh --admin"
2017-01-26 10:29:23 -> Handled Command "ssh --Generic@192.168.1.234"
2017-01-26 10:30:33 -> Handled Command "ssh --connect"
2017-01-26 10:30:42 -> Handled Command "ssh --127.0.0.1"
2017-01-26 10:31:07 -> Handled Command "ssh --ship@127.0.0.1"
