2017-01-26 09:58:46 -> User HePE logged in.
2017-01-26 09:59:11 -> Handled EnvironmentCreate "ship:user"
2017-01-26 09:59:11 -> Handled GetWelcomeText of "user@ship"
2017-01-26 10:00:03 -> Handled Command "--help"
2017-01-26 10:00:07 -> Handled Command "help"
2017-01-26 10:00:19 -> Handled Command "cd"
2017-01-26 10:00:25 -> Handled Command "cat"
2017-01-26 10:00:46 -> Handled Command "network"
2017-01-26 10:00:58 -> Handled Command "help network"
2017-01-26 10:01:05 -> Handled Command "network help"
2017-01-26 10:01:23 -> Handled Command "network--help"
2017-01-26 10:01:33 -> Handled Command "network --help"
2017-01-26 10:01:40 -> Handled Command "status"
2017-01-26 10:01:44 -> Handled Command "--status"
2017-01-26 10:02:06 -> Handled Command "--cd"
2017-01-26 10:02:12 -> Handled Command "cd --help"
2017-01-26 10:02:23 -> Handled Command "cat --help"
2017-01-26 10:02:31 -> Handled Command "cat cd"
2017-01-26 10:02:40 -> Handled Command "cat home"
2017-01-26 10:02:47 -> Handled Command "cd home"
2017-01-26 10:03:02 -> Handled EnvironmentCreate "ship:user"
2017-01-26 10:03:02 -> Handled Command "bash"
2017-01-26 10:03:11 -> Handled Command "bash --help"
2017-01-26 10:04:30 -> Handled Command "pwd"
2017-01-26 10:05:07 -> Handled Command "--cd"
2017-01-26 10:05:16 -> Handled Command "/home --cd"
2017-01-26 10:05:42 -> Handled Command "cd home"
2017-01-26 10:05:48 -> Handled Command "cd /"
2017-01-26 10:05:57 -> Handled Command "cat user"
2017-01-26 10:06:16 -> Handled Command "pwd"
2017-01-26 10:06:23 -> Handled Command "cat /"
2017-01-26 10:06:41 -> Handled Command "cp --help"
2017-01-26 10:06:48 -> Handled Command "help"
2017-01-26 10:07:04 -> Handled Command "chmod --help"
2017-01-26 10:07:28 -> Handled Command "ll --help"
2017-01-26 10:07:37 -> Handled Command "ls --help"
2017-01-26 10:07:42 -> Handled Command "-al"
2017-01-26 10:07:44 -> Handled Command "al"
2017-01-26 10:07:48 -> Handled Command "a"
2017-01-26 10:07:49 -> Handled Command "-a"
2017-01-26 10:07:57 -> Handled Command "--all"
2017-01-26 10:08:27 -> Handled Command "ls -a /"
2017-01-26 10:08:42 -> Handled Command "cd run"
2017-01-26 10:08:53 -> Handled Command "cd home"
2017-01-26 10:09:02 -> Handled Command "ls -a home"
2017-01-26 10:09:09 -> Handled Command "ls -a /home"
2017-01-26 10:09:19 -> Handled Command "cd user"
2017-01-26 10:09:44 -> Handled Command "ls- user"
2017-01-26 10:09:47 -> Handled Command "-ls user"
2017-01-26 10:10:07 -> Handled Command "ls -al user"
2017-01-26 10:10:07 -> Handled Command "ll user"
2017-01-26 10:10:21 -> Handled Command "ls -a user"
2017-01-26 10:10:26 -> Handled Command "cd /"
2017-01-26 10:10:42 -> Handled Command "cd lost+found media"
2017-01-26 10:10:50 -> Handled Command "cd lost+found_media"
2017-01-26 10:11:05 -> Handled Command "cd "lost+found media""
2017-01-26 10:11:35 -> Handled Command "-ls etc"
2017-01-26 10:11:44 -> Handled Command "-ls /etc"
2017-01-26 10:11:58 -> Handled Command "-ll -a /etc"
2017-01-26 10:12:07 -> Handled Command "etc --help"
2017-01-26 10:12:14 -> Handled Command "-ls --help"
2017-01-26 10:12:19 -> Handled Command "ls --help"
2017-01-26 10:12:32 -> Handled Command "ls -al /etc"
2017-01-26 10:12:32 -> Handled Command "ll /etc"
2017-01-26 10:12:45 -> Handled Command "ls -al /root"
2017-01-26 10:12:45 -> Handled Command "ll /root"
2017-01-26 10:12:57 -> Handled Command "ls -al /usr"
2017-01-26 10:12:57 -> Handled Command "ll /usr"
2017-01-26 10:13:13 -> Handled Command "ls -al /sbin"
2017-01-26 10:13:13 -> Handled Command "ll /sbin"
2017-01-26 10:13:19 -> Handled Command "ls -al /home"
2017-01-26 10:13:19 -> Handled Command "ll /home"
2017-01-26 10:13:32 -> Handled Command "ls -al /home/user"
2017-01-26 10:13:32 -> Handled Command "ll /home/user"
2017-01-26 10:13:52 -> Handled Command "ls -al /home/user/downloads"
2017-01-26 10:13:52 -> Handled Command "ll /home/user/downloads"
2017-01-26 10:13:59 -> Handled Command "ls -al /home/user/Downloads"
2017-01-26 10:13:59 -> Handled Command "ll /home/user/Downloads"
2017-01-26 10:15:37 -> Handled Command "network --help"
2017-01-26 10:15:49 -> Handled Command "--status"
2017-01-26 10:15:52 -> Handled Command "status"
2017-01-26 10:16:03 -> Handled Command "network -status"
2017-01-26 10:16:47 -> Handled Command "network disconnect"
2017-01-26 10:17:15 -> Handled Command "revert-time"
2017-01-26 10:17:21 -> Handled Command "-f"
2017-01-26 10:17:26 -> Handled Command "--force"
