2017-01-26 09:35:44 -> User PoPr logged in.
2017-01-26 09:37:29 -> Handled EnvironmentCreate "ship:user"
2017-01-26 09:37:29 -> Handled GetWelcomeText of "user@ship"
2017-01-26 09:38:34 -> Handled Command "bash --help"
2017-01-26 09:41:16 -> Handled Command "network"
2017-01-26 09:42:03 -> Handled Command "'network'"
2017-01-26 09:42:21 -> Handled Command "'help'"
2017-01-26 09:42:29 -> Handled Command "help"
2017-01-26 09:42:57 -> Handled Command "netwokr pwd"
2017-01-26 09:43:31 -> Handled Command "pwd"
2017-01-26 09:43:41 -> Handled Command "/home/user"
2017-01-26 09:43:58 -> Handled Command "/home"
2017-01-26 09:44:12 -> Handled Command "/network"
2017-01-26 09:44:24 -> Handled Command "'network'"
2017-01-26 09:57:57 -> Handled Command "'netwokr --help'"
2017-01-26 09:58:06 -> Handled Command "network --help"
2017-01-26 09:58:16 -> Handled Command "--status"
2017-01-26 09:58:25 -> Handled Command " status"
2017-01-26 09:58:33 -> Handled Command "--conncet"
2017-01-26 10:35:36 -> Handled Command "--network"
2017-01-26 10:35:40 -> Handled Command "help"
2017-01-26 10:35:44 -> Handled Command "cat"
2017-01-26 10:35:51 -> Handled Command "bash --cat"
2017-01-26 10:35:55 -> Handled Command "ln"
2017-01-26 10:36:02 -> Handled Command "ls"
2017-01-26 10:36:07 -> Handled Command "ls -al "
2017-01-26 10:36:07 -> Handled Command "ll"
2017-01-26 10:36:09 -> Handled Command "."
2017-01-26 10:36:16 -> Handled Command "Documents"
2017-01-26 10:36:20 -> Handled Command "Music"
2017-01-26 10:36:23 -> Handled Command "Videos"
2017-01-26 10:36:28 -> Handled Command "help"
2017-01-26 10:36:33 -> Handled Command "revert-time"
2017-01-26 10:36:39 -> Handled Command "f"
2017-01-26 10:36:46 -> Handled Command "--force"
2017-01-26 10:36:53 -> Handled Command "'--force'"
2017-01-26 10:39:45 -> Handled Command "rmdir"
2017-01-26 10:39:49 -> Handled Command "cp"
2017-01-26 10:39:53 -> Handled Command "chmod"
2017-01-26 10:39:57 -> Handled Command "mkdir"
2017-01-26 10:40:00 -> Handled Command "help"
2017-01-26 10:40:02 -> Handled Command "su"
2017-01-26 10:40:04 -> Handled GetExitText of "user@ship"
2017-01-26 10:40:04 -> Handled Command "exit"
2017-01-26 10:40:09 -> User PoPr logged in.
2017-01-26 10:40:09 -> Handled EnvironmentCreate "ship:user"
2017-01-26 10:40:09 -> Handled GetWelcomeText of "user@ship"
2017-01-26 10:40:14 -> Handled Command "help"
2017-01-26 10:40:16 -> Handled Command "cd"
2017-01-26 10:40:18 -> Handled Command "cat"
2017-01-26 10:40:21 -> Handled EnvironmentCreate "ship:user"
2017-01-26 10:40:21 -> Handled Command "bash"
2017-01-26 11:28:54 -> Handled Command "/exit"
2017-01-26 11:28:56 -> Handled Command "exit"
2017-01-26 11:29:01 -> Handled Command "help"
2017-01-26 11:29:04 -> Handled Command "help"
2017-01-26 11:29:06 -> Handled Command "help"
2017-01-26 11:29:08 -> Handled Command "pwd"
2017-01-26 11:29:14 -> Handled EnvironmentCreate "ship:user"
2017-01-26 11:29:14 -> Handled Command "bash"
2017-01-26 11:29:20 -> Handled Command "'bash'"
2017-01-26 11:29:38 -> Handled Command "wxit"
2017-01-26 11:29:42 -> Handled Command "exit"
2017-01-26 11:29:50 -> Handled Command "revert-time"
2017-01-26 11:29:56 -> Handled Command "f"
2017-01-26 11:29:59 -> Handled Command "-force"
2017-01-26 11:30:03 -> Handled Command "cd"
2017-01-26 11:30:04 -> Handled Command "cf"
2017-01-26 11:30:45 -> Handled Command "bash --diff"
2017-01-26 11:31:02 -> Handled Command ":)"
2017-01-26 11:46:45 -> Handled Command "help"
2017-01-26 11:46:47 -> Handled Command "rm"
2017-01-26 11:46:56 -> Handled Command "revert-time"
2017-01-26 11:47:03 -> Handled Command "-f"
2017-01-26 11:47:07 -> Handled Command "--force"
2017-01-26 11:47:14 -> Handled Command "'--force'"
2017-01-26 11:47:24 -> Handled Command "bash..diff"
2017-01-26 11:47:29 -> Handled Command "bash --diff"
2017-01-26 11:55:51 -> Handled Command "/exit"
2017-01-26 11:55:54 -> Handled Command "/fast"
2017-01-26 11:55:57 -> Handled Command "rip"
