2017-01-26 09:59:37 -> User VeVo logged in.
2017-01-26 10:02:23 -> Handled EnvironmentCreate "ship:user"
2017-01-26 10:02:23 -> Handled GetWelcomeText of "user@ship"
2017-01-26 10:05:23 -> Handled Command "network"
2017-01-26 10:06:10 -> Handled Command "´--help´"
2017-01-26 10:06:19 -> Handled Command "help"
2017-01-26 10:07:26 -> Handled Command "network"
2017-01-26 10:07:52 -> Handled Command "'--help'"
2017-01-26 10:08:39 -> Handled Command "'help'"
2017-01-26 10:08:57 -> Handled Command "'help'."
2017-01-26 10:10:07 -> Handled Command "bash --help'."
2017-01-26 10:10:32 -> Handled Command "revert-time"
2017-01-26 10:10:49 -> Handled Command "'-f'"
2017-01-26 10:11:10 -> Handled Command "'--force'"
2017-01-26 10:12:44 -> Handled Command "'-f'"
2017-01-26 10:12:52 -> Handled Command "'help'"
2017-01-26 10:13:05 -> Handled Command "!help'."
2017-01-26 10:13:15 -> Handled Command "'help'."
2017-01-26 10:13:40 -> Handled Command "revert-time"
2017-01-26 10:14:08 -> Handled Command "'--force'"
2017-01-26 10:16:19 -> Handled Command "--force"
2017-01-26 10:16:26 -> Handled Command "help¨"
2017-01-26 10:16:30 -> Handled Command "help"
2017-01-26 10:16:38 -> Handled Command "bash -- help"
2017-01-26 10:16:55 -> Handled Command "revent-time"
2017-01-26 10:17:28 -> Handled Command "revert-time"
2017-01-26 10:17:33 -> Handled Command "-f"
2017-01-26 10:17:35 -> Handled Command "f"
2017-01-26 10:17:41 -> Handled Command "help."
2017-01-26 10:17:43 -> Handled Command "help"
2017-01-26 10:17:51 -> Handled Command "bashhelp"
2017-01-26 10:18:11 -> Handled Command "bash --help"
2017-01-26 10:20:09 -> Handled Command "revent-time"
2017-01-26 10:20:17 -> Handled Command "reventr-time"
2017-01-26 10:20:32 -> Handled Command "revert-time"
2017-01-26 10:20:37 -> Handled Command "-f"
2017-01-26 10:20:48 -> Handled Command " -f"
2017-01-26 10:21:02 -> Handled Command "--force"
2017-01-26 10:21:06 -> Handled Command "--force"
