2017-01-26 08:05:11 -> Unsuccessful login try with username exit =f.
2017-01-26 08:05:37 -> User mode.test.anty logged in.
2017-01-26 08:08:15 -> Unsuccessful login try with username mode.test.anty.
2017-01-26 09:15:22 -> User BoDa logged in.
2017-01-26 09:17:47 -> Unsuccessful login try with username Hoja power sail.
2017-01-26 09:17:54 -> User HoJa logged in.
2017-01-26 09:24:17 -> User HuPo logged in.
2017-01-26 09:26:07 -> User IvZo logged in.
2017-01-26 09:30:58 -> Unsuccessful login try with username mode.test.8956.
2017-01-26 09:33:09 -> User MiSl logged in.
2017-01-26 09:34:33 -> User VePe logged in.
2017-01-26 09:35:44 -> User PoPr logged in.
2017-01-26 09:40:33 -> Command not found. Command info: {"name":"repeater","type":"set"}
2017-01-26 09:40:33 -> Command not found. Command info: {"name":"repeater","type":"set"}
2017-01-26 09:41:39 -> Command not found. Command info: {"name":"router","type":"set"}
2017-01-26 09:41:39 -> Command not found. Command info: {"name":"router","type":"set"}
2017-01-26 09:42:12 -> User NoSp logged in.
2017-01-26 09:45:12 -> Unsuccessful login try with username SIKr.
2017-01-26 09:45:27 -> Unsuccessful login try with username sIKr.
2017-01-26 09:45:51 -> User HeFi logged in.
2017-01-26 09:45:52 -> Unsuccessful login try with username SIKr.
2017-01-26 09:47:37 -> User MeVo logged in.
2017-01-26 09:48:30 -> User KoHa logged in.
2017-01-26 09:49:38 -> User JiZd logged in.
2017-01-26 09:50:34 -> User MiPe logged in.
2017-01-26 09:51:19 -> Unsuccessful login try with username SIKR.
2017-01-26 09:51:23 -> Unsuccessful login try with username SIKr.
2017-01-26 09:51:47 -> User MeMa logged in.
2017-01-26 09:53:25 -> User SaSu logged in.
2017-01-26 09:53:52 -> Unsuccessful login try with username \laKo.
2017-01-26 09:54:02 -> User Lako logged in.
2017-01-26 09:56:04 -> Command not found. Command info: {"name":"repeater","type":"set"}
2017-01-26 09:56:04 -> Command not found. Command info: {"name":"repeater","type":"set"}
2017-01-26 09:58:15 -> Command not found. Command info: {"name":"router","type":"set"}
2017-01-26 09:58:15 -> Command not found. Command info: {"name":"router","type":"set"}
2017-01-26 09:58:46 -> User HePE logged in.
2017-01-26 09:58:54 -> Unsuccessful login try with username VoVa.
2017-01-26 09:59:27 -> User KrKr logged in.
2017-01-26 09:59:37 -> User VeVo logged in.
2017-01-26 10:01:03 -> User IvBa logged in.
2017-01-26 10:01:09 -> User PaLu logged in.
2017-01-26 10:01:48 -> User ArSz logged in.
2017-01-26 10:02:23 -> User PaWa logged in.
2017-01-26 10:03:32 -> User IvSa logged in.
2017-01-26 10:04:57 -> User NoKr logged in.
2017-01-26 10:05:36 -> User MeAd logged in.
2017-01-26 10:06:26 -> User MuCa logged in.
2017-01-26 10:06:50 -> User PoVl logged in.
2017-01-26 10:07:14 -> User Pabu logged in.
2017-01-26 10:07:23 -> User OsHa logged in.
2017-01-26 10:07:24 -> User LaHe logged in.
2017-01-26 10:07:53 -> Unsuccessful login try with username login arse feelconfider.
2017-01-26 10:07:59 -> User Arse logged in.
2017-01-26 10:08:46 -> User Nokr2 logged in.
2017-01-26 10:10:38 -> Command not found. Command info: {"name":"repeater","type":"set"}
2017-01-26 10:10:38 -> Command not found. Command info: {"name":"repeater","type":"set"}
2017-01-26 10:11:54 -> Command not found. Command info: {"name":"router","type":"set"}
2017-01-26 10:11:54 -> Command not found. Command info: {"name":"router","type":"set"}
2017-01-26 10:13:04 -> User ArHr logged in.
2017-01-26 10:13:20 -> User MiBe logged in.
2017-01-26 10:14:55 -> User Boho logged in.
2017-01-26 10:15:03 -> User NoKr3 logged in.
2017-01-26 10:15:04 -> User PoVl logged in.
2017-01-26 10:15:08 -> User VeEl logged in.
2017-01-26 10:15:31 -> Command not found. Command info: {"name":"router","type":"set"}
2017-01-26 10:15:31 -> Command not found. Command info: {"name":"router","type":"set"}
2017-01-26 10:17:56 -> User HePe logged in.
2017-01-26 10:18:32 -> User JiMa logged in.
2017-01-26 10:19:24 -> User HeZu logged in.
2017-01-26 10:19:31 -> Command not found. Command info: {"name":"router","type":"set"}
2017-01-26 10:19:42 -> Command not found. Command info: {"name":"repeater","type":"set"}
2017-01-26 10:19:42 -> Command not found. Command info: {"name":"repeater","type":"set"}
2017-01-26 10:22:05 -> Command not found. Command info: {"name":"router","type":"set"}
2017-01-26 10:22:05 -> Command not found. Command info: {"name":"router","type":"set"}
2017-01-26 10:22:14 -> User HeSy logged in.
2017-01-26 10:22:26 -> User IvSa logged in.
2017-01-26 10:23:09 -> User JaSy logged in.
2017-01-26 10:23:43 -> User HoBu logged in.
2017-01-26 10:24:05 -> Command not found. Command info: {"name":"router","type":"set"}
2017-01-26 10:24:05 -> Command not found. Command info: {"name":"router","type":"set"}
2017-01-26 10:24:31 -> Unsuccessful login try with username (IvKo).
2017-01-26 10:24:35 -> User IvKo logged in.
2017-01-26 10:24:57 -> Command not found. Command info: {"name":"repeater","type":"set"}
2017-01-26 10:24:57 -> Command not found. Command info: {"name":"repeater","type":"set"}
2017-01-26 10:25:23 -> Command not found. Command info: {"name":"router","type":"set"}
2017-01-26 10:25:23 -> Command not found. Command info: {"name":"router","type":"set"}
2017-01-26 10:25:47 -> User KrKu logged in.
2017-01-26 10:26:34 -> Command not found. Command info: {"name":"repeater","type":"set"}
2017-01-26 10:26:34 -> Command not found. Command info: {"name":"repeater","type":"set"}
2017-01-26 10:26:39 -> User ArGr logged in.
2017-01-26 10:27:15 -> Unsuccessful login try with username lvCh.
2017-01-26 10:27:25 -> User IvCh logged in.
2017-01-26 10:27:39 -> Unsuccessful login try with username petr.
2017-01-26 10:28:01 -> Unsuccessful login try with username Petr Proks.
2017-01-26 10:28:05 -> Unsuccessful login try with username KoSa.
2017-01-26 10:28:14 -> User SmPr logged in.
2017-01-26 10:28:48 -> Unsuccessful login try with username KoSa.
2017-01-26 10:28:51 -> Unsuccessful login try with username KoSa.
2017-01-26 10:28:56 -> Unsuccessful login try with username hear strong.
2017-01-26 10:28:57 -> User MeVo logged in.
2017-01-26 10:29:20 -> User KoSe logged in.
2017-01-26 10:30:14 -> Command not found. Command info: {"name":"router","type":"set"}
2017-01-26 10:30:14 -> Command not found. Command info: {"name":"router","type":"set"}
2017-01-26 10:30:19 -> Unsuccessful login try with username bla.
2017-01-26 10:30:27 -> Unsuccessful login try with username 5.
2017-01-26 10:30:37 -> User HrPe logged in.
2017-01-26 10:30:38 -> Command not found. Command info: {"name":"router","type":"set"}
2017-01-26 10:30:55 -> Command not found. Command info: {"name":"router","type":"set"}
2017-01-26 10:30:55 -> Command not found. Command info: {"name":"router","type":"set"}
2017-01-26 10:30:56 -> User nose logged in.
2017-01-26 10:33:43 -> User SaPo logged in.
2017-01-26 10:34:39 -> User HoMu logged in.
2017-01-26 10:34:48 -> Command not found. Command info: {"name":"repeater","type":"set"}
2017-01-26 10:34:48 -> Command not found. Command info: {"name":"repeater","type":"set"}
2017-01-26 10:36:10 -> User BoHo logged in.
2017-01-26 10:36:47 -> Command not found. Command info: {"name":"router","type":"set"}
2017-01-26 10:36:47 -> Command not found. Command info: {"name":"router","type":"set"}
2017-01-26 10:37:21 -> Command not found. Command info: {"name":"repeater","type":"set"}
2017-01-26 10:37:21 -> Command not found. Command info: {"name":"repeater","type":"set"}
2017-01-26 10:38:13 -> Command not found. Command info: {"name":"router","type":"set"}
2017-01-26 10:38:13 -> Command not found. Command info: {"name":"router","type":"set"}
2017-01-26 10:38:28 -> Unsuccessful login try with username .
2017-01-26 10:38:46 -> User HuPo logged in.
2017-01-26 10:38:47 -> Unsuccessful login try with username BIHr.
2017-01-26 10:39:01 -> Unsuccessful login try with username Daniel Hrdlička.
2017-01-26 10:39:24 -> User HoFi logged in.
2017-01-26 10:39:30 -> Unsuccessful login try with username bihr.
2017-01-26 10:40:09 -> User PoPr logged in.
2017-01-26 10:40:33 -> Unsuccessful login try with username Bihr.
2017-01-26 10:40:34 -> Unsuccessful login try with username .
2017-01-26 10:40:35 -> Unsuccessful login try with username .
2017-01-26 10:40:35 -> Unsuccessful login try with username .
2017-01-26 10:40:35 -> Unsuccessful login try with username .
2017-01-26 10:40:35 -> Unsuccessful login try with username .
2017-01-26 10:40:35 -> Unsuccessful login try with username .
2017-01-26 10:40:35 -> Unsuccessful login try with username .
2017-01-26 10:40:35 -> Unsuccessful login try with username .
2017-01-26 10:40:35 -> Unsuccessful login try with username .
2017-01-26 10:40:35 -> Unsuccessful login try with username .
2017-01-26 10:40:35 -> Unsuccessful login try with username .
2017-01-26 10:40:35 -> Unsuccessful login try with username .
2017-01-26 10:40:35 -> Unsuccessful login try with username .
2017-01-26 10:40:36 -> Unsuccessful login try with username .
2017-01-26 10:40:36 -> Unsuccessful login try with username .
2017-01-26 10:40:36 -> Unsuccessful login try with username .
2017-01-26 10:40:36 -> Unsuccessful login try with username .
2017-01-26 10:40:36 -> Unsuccessful login try with username .
2017-01-26 10:40:36 -> Unsuccessful login try with username .
2017-01-26 10:40:36 -> Unsuccessful login try with username .
2017-01-26 10:40:36 -> Unsuccessful login try with username .
2017-01-26 10:40:36 -> Unsuccessful login try with username .
2017-01-26 10:40:36 -> Unsuccessful login try with username .
2017-01-26 10:40:36 -> Unsuccessful login try with username .
2017-01-26 10:40:36 -> Unsuccessful login try with username .
2017-01-26 10:40:36 -> Unsuccessful login try with username .
2017-01-26 10:40:36 -> Unsuccessful login try with username .
2017-01-26 10:40:36 -> Unsuccessful login try with username .
2017-01-26 10:40:36 -> Unsuccessful login try with username .
2017-01-26 10:40:36 -> Unsuccessful login try with username .
2017-01-26 10:40:36 -> Unsuccessful login try with username .
2017-01-26 10:40:36 -> Unsuccessful login try with username .
2017-01-26 10:40:36 -> Unsuccessful login try with username .
2017-01-26 10:40:36 -> Unsuccessful login try with username .
2017-01-26 10:40:36 -> Unsuccessful login try with username .
2017-01-26 10:40:36 -> Unsuccessful login try with username .
2017-01-26 10:40:36 -> Unsuccessful login try with username .
2017-01-26 10:40:36 -> Unsuccessful login try with username .
2017-01-26 10:40:37 -> Unsuccessful login try with username .
2017-01-26 10:40:37 -> Unsuccessful login try with username .
2017-01-26 10:41:53 -> Command not found. Command info: {"name":"repeater","type":"set"}
2017-01-26 10:41:53 -> Command not found. Command info: {"name":"repeater","type":"set"}
2017-01-26 10:43:40 -> Command not found. Command info: {"name":"repeater","type":"set"}
2017-01-26 10:43:40 -> Command not found. Command info: {"name":"repeater","type":"set"}
2017-01-26 10:45:18 -> Command not found. Command info: {"name":"router","type":"set"}
2017-01-26 10:45:18 -> Command not found. Command info: {"name":"router","type":"set"}
2017-01-26 10:45:49 -> Command not found. Command info: {"name":"repeater","type":"set"}
2017-01-26 10:45:49 -> Command not found. Command info: {"name":"repeater","type":"set"}
2017-01-26 10:46:52 -> Command not found. Command info: {"name":"router","type":"set"}
2017-01-26 10:46:52 -> Command not found. Command info: {"name":"router","type":"set"}
2017-01-26 10:50:11 -> Command not found. Command info: {"name":"router","type":"set"}
2017-01-26 10:50:11 -> Command not found. Command info: {"name":"router","type":"set"}
2017-01-26 10:50:48 -> User HeZu logged in.
2017-01-26 10:53:48 -> Command not found. Command info: {"name":"repeater","type":"set"}
2017-01-26 10:53:48 -> Command not found. Command info: {"name":"repeater","type":"set"}
2017-01-26 10:54:33 -> Command not found. Command info: {"name":"router","type":"set"}
2017-01-26 10:54:33 -> Command not found. Command info: {"name":"router","type":"set"}
2017-01-26 10:54:58 -> Command not found. Command info: {"name":"router","type":"set"}
2017-01-26 10:55:08 -> Command not found. Command info: {"name":"router","type":"set"}
2017-01-26 10:55:50 -> Command not found. Command info: {"name":"router","type":"set"}
2017-01-26 10:55:50 -> Command not found. Command info: {"name":"router","type":"set"}
2017-01-26 10:57:10 -> Command not found. Command info: {"name":"repeater","type":"set"}
2017-01-26 10:57:10 -> Command not found. Command info: {"name":"repeater","type":"set"}
2017-01-26 10:58:10 -> User MeMa logged in.
2017-01-26 11:00:15 -> Command not found. Command info: {"name":"router","type":"set"}
2017-01-26 11:00:15 -> Command not found. Command info: {"name":"router","type":"set"}
2017-01-26 11:00:34 -> User HoJa logged in.
2017-01-26 11:03:49 -> User nose logged in.
2017-01-26 11:04:10 -> Command not found. Command info: {"name":"router","type":"set"}
2017-01-26 11:04:10 -> Command not found. Command info: {"name":"router","type":"set"}
2017-01-26 11:06:02 -> Unsuccessful login try with username network --help.
2017-01-26 11:06:18 -> User BoDa logged in.
2017-01-26 11:08:26 -> Unsuccessful login try with username /revert-time -f.
2017-01-26 11:08:32 -> User VePe logged in.
2017-01-26 11:10:38 -> User SaSu logged in.
2017-01-26 11:12:15 -> Command not found. Command info: {"name":"router","type":"set"}
2017-01-26 11:12:15 -> Command not found. Command info: {"name":"router","type":"set"}
2017-01-26 11:12:50 -> Command not found. Command info: {"name":"repeater","type":"set"}
2017-01-26 11:12:50 -> Command not found. Command info: {"name":"repeater","type":"set"}
2017-01-26 11:13:34 -> User NoSe logged in.
2017-01-26 11:14:41 -> Command not found. Command info: {"name":"router","type":"set"}
2017-01-26 11:14:41 -> Command not found. Command info: {"name":"router","type":"set"}
2017-01-26 11:15:11 -> Command not found. Command info: {"name":"router","type":"set"}
2017-01-26 11:15:11 -> Command not found. Command info: {"name":"router","type":"set"}
2017-01-26 11:15:19 -> Unsuccessful login try with username SIKR.
2017-01-26 11:15:22 -> Unsuccessful login try with username sikr.
2017-01-26 11:15:52 -> User IvSa logged in.
2017-01-26 11:16:08 -> Unsuccessful login try with username SIKr.
2017-01-26 11:16:26 -> Unsuccessful login try with username SiKr.
2017-01-26 11:17:46 -> Unsuccessful login try with username ssh --help.
2017-01-26 11:17:55 -> User HeFi logged in.
2017-01-26 11:18:19 -> Unsuccessful login try with username sIkR.
2017-01-26 11:19:18 -> Unsuccessful login try with username SIKr.
2017-01-26 11:21:25 -> Command not found. Command info: {"name":"router","type":"set"}
2017-01-26 11:21:25 -> Command not found. Command info: {"name":"router","type":"set"}
2017-01-26 11:24:08 -> User SlkR logged in.
2017-01-26 11:24:44 -> Unsuccessful login try with username lvCh.
2017-01-26 11:24:49 -> User IvCh logged in.
2017-01-26 11:25:27 -> User IvSa logged in.
2017-01-26 11:25:27 -> User PaBU logged in.
2017-01-26 11:26:14 -> exception 'ErrorException' with message 'Object of class stdClass could not be converted to string' in /var/www/purkiada/starwars8/uloha3/class/command/CatCommand.php:44
Stack trace:
#0 [internal function]: {closure}(4096, 'Object of class...', '/var/www/purkia...', 44, Array)
#1 /var/www/purkiada/starwars8/uloha3/class/command/CatCommand.php(44): implode(Array)
#2 /var/www/purkiada/starwars8/uloha3/class/EnvironmentInfo.php(249): CatCommand->doCommand(Object(Terminal), Object(EnvironmentInfo), '..')
#3 /var/www/purkiada/starwars8/uloha3/class/bash/JsonBash.php(50): EnvironmentInfo->executeCommand(Object(Terminal), 'cat ..')
#4 /var/www/purkiada/starwars8/uloha3/class/Terminal.php(145): JsonBash->handleInput(Object(Terminal), 'cat ..')
#5 /var/www/purkiada/starwars8/uloha3/proceed/command.php(5): Terminal->handleInput('cat ..')
#6 {main}
2017-01-26 11:28:14 -> Command not found. Command info: {"name":"repeater","type":"set"}
2017-01-26 11:28:14 -> Command not found. Command info: {"name":"repeater","type":"set"}
2017-01-26 11:29:04 -> Command not found. Command info: {"name":"router","type":"set"}
2017-01-26 11:29:04 -> Command not found. Command info: {"name":"router","type":"set"}
2017-01-26 11:29:50 -> Command not found. Command info: {"name":"router","type":"set"}
2017-01-26 11:29:50 -> Command not found. Command info: {"name":"router","type":"set"}
2017-01-26 11:31:53 -> User HeZu logged in.
2017-01-26 11:32:12 -> User MeVo logged in.
2017-01-26 11:32:36 -> User PaBu logged in.
2017-01-26 11:33:11 -> Unsuccessful login try with username SlIr.
2017-01-26 11:33:29 -> exception 'ErrorException' with message 'in_array() expects parameter 2 to be array, boolean given' in /var/www/purkiada/starwars8/uloha3/class/command/TerminalCommand.php:235
Stack trace:
#0 [internal function]: {closure}(2, 'in_array() expe...', '/var/www/purkia...', 235, Array)
#1 /var/www/purkiada/starwars8/uloha3/class/command/TerminalCommand.php(235): in_array('d', false)
#2 /var/www/purkiada/starwars8/uloha3/class/command/LnCommand.php(40): resolvePath('Documents', Object(EnvironmentInfo), true, true, true, false)
#3 /var/www/purkiada/starwars8/uloha3/class/EnvironmentInfo.php(249): LnCommand->doCommand(Object(Terminal), Object(EnvironmentInfo), '700 Documents')
#4 /var/www/purkiada/starwars8/uloha3/class/bash/JsonBash.php(50): EnvironmentInfo->executeCommand(Object(Terminal), 'ln 700 Document...')
#5 /var/www/purkiada/starwars8/uloha3/class/Terminal.php(145): JsonBash->handleInput(Object(Terminal), 'ln 700 Document...')
#6 /var/www/purkiada/starwars8/uloha3/proceed/command.php(5): Terminal->handleInput('ln 700 Document...')
#7 {main}
2017-01-26 11:33:36 -> User SlKr logged in.
2017-01-26 11:34:25 -> exception 'ErrorException' with message 'in_array() expects parameter 2 to be array, boolean given' in /var/www/purkiada/starwars8/uloha3/class/command/TerminalCommand.php:235
Stack trace:
#0 [internal function]: {closure}(2, 'in_array() expe...', '/var/www/purkia...', 235, Array)
#1 /var/www/purkiada/starwars8/uloha3/class/command/TerminalCommand.php(235): in_array('d', false)
#2 /var/www/purkiada/starwars8/uloha3/class/command/LnCommand.php(40): resolvePath('Documents', Object(EnvironmentInfo), true, true, true, false)
#3 /var/www/purkiada/starwars8/uloha3/class/EnvironmentInfo.php(249): LnCommand->doCommand(Object(Terminal), Object(EnvironmentInfo), '777 Documents')
#4 /var/www/purkiada/starwars8/uloha3/class/bash/JsonBash.php(50): EnvironmentInfo->executeCommand(Object(Terminal), 'ln 777 Document...')
#5 /var/www/purkiada/starwars8/uloha3/class/Terminal.php(145): JsonBash->handleInput(Object(Terminal), 'ln 777 Document...')
#6 /var/www/purkiada/starwars8/uloha3/proceed/command.php(5): Terminal->handleInput('ln 777 Document...')
#7 {main}
2017-01-26 11:34:40 -> exception 'ErrorException' with message 'in_array() expects parameter 2 to be array, boolean given' in /var/www/purkiada/starwars8/uloha3/class/command/TerminalCommand.php:235
Stack trace:
#0 [internal function]: {closure}(2, 'in_array() expe...', '/var/www/purkia...', 235, Array)
#1 /var/www/purkiada/starwars8/uloha3/class/command/TerminalCommand.php(235): in_array('d', false)
#2 /var/www/purkiada/starwars8/uloha3/class/command/LnCommand.php(40): resolvePath('Documents', Object(EnvironmentInfo), true, true, true, false)
#3 /var/www/purkiada/starwars8/uloha3/class/EnvironmentInfo.php(249): LnCommand->doCommand(Object(Terminal), Object(EnvironmentInfo), '600 Documents')
#4 /var/www/purkiada/starwars8/uloha3/class/bash/JsonBash.php(50): EnvironmentInfo->executeCommand(Object(Terminal), 'ln 600 Document...')
#5 /var/www/purkiada/starwars8/uloha3/class/Terminal.php(145): JsonBash->handleInput(Object(Terminal), 'ln 600 Document...')
#6 /var/www/purkiada/starwars8/uloha3/proceed/command.php(5): Terminal->handleInput('ln 600 Document...')
#7 {main}
2017-01-26 11:34:52 -> Command not found. Command info: {"name":"repeater","type":"set"}
2017-01-26 11:34:52 -> Command not found. Command info: {"name":"repeater","type":"set"}
2017-01-26 11:34:55 -> exception 'ErrorException' with message 'in_array() expects parameter 2 to be array, boolean given' in /var/www/purkiada/starwars8/uloha3/class/command/TerminalCommand.php:235
Stack trace:
#0 [internal function]: {closure}(2, 'in_array() expe...', '/var/www/purkia...', 235, Array)
#1 /var/www/purkiada/starwars8/uloha3/class/command/TerminalCommand.php(235): in_array('d', false)
#2 /var/www/purkiada/starwars8/uloha3/class/command/LnCommand.php(40): resolvePath('Documents', Object(EnvironmentInfo), true, true, true, false)
#3 /var/www/purkiada/starwars8/uloha3/class/EnvironmentInfo.php(249): LnCommand->doCommand(Object(Terminal), Object(EnvironmentInfo), '604 Documents')
#4 /var/www/purkiada/starwars8/uloha3/class/bash/JsonBash.php(50): EnvironmentInfo->executeCommand(Object(Terminal), 'ln 604 Document...')
#5 /var/www/purkiada/starwars8/uloha3/class/Terminal.php(145): JsonBash->handleInput(Object(Terminal), 'ln 604 Document...')
#6 /var/www/purkiada/starwars8/uloha3/proceed/command.php(5): Terminal->handleInput('ln 604 Document...')
#7 {main}
2017-01-26 11:36:08 -> exception 'ErrorException' with message 'in_array() expects parameter 2 to be array, boolean given' in /var/www/purkiada/starwars8/uloha3/class/command/TerminalCommand.php:235
Stack trace:
#0 [internal function]: {closure}(2, 'in_array() expe...', '/var/www/purkia...', 235, Array)
#1 /var/www/purkiada/starwars8/uloha3/class/command/TerminalCommand.php(235): in_array('d', false)
#2 /var/www/purkiada/starwars8/uloha3/class/command/LnCommand.php(40): resolvePath('Documents', Object(EnvironmentInfo), true, true, true, false)
#3 /var/www/purkiada/starwars8/uloha3/class/EnvironmentInfo.php(249): LnCommand->doCommand(Object(Terminal), Object(EnvironmentInfo), '777 Documents')
#4 /var/www/purkiada/starwars8/uloha3/class/bash/JsonBash.php(50): EnvironmentInfo->executeCommand(Object(Terminal), 'ln 777 Document...')
#5 /var/www/purkiada/starwars8/uloha3/class/Terminal.php(145): JsonBash->handleInput(Object(Terminal), 'ln 777 Document...')
#6 /var/www/purkiada/starwars8/uloha3/proceed/command.php(5): Terminal->handleInput('ln 777 Document...')
#7 {main}
2017-01-26 11:36:09 -> Command not found. Command info: {"name":"router","type":"set"}
2017-01-26 11:36:09 -> Command not found. Command info: {"name":"router","type":"set"}
2017-01-26 11:36:14 -> exception 'ErrorException' with message 'in_array() expects parameter 2 to be array, boolean given' in /var/www/purkiada/starwars8/uloha3/class/command/TerminalCommand.php:235
Stack trace:
#0 [internal function]: {closure}(2, 'in_array() expe...', '/var/www/purkia...', 235, Array)
#1 /var/www/purkiada/starwars8/uloha3/class/command/TerminalCommand.php(235): in_array('d', false)
#2 /var/www/purkiada/starwars8/uloha3/class/command/LnCommand.php(40): resolvePath('Documents', Object(EnvironmentInfo), true, true, true, false)
#3 /var/www/purkiada/starwars8/uloha3/class/EnvironmentInfo.php(249): LnCommand->doCommand(Object(Terminal), Object(EnvironmentInfo), '666 Documents')
#4 /var/www/purkiada/starwars8/uloha3/class/bash/JsonBash.php(50): EnvironmentInfo->executeCommand(Object(Terminal), 'ln 666 Document...')
#5 /var/www/purkiada/starwars8/uloha3/class/Terminal.php(145): JsonBash->handleInput(Object(Terminal), 'ln 666 Document...')
#6 /var/www/purkiada/starwars8/uloha3/proceed/command.php(5): Terminal->handleInput('ln 666 Document...')
#7 {main}
2017-01-26 11:36:45 -> User MeMa logged in.
2017-01-26 11:37:58 -> User NoKr2 logged in.
2017-01-26 11:43:26 -> User HeFi logged in.
2017-01-26 11:44:25 -> User IvSa logged in.
2017-01-26 11:45:40 -> Command not found. Command info: {"name":"router","type":"set"}
2017-01-26 11:45:40 -> Command not found. Command info: {"name":"router","type":"set"}
2017-01-26 11:48:26 -> User PaWa logged in.
2017-01-26 11:48:28 -> User NoSp logged in.
2017-01-26 11:48:42 -> Command not found. Command info: {"name":"router","type":"set"}
2017-01-26 11:48:42 -> Command not found. Command info: {"name":"router","type":"set"}
2017-01-26 11:49:13 -> Command not found. Command info: {"name":"repeater","type":"set"}
2017-01-26 11:49:13 -> Command not found. Command info: {"name":"repeater","type":"set"}
2017-01-26 11:50:26 -> Command not found. Command info: {"name":"repeater","type":"set"}
2017-01-26 11:50:26 -> Command not found. Command info: {"name":"repeater","type":"set"}
2017-01-26 11:50:45 -> Command not found. Command info: {"name":"router","type":"set"}
2017-01-26 11:50:45 -> Command not found. Command info: {"name":"router","type":"set"}
2017-01-26 11:50:46 -> User SaSu logged in.
2017-01-26 11:51:42 -> User MiSl logged in.
2017-01-26 11:51:50 -> Command not found. Command info: {"name":"router","type":"set"}
2017-01-26 11:51:50 -> Command not found. Command info: {"name":"router","type":"set"}
2017-01-26 11:52:35 -> Command not found. Command info: {"name":"repeater","type":"set"}
2017-01-26 11:52:35 -> Command not found. Command info: {"name":"repeater","type":"set"}
2017-01-26 11:54:00 -> Command not found. Command info: {"name":"router","type":"set"}
2017-01-26 11:54:00 -> Command not found. Command info: {"name":"router","type":"set"}
2017-01-26 11:54:03 -> Command not found. Command info: {"name":"router","type":"set"}
2017-01-26 11:54:03 -> Command not found. Command info: {"name":"router","type":"set"}
2017-01-26 11:54:15 -> User NoSp logged in.
2017-01-26 13:57:21 -> Unsuccessful login try with username VeEl.
2017-01-26 14:17:25 -> User mode.test.testUserName logged in.
2017-01-26 15:58:15 -> Unsuccessful login try with username KoHa.
2017-01-26 15:58:20 -> Unsuccessful login try with username KoHa.
2017-01-26 17:32:46 -> Unsuccessful login try with username lukas.hanak.
2017-01-26 17:32:50 -> Unsuccessful login try with username hanak.lukas.
2017-01-26 17:32:53 -> Unsuccessful login try with username hadf.
2017-01-26 17:32:55 -> Unsuccessful login try with username stud.
2017-01-26 17:32:58 -> Unsuccessful login try with username xstudent.
2017-01-26 17:46:39 -> User mode.test.hguishgisf logged in.
2017-01-26 17:51:22 -> Command not found. Command info: {"name":"repeater","type":"set"}
2017-01-26 17:51:22 -> Command not found. Command info: {"name":"repeater","type":"set"}
2017-01-26 17:52:12 -> Command not found. Command info: {"name":"router","type":"set"}
2017-01-26 17:52:12 -> Command not found. Command info: {"name":"router","type":"set"}
2017-01-26 18:38:52 -> User mode.test.test03258 logged in.
2017-01-26 18:47:48 -> Command not found. Command info: {"name":"repeater","type":"set"}
2017-01-26 18:47:48 -> Command not found. Command info: {"name":"repeater","type":"set"}
2017-01-26 18:48:59 -> Command not found. Command info: {"name":"router","type":"set"}
2017-01-26 18:48:59 -> Command not found. Command info: {"name":"router","type":"set"}
2017-01-26 19:11:50 -> Unsuccessful login try with username user.
2017-01-26 19:11:54 -> Unsuccessful login try with username hoja.
2017-01-26 19:12:42 -> Unsuccessful login try with username ArSe.
2017-01-26 19:13:03 -> Unsuccessful login try with username ArSe.
2017-01-26 19:13:40 -> User mode.test.testUserName logged in.
2017-01-26 19:14:53 -> Command not found. Command info: {"name":"repeater","type":"set"}
2017-01-26 19:15:10 -> Command not found. Command info: {"name":"repeater","type":"set"}
2017-01-26 19:15:10 -> Command not found. Command info: {"name":"repeater","type":"set"}
2017-01-26 19:16:25 -> Command not found. Command info: {"name":"router","type":"set"}
2017-01-26 19:16:25 -> Command not found. Command info: {"name":"router","type":"set"}
2017-01-26 20:27:58 -> User mode.test.testUserName logged in.
2017-01-26 20:39:07 -> Command not found. Command info: {"name":"repeater","type":"set"}
2017-01-26 20:39:07 -> Command not found. Command info: {"name":"repeater","type":"set"}
2017-01-26 20:42:03 -> Command not found. Command info: {"name":"router","type":"set"}
2017-01-26 20:42:03 -> Command not found. Command info: {"name":"router","type":"set"}
2017-01-26 22:20:54 -> User mode.test.testUserName logged in.
2017-01-27 08:02:31 -> Unsuccessful login try with username Aaaa.
2017-01-27 08:02:38 -> Unsuccessful login try with username Test.
2017-01-27 10:55:52 -> Unsuccessful login try with username fasa.
2017-01-27 10:56:00 -> Unsuccessful login try with username xfasur1.
2017-01-27 10:56:31 -> User mode.test.testUserName logged in.
2017-01-27 11:03:29 -> Unsuccessful login try with username xfasur1.
2017-01-27 11:03:33 -> Unsuccessful login try with username help.
2017-01-27 11:03:41 -> Unsuccessful login try with username xfasur1.
2017-01-27 11:03:43 -> Unsuccessful login try with username aaa.
2017-01-27 11:03:48 -> Unsuccessful login try with username fasura.dominik.
2017-01-27 11:22:33 -> Unsuccessful login try with username NoKr2.
2017-01-27 13:01:30 -> User mode.test.pokemon logged in.
2017-01-27 13:38:50 -> Unsuccessful login try with username help.
2017-01-27 13:39:01 -> Unsuccessful login try with username /help.
2017-01-27 13:40:32 -> Unsuccessful login try with username hojang.
2017-01-27 13:40:46 -> User mode.test.ahoj logged in.
2017-01-27 14:10:09 -> Unsuccessful login try with username SaPo.
2017-01-27 14:19:47 -> Unsuccessful login try with username .
2017-01-27 14:19:55 -> Unsuccessful login try with username startana.
2017-01-27 14:20:09 -> Unsuccessful login try with username login.test.ahoj.
2017-01-27 14:20:27 -> Unsuccessful login try with username mod.test.ahoj.
2017-01-27 14:20:47 -> Unsuccessful login try with username mot.test.ahoj.
2017-01-27 14:21:07 -> Unsuccessful login try with username mod.test.ahojky.
2017-01-27 14:21:46 -> User mode.test.1234 logged in.
2017-01-27 15:44:59 -> Unsuccessful login try with username SaPo.
2017-01-27 16:27:21 -> User mode.test.test123 logged in.
2017-01-27 16:31:45 -> Command not found. Command info: {"name":"repeater","type":"set"}
2017-01-27 16:31:45 -> Command not found. Command info: {"name":"repeater","type":"set"}
2017-01-27 16:33:15 -> Command not found. Command info: {"name":"router","type":"set"}
2017-01-27 16:33:15 -> Command not found. Command info: {"name":"router","type":"set"}
2017-01-29 10:49:21 -> Unsuccessful login try with username MeVo.
2017-01-29 10:49:42 -> User mode.test.Pokud999 logged in.
2017-01-29 10:53:39 -> Unsuccessful login try with username .
2017-01-29 10:53:41 -> Unsuccessful login try with username .
2017-01-29 10:53:42 -> Unsuccessful login try with username ccx.
2017-01-29 10:53:44 -> Unsuccessful login try with username cccccccccccc.
2017-01-29 10:53:45 -> Unsuccessful login try with username dddddddd.
2017-01-29 10:54:32 -> Command not found. Command info: {"name":"repeater","type":"set"}
2017-01-29 10:54:32 -> Command not found. Command info: {"name":"repeater","type":"set"}
2017-01-29 10:56:21 -> Command not found. Command info: {"name":"router","type":"set"}
2017-01-29 10:56:21 -> Command not found. Command info: {"name":"router","type":"set"}
2017-01-29 10:59:30 -> Command not found. Command info: {"name":"router","type":"set"}
2017-01-29 10:59:30 -> Command not found. Command info: {"name":"router","type":"set"}
2017-01-29 11:04:25 -> Command not found. Command info: {"name":"router","type":"set"}
2017-01-29 11:04:25 -> Command not found. Command info: {"name":"router","type":"set"}
2017-01-30 14:26:40 -> User mode.test.testUserName logged in.
2017-01-30 17:32:02 -> Unsuccessful login try with username lahe.
2017-01-30 18:00:04 -> Unsuccessful login try with username hh.
2017-01-30 19:46:52 -> Unsuccessful login try with username test.
2017-01-30 19:46:55 -> Unsuccessful login try with username admin.
2017-01-31 09:53:14 -> Unsuccessful login try with username 7.
2017-01-31 09:53:20 -> Unsuccessful login try with username testUserName.
2017-01-31 09:53:26 -> Unsuccessful login try with username root¨.
2017-01-31 09:53:29 -> Unsuccessful login try with username root.
2017-01-31 09:53:31 -> Unsuccessful login try with username *.
2017-01-31 09:53:33 -> Unsuccessful login try with username fuckyou.
2017-01-31 09:53:35 -> Unsuccessful login try with username admin4.
2017-01-31 09:53:37 -> Unsuccessful login try with username admin.
2017-01-31 09:53:40 -> Unsuccessful login try with username halp.
2017-01-31 09:53:42 -> Unsuccessful login try with username help.
2017-01-31 09:53:44 -> Unsuccessful login try with username ?.
2017-01-31 09:53:46 -> Unsuccessful login try with username .
2017-01-31 09:53:46 -> Unsuccessful login try with username .
2017-01-31 09:53:46 -> Unsuccessful login try with username .
2017-01-31 09:53:46 -> Unsuccessful login try with username .
2017-01-31 09:53:47 -> Unsuccessful login try with username .
2017-01-31 09:53:47 -> Unsuccessful login try with username .
2017-01-31 09:53:47 -> Unsuccessful login try with username .
2017-01-31 09:53:47 -> Unsuccessful login try with username .
2017-01-31 09:53:47 -> Unsuccessful login try with username .
2017-01-31 09:53:48 -> Unsuccessful login try with username .
2017-01-31 09:53:48 -> Unsuccessful login try with username .
2017-01-31 09:53:49 -> Unsuccessful login try with username .
2017-01-31 09:53:49 -> Unsuccessful login try with username .
2017-01-31 09:53:49 -> Unsuccessful login try with username .
2017-01-31 09:53:49 -> Unsuccessful login try with username .
2017-01-31 09:53:49 -> Unsuccessful login try with username .
2017-01-31 09:53:49 -> Unsuccessful login try with username .
2017-01-31 09:53:49 -> Unsuccessful login try with username .
2017-01-31 09:53:50 -> Unsuccessful login try with username .
2017-01-31 09:53:51 -> Unsuccessful login try with username .
2017-01-31 09:53:51 -> Unsuccessful login try with username .
2017-01-31 09:53:51 -> Unsuccessful login try with username .
2017-01-31 09:53:51 -> Unsuccessful login try with username .
2017-01-31 09:53:52 -> Unsuccessful login try with username .
2017-01-31 09:53:53 -> Unsuccessful login try with username .
2017-01-31 09:53:53 -> Unsuccessful login try with username .
2017-01-31 09:53:54 -> Unsuccessful login try with username .
2017-01-31 09:53:55 -> Unsuccessful login try with username .
2017-01-31 09:53:56 -> Unsuccessful login try with username .
2017-01-31 09:53:58 -> Unsuccessful login try with username .
2017-01-31 09:53:58 -> Unsuccessful login try with username .
2017-01-31 09:53:59 -> Unsuccessful login try with username .
2017-01-31 09:54:00 -> Unsuccessful login try with username .
2017-01-31 09:54:00 -> Unsuccessful login try with username .
2017-01-31 09:54:00 -> Unsuccessful login try with username .
2017-01-31 09:54:00 -> Unsuccessful login try with username .
2017-01-31 09:54:00 -> Unsuccessful login try with username .
2017-01-31 09:54:01 -> Unsuccessful login try with username .
2017-01-31 09:54:01 -> Unsuccessful login try with username .
2017-01-31 09:54:01 -> Unsuccessful login try with username .
2017-01-31 09:54:01 -> Unsuccessful login try with username .
2017-01-31 09:54:01 -> Unsuccessful login try with username .
2017-01-31 09:54:01 -> Unsuccessful login try with username .
2017-01-31 09:54:01 -> Unsuccessful login try with username .
2017-01-31 09:54:02 -> Unsuccessful login try with username .
2017-01-31 09:54:02 -> Unsuccessful login try with username .
2017-01-31 09:54:02 -> Unsuccessful login try with username .
2017-01-31 09:54:02 -> Unsuccessful login try with username .
2017-01-31 09:54:03 -> Unsuccessful login try with username .
2017-01-31 09:54:03 -> Unsuccessful login try with username .
2017-01-31 09:54:03 -> Unsuccessful login try with username .
2017-01-31 09:54:03 -> Unsuccessful login try with username .
2017-01-31 09:54:03 -> Unsuccessful login try with username .
2017-01-31 09:54:04 -> Unsuccessful login try with username .
2017-01-31 09:54:04 -> Unsuccessful login try with username .
2017-01-31 09:54:05 -> Unsuccessful login try with username .
2017-01-31 09:54:05 -> Unsuccessful login try with username .
2017-01-31 09:54:05 -> Unsuccessful login try with username .
2017-01-31 09:54:05 -> Unsuccessful login try with username .
2017-01-31 09:54:06 -> Unsuccessful login try with username .
2017-01-31 09:54:06 -> Unsuccessful login try with username .
2017-01-31 09:54:07 -> Unsuccessful login try with username .
2017-01-31 09:54:07 -> Unsuccessful login try with username .
2017-01-31 09:54:07 -> Unsuccessful login try with username .
2017-01-31 09:54:07 -> Unsuccessful login try with username .
2017-01-31 09:54:07 -> Unsuccessful login try with username .
2017-01-31 09:54:07 -> Unsuccessful login try with username .
2017-01-31 09:54:07 -> Unsuccessful login try with username .
2017-01-31 09:54:08 -> Unsuccessful login try with username .
2017-01-31 09:54:10 -> Unsuccessful login try with username .
2017-01-31 09:54:10 -> Unsuccessful login try with username .
2017-01-31 09:54:10 -> Unsuccessful login try with username .
2017-01-31 09:54:12 -> Unsuccessful login try with username ¨4¨4¨4¨.
2017-01-31 09:54:12 -> Unsuccessful login try with username .
2017-01-31 20:37:13 -> Unsuccessful login try with username .
2017-01-31 20:37:14 -> Unsuccessful login try with username .
2017-02-01 10:38:26 -> Unsuccessful login try with username purkyada.
2017-02-01 14:48:55 -> User mode.test.aaa logged in.
2017-02-01 15:03:08 -> User mode.test.aaa logged in.
2017-02-02 08:05:42 -> User mode.test.anty logged in.
2017-02-02 08:12:44 -> Command not found. Command info: {"name":"repeater","type":"set"}
2017-02-02 08:12:44 -> Command not found. Command info: {"name":"repeater","type":"set"}
2017-02-02 08:13:40 -> Command not found. Command info: {"name":"router","type":"set"}
2017-02-02 08:13:40 -> Command not found. Command info: {"name":"router","type":"set"}
2017-02-02 11:21:44 -> Unsuccessful login try with username test.
2017-02-02 11:21:49 -> Unsuccessful login try with username blesk.
2017-02-02 11:23:22 -> User mode.test.testUserName logged in.
2017-02-02 14:46:19 -> Unsuccessful login try with username mode.test.
2017-02-02 14:46:29 -> User mode.test.allahusnackbar logged in.
2017-02-03 21:14:34 -> User mode.test.TestCSSName logged in.
2017-02-04 15:12:56 -> Unsuccessful login try with username ZiBro.
2017-02-04 15:13:00 -> Unsuccessful login try with username VePe.
2017-02-04 15:25:09 -> User mode.test.testUserName logged in.
2017-02-06 22:08:12 -> User mode.test.ja logged in.
2017-02-06 22:14:25 -> Command not found. Command info: {"name":"repeater","type":"set"}
2017-02-06 22:14:25 -> Command not found. Command info: {"name":"repeater","type":"set"}
2017-02-06 22:16:34 -> Command not found. Command info: {"name":"router","type":"set"}
2017-02-06 22:16:34 -> Command not found. Command info: {"name":"router","type":"set"}
2017-02-19 15:18:35 -> User mode.test.asdf logged in.
2017-03-01 11:40:10 -> Unsuccessful login try with username mevo.
2017-03-01 11:40:19 -> Unsuccessful login try with username guest.
2017-03-01 11:41:14 -> Unsuccessful login try with username MeVo.
2017-03-03 11:57:05 -> Unsuccessful login try with username testUserName.
2017-03-03 11:57:10 -> Unsuccessful login try with username asdad.
2017-03-11 16:00:02 -> User mode.test.testUserName logged in.
2017-03-26 23:45:33 -> User mode.test.MarekAfterPurkiada logged in.
2017-05-18 20:32:37 -> User mode.test.purkiada logged in.
2017-06-01 22:39:34 -> User mode.test.testUserName logged in.
2017-06-01 22:41:51 -> User mode.test.testUserName logged in.
2017-06-01 23:04:12 -> Command not found. Command info: {"name":"repeater","type":"set"}
2017-06-01 23:04:12 -> Command not found. Command info: {"name":"repeater","type":"set"}
2017-06-01 23:08:15 -> Command not found. Command info: {"name":"router","type":"set"}
2017-06-01 23:08:15 -> Command not found. Command info: {"name":"router","type":"set"}
2017-06-01 23:36:50 -> User mode.test.xkudla15 logged in.
2017-06-01 23:37:50 -> Command not found. Command info: {"name":"repeater","type":"set"}
2017-06-01 23:37:50 -> Command not found. Command info: {"name":"repeater","type":"set"}
2017-06-01 23:38:41 -> Command not found. Command info: {"name":"router","type":"set"}
2017-06-01 23:38:41 -> Command not found. Command info: {"name":"router","type":"set"}
2017-06-01 23:48:09 -> Unsuccessful login try with username j.
2017-06-01 23:48:19 -> User mode.test.xkudla15 logged in.
2017-09-02 10:02:45 -> User mode.test.granmon logged in.
2017-09-02 10:13:22 -> Command not found. Command info: {"name":"repeater","type":"set"}
2017-09-02 10:13:22 -> Command not found. Command info: {"name":"repeater","type":"set"}
2017-09-02 10:14:09 -> Command not found. Command info: {"name":"router","type":"set"}
2017-09-02 10:14:09 -> Command not found. Command info: {"name":"router","type":"set"}
2017-09-02 20:18:28 -> User mode.test.fafa logged in.
2017-09-03 00:49:59 -> Unsuccessful login try with username fafa.
2017-09-03 00:50:02 -> Unsuccessful login try with username fafcak.
2017-09-03 00:50:05 -> Unsuccessful login try with username fafak.
2017-09-03 00:50:15 -> User mode.test.fafa logged in.
2017-09-03 01:05:39 -> Command not found. Command info: {"name":"repeater","type":"set"}
2017-09-03 01:05:39 -> Command not found. Command info: {"name":"repeater","type":"set"}
2017-09-03 01:06:42 -> Command not found. Command info: {"name":"router","type":"set"}
2017-09-03 01:06:42 -> Command not found. Command info: {"name":"router","type":"set"}
2017-09-03 01:08:07 -> Command not found. Command info: {"name":"router","type":"set"}
2017-09-03 01:08:40 -> Command not found. Command info: {"name":"router","type":"set"}
2017-09-03 01:08:40 -> Command not found. Command info: {"name":"router","type":"set"}
2017-09-03 01:17:41 -> Command not found. Command info: {"name":"router","type":"set"}
2017-09-03 11:35:08 -> Unsuccessful login try with username chmod 007 Documents.
2017-09-03 11:35:14 -> Unsuccessful login try with username fafa.
2017-09-03 11:35:41 -> User mode.test.fafa logged in.
2017-09-03 11:39:14 -> Command not found. Command info: {"name":"repeater","type":"set"}
2017-09-03 11:39:14 -> Command not found. Command info: {"name":"repeater","type":"set"}
2017-09-03 11:39:50 -> Command not found. Command info: {"name":"router","type":"set"}
2017-09-03 11:39:50 -> Command not found. Command info: {"name":"router","type":"set"}
2017-09-03 11:56:37 -> User mode.test.fafa logged in.
2017-09-03 11:57:19 -> Command not found. Command info: {"name":"repeater","type":"set"}
2017-09-03 11:57:19 -> Command not found. Command info: {"name":"repeater","type":"set"}
2017-09-03 11:57:35 -> Command not found. Command info: {"name":"router","type":"set"}
2017-09-03 11:57:35 -> Command not found. Command info: {"name":"router","type":"set"}
2017-09-03 20:28:23 -> User mode.test.fafsss logged in.
2017-11-04 14:05:14 -> User mode.test.testUserName logged in.
2017-11-04 14:15:15 -> Command not found. Command info: {"name":"repeater","type":"set"}
2017-11-04 14:15:15 -> Command not found. Command info: {"name":"repeater","type":"set"}
2017-11-04 14:16:01 -> Command not found. Command info: {"name":"router","type":"set"}
2017-11-04 14:16:01 -> Command not found. Command info: {"name":"router","type":"set"}
2017-11-04 14:16:41 -> Command not found. Command info: {"name":"router","type":"set"}
2017-11-04 14:18:06 -> Command not found. Command info: {"name":"repeater","type":"set"}
2017-11-04 14:18:06 -> Command not found. Command info: {"name":"repeater","type":"set"}
2017-11-04 14:18:45 -> Command not found. Command info: {"name":"router","type":"set"}
2017-11-04 14:18:45 -> Command not found. Command info: {"name":"router","type":"set"}
2017-11-15 16:08:41 -> Unsuccessful login try with username testUserName.
2017-11-15 16:09:13 -> User mode.test.testUserName logged in.
2017-11-15 16:18:02 -> Command not found. Command info: {"name":"repeater","type":"set"}
2017-11-15 16:18:02 -> Command not found. Command info: {"name":"repeater","type":"set"}
2017-11-15 16:19:13 -> Command not found. Command info: {"name":"repeater","type":"set"}
2017-11-15 16:19:13 -> Command not found. Command info: {"name":"repeater","type":"set"}
2017-11-15 16:20:36 -> Command not found. Command info: {"name":"router","type":"set"}
2017-11-15 16:20:36 -> Command not found. Command info: {"name":"router","type":"set"}
2017-11-15 16:21:12 -> Command not found. Command info: {"name":"router","type":"set"}
2017-11-25 10:57:31 -> User mode.test.vojta logged in.
2017-11-25 11:09:16 -> Command not found. Command info: {"name":"repeater","type":"set"}
2017-11-25 11:09:16 -> Command not found. Command info: {"name":"repeater","type":"set"}
2017-11-25 11:12:10 -> Command not found. Command info: {"name":"router","type":"set"}
2017-11-25 11:12:10 -> Command not found. Command info: {"name":"router","type":"set"}
2017-11-25 17:14:09 -> Unsuccessful login try with username 2832/97 fr.
2017-11-25 21:05:16 -> Unsuccessful login try with username nkanklanmc¨.
2017-11-25 21:05:19 -> Unsuccessful login try with username cijdijcidcidjcd.
2017-11-25 21:05:20 -> Unsuccessful login try with username jcdijcidjicd.
2017-11-25 21:05:23 -> Unsuccessful login try with username odjdnvjd262.
2017-11-25 21:05:33 -> Unsuccessful login try with username 111115161.
2017-11-25 21:05:35 -> Unsuccessful login try with username 54615.
2017-11-25 21:05:37 -> Unsuccessful login try with username 15415161.
2017-12-09 16:46:07 -> User mode.test.a logged in.
2017-12-27 15:13:29 -> User mode.test.testUserName logged in.
2017-12-27 15:18:03 -> Unsuccessful login try with username revert-time.
2018-01-02 20:09:24 -> Unsuccessful login try with username David.
2018-01-02 20:09:30 -> Unsuccessful login try with username nemam.
2018-01-02 20:09:32 -> Unsuccessful login try with username .
2018-01-02 20:11:00 -> Unsuccessful login try with username 'exit -f'.
2018-01-02 20:11:43 -> Unsuccessful login try with username 'exit --force'.
2018-01-02 20:11:44 -> Unsuccessful login try with username .
2018-01-02 20:11:44 -> Unsuccessful login try with username .
2018-01-02 20:11:44 -> Unsuccessful login try with username .
2018-01-02 20:11:44 -> Unsuccessful login try with username .
2018-01-02 20:12:53 -> User mode.test.testUsersName logged in.
2018-01-07 18:30:19 -> Unsuccessful login try with username kdfopkdfg.
2018-01-07 18:30:21 -> Unsuccessful login try with username dfgbdbdfb.
2018-01-07 18:30:24 -> Unsuccessful login try with username pokus.
2018-01-07 18:30:25 -> Unsuccessful login try with username 2.
2018-01-07 18:30:26 -> Unsuccessful login try with username 6.
2018-01-07 18:30:26 -> Unsuccessful login try with username .
2018-01-07 18:30:27 -> Unsuccessful login try with username .
2018-01-07 18:30:27 -> Unsuccessful login try with username .
2018-01-07 18:30:27 -> Unsuccessful login try with username .
2018-01-07 18:30:27 -> Unsuccessful login try with username .
2018-01-07 18:30:27 -> Unsuccessful login try with username .
2018-01-07 18:30:27 -> Unsuccessful login try with username .
2018-01-07 18:30:27 -> Unsuccessful login try with username .
2018-01-07 18:30:31 -> Unsuccessful login try with username EGElr.
2018-01-07 18:30:45 -> Unsuccessful login try with username Ing. Tomáš Daněk.
2018-01-07 18:30:58 -> Unsuccessful login try with username exit --force'.
2018-01-07 18:30:59 -> Unsuccessful login try with username .
2018-01-07 18:30:59 -> Unsuccessful login try with username .
2018-01-07 18:31:30 -> User mode.test.testppp logged in.
2018-01-07 20:27:48 -> User mode.test.testUserName logged in.
2018-01-07 23:32:15 -> User mode.test.testbflm logged in.
2018-01-11 11:52:19 -> User mode.test.mynameisrrrrrr logged in.
2018-01-13 17:09:55 -> User mode.test.Zeftax logged in.
2018-01-14 11:27:00 -> User mode.test.testUserName logged in.
2018-01-14 19:45:09 -> Unsuccessful login try with username login.
2018-01-14 19:45:10 -> Unsuccessful login try with username d.
2018-01-14 19:45:11 -> Unsuccessful login try with username d.
2018-01-14 19:45:11 -> Unsuccessful login try with username d.
2018-01-14 19:45:11 -> Unsuccessful login try with username .
2018-01-14 19:45:11 -> Unsuccessful login try with username af.
2018-01-14 19:45:12 -> Unsuccessful login try with username asd.
2018-01-14 19:45:12 -> Unsuccessful login try with username sd.
2018-01-14 19:45:12 -> Unsuccessful login try with username sa.
2018-01-14 19:45:12 -> Unsuccessful login try with username sa.
2018-01-14 19:45:12 -> Unsuccessful login try with username f.
2018-01-14 19:45:13 -> Unsuccessful login try with username sd.
2018-01-14 19:45:13 -> Unsuccessful login try with username dgf.
2018-01-14 19:45:13 -> Unsuccessful login try with username f.
2018-01-14 19:45:13 -> Unsuccessful login try with username f.
2018-01-14 19:45:13 -> Unsuccessful login try with username .
2018-01-14 19:45:14 -> Unsuccessful login try with username gfg¨.
2018-01-14 19:45:14 -> Unsuccessful login try with username g.
2018-01-14 19:45:14 -> Unsuccessful login try with username g.
2018-01-14 19:45:14 -> Unsuccessful login try with username g.
2018-01-14 19:45:14 -> Unsuccessful login try with username .
2018-01-14 19:45:14 -> Unsuccessful login try with username .
2018-01-14 19:45:15 -> Unsuccessful login try with username .
2018-01-14 19:45:15 -> Unsuccessful login try with username .
2018-01-14 19:45:15 -> Unsuccessful login try with username .
2018-01-14 19:45:15 -> Unsuccessful login try with username .
2018-01-14 19:45:15 -> Unsuccessful login try with username .
2018-01-14 19:45:15 -> Unsuccessful login try with username .
2018-01-14 19:45:15 -> Unsuccessful login try with username g.
2018-01-14 19:45:16 -> Unsuccessful login try with username g.
2018-01-14 19:45:16 -> Unsuccessful login try with username .
2018-01-14 19:45:16 -> Unsuccessful login try with username .
2018-01-14 19:45:16 -> Unsuccessful login try with username .
2018-01-14 19:45:16 -> Unsuccessful login try with username .
2018-01-14 19:45:16 -> Unsuccessful login try with username .
2018-01-14 19:45:17 -> Unsuccessful login try with username .
2018-01-14 19:45:17 -> Unsuccessful login try with username .
2018-01-14 19:45:17 -> Unsuccessful login try with username .
2018-01-14 19:45:17 -> Unsuccessful login try with username .
2018-01-14 19:45:17 -> Unsuccessful login try with username .
2018-01-14 19:45:17 -> Unsuccessful login try with username .
2018-01-14 19:45:18 -> Unsuccessful login try with username .
2018-01-14 19:45:18 -> Unsuccessful login try with username .
2018-01-14 19:45:18 -> Unsuccessful login try with username .
2018-01-14 19:45:18 -> Unsuccessful login try with username .
2018-01-14 19:45:18 -> Unsuccessful login try with username .
2018-01-14 19:45:18 -> Unsuccessful login try with username .
2018-01-14 19:45:18 -> Unsuccessful login try with username .
2018-01-14 19:45:18 -> Unsuccessful login try with username .
2018-01-14 19:45:18 -> Unsuccessful login try with username .
2018-01-14 19:45:18 -> Unsuccessful login try with username .
2018-01-14 19:45:18 -> Unsuccessful login try with username .
2018-01-14 19:45:18 -> Unsuccessful login try with username .
2018-01-14 19:45:19 -> Unsuccessful login try with username .
2018-01-14 19:45:19 -> Unsuccessful login try with username .
2018-01-14 19:45:21 -> Unsuccessful login try with username .
2018-01-14 19:45:22 -> Unsuccessful login try with username .
2018-01-14 19:45:22 -> Unsuccessful login try with username .
2018-01-14 19:45:22 -> Unsuccessful login try with username .
2018-01-14 19:45:22 -> Unsuccessful login try with username .
2018-01-14 19:45:22 -> Unsuccessful login try with username .
2018-01-14 19:45:23 -> Unsuccessful login try with username .
2018-01-14 19:45:23 -> Unsuccessful login try with username .
2018-01-14 19:45:23 -> Unsuccessful login try with username .
2018-01-14 19:45:23 -> Unsuccessful login try with username .
2018-01-14 19:45:23 -> Unsuccessful login try with username .
2018-01-14 19:45:24 -> Unsuccessful login try with username .
2018-01-14 19:45:24 -> Unsuccessful login try with username .
2018-01-14 19:45:24 -> Unsuccessful login try with username .
2018-01-14 19:45:24 -> Unsuccessful login try with username .
2018-01-14 19:45:24 -> Unsuccessful login try with username .
2018-01-14 19:45:24 -> Unsuccessful login try with username .
2018-01-14 19:45:24 -> Unsuccessful login try with username .
2018-01-14 19:45:25 -> Unsuccessful login try with username .
2018-01-14 19:45:25 -> Unsuccessful login try with username .
2018-01-14 19:45:26 -> Unsuccessful login try with username ddddddddddddddddddd.
2018-01-14 19:45:26 -> Unsuccessful login try with username d.
2018-01-14 19:45:27 -> Unsuccessful login try with username d.
2018-01-14 19:45:27 -> Unsuccessful login try with username .
2018-01-14 19:45:27 -> Unsuccessful login try with username .
2018-01-14 19:45:27 -> Unsuccessful login try with username .
2018-01-14 19:45:27 -> Unsuccessful login try with username .
2018-01-14 19:45:27 -> Unsuccessful login try with username d.
2018-01-14 19:45:27 -> Unsuccessful login try with username .
2018-01-14 19:45:28 -> Unsuccessful login try with username d.
2018-01-14 19:45:28 -> Unsuccessful login try with username .
2018-01-14 19:45:28 -> Unsuccessful login try with username .
2018-01-14 19:45:28 -> Unsuccessful login try with username dd.
2018-01-14 19:45:28 -> Unsuccessful login try with username .
2018-01-14 19:45:28 -> Unsuccessful login try with username .
2018-01-14 19:45:28 -> Unsuccessful login try with username d.
2018-01-14 19:45:29 -> Unsuccessful login try with username d.
2018-01-14 19:45:29 -> Unsuccessful login try with username d.
2018-01-14 19:45:29 -> Unsuccessful login try with username d.
2018-01-14 19:45:29 -> Unsuccessful login try with username .
2018-01-14 19:45:29 -> Unsuccessful login try with username .
2018-01-14 19:45:30 -> Unsuccessful login try with username d.
2018-01-14 19:45:30 -> Unsuccessful login try with username sd.
2018-01-14 19:45:30 -> Unsuccessful login try with username s.
2018-01-14 19:45:30 -> Unsuccessful login try with username f.
2018-01-14 19:45:31 -> Unsuccessful login try with username f.
2018-01-14 19:45:31 -> Unsuccessful login try with username s.
2018-01-14 19:45:31 -> Unsuccessful login try with username f.
2018-01-14 19:45:34 -> Unsuccessful login try with username exit.
2018-01-14 21:55:10 -> Unsuccessful login try with username Vojta.
2018-01-14 21:55:48 -> User mode.test.testUserName logged in.
2018-01-14 21:57:52 -> User mode.test.testuserName logged in.
2018-01-14 22:37:41 -> User mode.test.Destt logged in.
2018-01-15 18:35:01 -> User mode.test.123 logged in.
2018-01-15 18:43:43 -> Command not found. Command info: {"name":"repeater","type":"set"}
2018-01-15 18:43:43 -> Command not found. Command info: {"name":"repeater","type":"set"}
2018-01-15 18:45:48 -> Command not found. Command info: {"name":"router","type":"set"}
2018-01-15 18:45:48 -> Command not found. Command info: {"name":"router","type":"set"}
2018-01-15 22:23:51 -> Unsuccessful login try with username adam.
2018-01-15 22:26:10 -> Unsuccessful login try with username IvCh.
2018-01-15 22:26:13 -> Unsuccessful login try with username IVCH.
2018-01-15 22:26:19 -> Unsuccessful login try with username MeVo.
2018-01-16 08:19:22 -> User mode.test.xxxtest logged in.
2018-01-16 22:14:39 -> Unsuccessful login try with username Adam.
2018-01-16 22:15:08 -> User mode.test.adam logged in.
2018-01-19 22:22:17 -> User mode.test.testUserName logged in.
2018-01-19 22:29:08 -> User mode.test.testUserName logged in.
2018-01-21 11:23:04 -> User mode.test.testUserName logged in.
2018-01-21 11:30:19 -> Command not found. Command info: {"name":"repeater","type":"set"}
2018-01-21 11:30:19 -> Command not found. Command info: {"name":"repeater","type":"set"}
2018-01-21 11:31:07 -> Command not found. Command info: {"name":"router","type":"set"}
2018-01-21 11:31:07 -> Command not found. Command info: {"name":"router","type":"set"}
2018-01-21 11:34:36 -> Command not found. Command info: {"name":"router","type":"set"}
2018-01-21 11:34:36 -> Command not found. Command info: {"name":"router","type":"set"}
2018-01-21 16:59:12 -> Unsuccessful login try with username fcg.
2018-01-21 22:00:28 -> User mode.test.bigvp logged in.
2018-01-22 00:57:19 -> User mode.test.Zeftax logged in.
2018-01-22 09:14:20 -> User mode.test.tesUserName logged in.
2018-01-22 17:34:45 -> User mode.test.Zeftax logged in.
2018-01-22 17:47:12 -> Unsuccessful login try with username ADAM.
2018-01-22 18:04:42 -> Unsuccessful login try with username 1594954.
2018-01-22 18:05:07 -> Unsuccessful login try with username 'mode.test.J3B3MN4T0".
2018-01-22 18:05:22 -> Unsuccessful login try with username 'mode.test.J3B3MN4T0'.
2018-01-22 18:08:52 -> User mode.test.testUserName logged in.
2018-01-22 18:19:54 -> Command not found. Command info: {"name":"repeater","type":"set"}
2018-01-22 18:19:54 -> Command not found. Command info: {"name":"repeater","type":"set"}
2018-01-22 18:24:21 -> Command not found. Command info: {"name":"router","type":"set"}
2018-01-22 18:24:21 -> Command not found. Command info: {"name":"router","type":"set"}
2018-01-22 19:10:08 -> Unsuccessful login try with username Petr.
2018-01-22 19:10:14 -> Unsuccessful login try with username Nevím.
2018-01-22 19:14:18 -> User mode.test.T3stuji260 logged in.
2018-01-22 19:32:42 -> Command not found. Command info: {"name":"repeater","type":"set"}
2018-01-22 19:32:42 -> Command not found. Command info: {"name":"repeater","type":"set"}
2018-01-22 19:36:14 -> Command not found. Command info: {"name":"router","type":"set"}
2018-01-22 19:36:14 -> Command not found. Command info: {"name":"router","type":"set"}
2018-01-23 09:55:59 -> User mode.test.testUserName logged in.
2018-01-23 10:02:28 -> Unsuccessful login try with username exit.
2018-01-23 10:02:31 -> Unsuccessful login try with username shutdown now.
2018-01-23 10:02:34 -> Unsuccessful login try with username shutdown.
2018-01-23 11:04:38 -> Unsuccessful login try with username feetback.
2018-01-23 11:04:42 -> Unsuccessful login try with username .
2018-01-23 11:04:44 -> Unsuccessful login try with username j.
2018-01-23 11:05:10 -> User mode.test.testUserName logged in.
2018-01-24 13:34:10 -> User mode.test.testUserName logged in.
2018-01-24 17:21:49 -> User mode.test.zhincore logged in.
2018-01-24 17:28:35 -> Command not found. Command info: {"name":"repeater","type":"set"}
2018-01-24 17:28:35 -> Command not found. Command info: {"name":"repeater","type":"set"}
2018-01-24 17:29:26 -> Command not found. Command info: {"name":"router","type":"set"}
2018-01-24 17:29:26 -> Command not found. Command info: {"name":"router","type":"set"}
2018-01-24 18:21:17 -> Unsuccessful login try with username ;sa.c.
2018-01-24 18:21:20 -> Unsuccessful login try with username ka.
2018-01-24 18:52:05 -> Unsuccessful login try with username gv.
2018-01-24 18:52:47 -> User mode.test.adambridacz logged in.
2018-01-24 19:17:14 -> Command not found. Command info: {"name":"repeater","type":"set"}
2018-01-24 19:17:14 -> Command not found. Command info: {"name":"repeater","type":"set"}
2018-01-24 19:18:30 -> Command not found. Command info: {"name":"router","type":"set"}
2018-01-24 19:18:30 -> Command not found. Command info: {"name":"router","type":"set"}
2018-01-24 19:22:07 -> Unsuccessful login try with username xfinn.
2018-01-24 20:19:17 -> User mode.test.jkls logged in.
2018-01-24 20:27:11 -> Unsuccessful login try with username test.
2018-01-24 21:10:46 -> Unsuccessful login try with username pepis.
2018-01-24 21:10:49 -> Unsuccessful login try with username pepis15.
2018-01-24 21:10:59 -> User mode.test.Pepis logged in.
2018-01-24 21:15:03 -> Command not found. Command info: {"name":"repeater","type":"set"}
2018-01-24 21:15:03 -> Command not found. Command info: {"name":"repeater","type":"set"}
2018-01-24 21:16:38 -> Command not found. Command info: {"name":"router","type":"set"}
2018-01-24 21:16:38 -> Command not found. Command info: {"name":"router","type":"set"}
2018-01-24 21:23:13 -> Command not found. Command info: {"name":"router","type":"set"}
2018-01-24 21:23:13 -> Command not found. Command info: {"name":"router","type":"set"}
2018-01-25 07:59:37 -> Unsuccessful login try with username Kj.
2018-01-25 07:59:39 -> Unsuccessful login try with username .
2018-01-25 07:59:40 -> Unsuccessful login try with username Djdjd.
2018-01-25 07:59:43 -> Unsuccessful login try with username HD DVD.
2018-01-25 07:59:44 -> Unsuccessful login try with username Hdjdm.
2018-01-26 20:23:19 -> Unsuccessful login try with username martinmartin.
2018-01-26 20:23:41 -> Unsuccessful login try with username mode.teest.testmartin.
2018-01-26 20:23:56 -> User mode.test.testUserName logged in.
2018-01-29 14:59:45 -> Unsuccessful login try with username Libor je kokot.
2018-01-29 14:59:52 -> Unsuccessful login try with username Libor_je_kokot.
2018-01-29 15:00:04 -> Unsuccessful login try with username LiberJeKokot.
2018-01-29 15:00:10 -> Unsuccessful login try with username zdarec.
2018-01-29 15:00:11 -> Unsuccessful login try with username daaga.
2018-01-29 15:00:13 -> Unsuccessful login try with username dadaf45.
2018-01-29 15:00:32 -> User mode.test.Libor_Je_Idiot logged in.
2018-01-29 15:05:12 -> Command not found. Command info: {"name":"repeater","type":"set"}
2018-01-29 15:05:12 -> Command not found. Command info: {"name":"repeater","type":"set"}
2018-01-29 15:05:50 -> Command not found. Command info: {"name":"router","type":"set"}
2018-01-29 15:05:50 -> Command not found. Command info: {"name":"router","type":"set"}
2018-01-31 08:22:58 -> User mode.test.Vlada logged in.
2018-01-31 08:30:50 -> Command not found. Command info: {"name":"repeater","type":"set"}
2018-01-31 08:30:50 -> Command not found. Command info: {"name":"repeater","type":"set"}
2018-01-31 08:33:37 -> Command not found. Command info: {"name":"router","type":"set"}
2018-01-31 08:33:37 -> Command not found. Command info: {"name":"router","type":"set"}
2018-02-14 12:03:50 -> Unsuccessful login try with username dadaadw.
2018-02-14 12:04:01 -> User mode.test.Honzajekokot logged in.
2018-02-14 12:06:24 -> Command not found. Command info: {"name":"repeater","type":"set"}
2018-02-14 12:06:24 -> Command not found. Command info: {"name":"repeater","type":"set"}
