2017-01-26 11:37:58 -> User NoKr2 logged in.
2017-01-26 11:38:07 -> Handled EnvironmentCreate "ship:user"
2017-01-26 11:38:07 -> Handled GetWelcomeText of "user@ship"
2017-01-26 11:38:38 -> Handled Command "Network --status"
2017-01-26 11:38:48 -> Handled Command "network --help"
2017-01-26 11:38:56 -> Handled Command "network --status"
2017-01-26 11:39:24 -> Handled Command "network --connect Deathstar"
2017-01-26 11:39:55 -> Handled Command "network --connect DeathStar"
2017-01-26 11:40:41 -> Handled Command "network"
2017-01-26 11:41:15 -> Handled Command "network --status"
2017-01-26 11:42:03 -> Handled Command "ssh 198.168.1.134"
2017-01-26 11:42:23 -> Handled Command "ssh 192.168.1.138"
2017-01-26 11:42:42 -> Handled Command "číslice se nachází na číselné ose mezi 2. a 1. číslicí a je sud"
2017-01-26 11:42:45 -> Handled Command "@"
2017-01-26 11:42:47 -> Handled Command "halp"
2017-01-26 11:42:57 -> Handled Command "network"
2017-01-26 11:43:16 -> Handled Command "network DeathStar"
2017-01-26 11:43:37 -> Handled Command "network -connect Deathstar"
2017-01-26 11:43:49 -> Handled Command "-c"
2017-01-26 11:43:56 -> Handled Command "?"
2017-01-26 11:44:06 -> Handled Command "help"
2017-01-26 11:44:17 -> Handled Command "mv"
2017-01-26 11:44:36 -> Handled Command "network --help"
2017-01-26 11:49:26 -> Handled Command "help"
2017-01-26 11:49:31 -> Handled Command "edit"
2017-01-26 11:49:42 -> Handled Command "edit --help"
2017-01-26 11:49:47 -> Handled Command "ls"
2017-01-26 11:50:01 -> Handled Command "ls"
2017-01-26 11:50:08 -> Handled Command "cd documents"
2017-01-26 11:50:18 -> Handled Command "cd /home"
2017-01-26 11:50:26 -> Handled Command "cd home"
2017-01-26 11:50:42 -> Handled Command "ls"
2017-01-26 11:50:48 -> Handled Command "cd user"
2017-01-26 11:50:52 -> Handled Command "ls"
2017-01-26 11:51:02 -> Handled Command "cd home"
2017-01-26 11:51:08 -> Handled Command "cd /home"
2017-01-26 11:51:13 -> Handled Command "read home"
2017-01-26 11:51:18 -> Handled Command "help"
2017-01-26 11:51:22 -> Handled Command "su home"
2017-01-26 11:51:33 -> Handled Command "read /home"
2017-01-26 11:51:46 -> Handled Command "edit /home"
2017-01-26 11:52:00 -> Handled Command "ll --help"
2017-01-26 11:52:15 -> Handled Command "ls --help"
2017-01-26 11:52:22 -> Handled Command "-l"
2017-01-26 11:52:32 -> Handled Command "--all"
2017-01-26 11:52:38 -> Handled Command "/home --all"
2017-01-26 11:52:44 -> Handled Command "ls"
2017-01-26 11:52:50 -> Handled Command "cd user"
2017-01-26 11:52:52 -> Handled Command "ls"
2017-01-26 11:53:05 -> Handled Command "cd "
2017-01-26 11:53:08 -> Handled Command "ls"
2017-01-26 11:53:15 -> Handled Command "help"
2017-01-26 11:53:23 -> Handled Command "ls  --help"
2017-01-26 11:53:32 -> Handled Command "-a"
2017-01-26 11:53:39 -> Handled Command "pwd"
2017-01-26 11:53:45 -> Handled Command "pwd /home"
2017-01-26 11:53:55 -> Handled Command "ln"
2017-01-26 11:54:01 -> Handled Command "ln /home"
