2017-01-26 10:04:57 -> User NoKr logged in.
2017-01-26 10:06:57 -> Handled EnvironmentCreate "ship:user"
2017-01-26 10:06:57 -> Handled GetWelcomeText of "user@ship"
2017-01-26 10:08:39 -> Handled Command "bash--help"
2017-01-26 10:08:49 -> Handled Command "help"
2017-01-26 10:09:12 -> Handled EnvironmentCreate "ship:user"
2017-01-26 10:09:12 -> Handled Command "bash"
2017-01-26 10:09:47 -> Handled Command "network"
2017-01-26 10:09:58 -> Handled Command "--help"
2017-01-26 10:10:20 -> Handled Command "network--help"
2017-01-26 10:10:38 -> Handled Command "network --help"
2017-01-26 10:11:01 -> Handled Command "network --status¨"
2017-01-26 10:11:15 -> Handled Command "network --status"
2017-01-26 10:12:11 -> Handled Command "Wi-Fi --connect"
2017-01-26 10:12:38 -> Handled Command "DeathStar --connect"
2017-01-26 10:12:59 -> Handled Command "network --conect"
2017-01-26 10:13:15 -> Handled Command "network --conect"
2017-01-26 10:13:47 -> Handled Command "network --connect"
2017-01-26 10:14:18 -> Handled Command "bash --help"
2017-01-26 11:36:57 -> Handled Command "network --connect <DeathStar>"
2017-01-26 11:37:39 -> Handled Command " network --connect <DeathStar>"
2017-01-26 11:37:58 -> Handled Command "network --connect <DeathStar>"
2017-01-26 11:42:10 -> Handled Command "network --status"
2017-01-26 11:43:10 -> Handled Command "network --connect <DeathStar>"
2017-01-26 11:43:47 -> Handled Command "network --connect <DeathStar>"
2017-01-26 11:43:50 -> Handled Command "network --connect <DeathStar>"
2017-01-26 11:43:52 -> Handled Command "network --connect <DeathStar>"
2017-01-26 11:54:57 -> Handled Command "cp"
2017-01-26 11:55:15 -> Handled Command "cp --help"
2017-01-26 11:59:47 -> Handled Command "mnbd\"
2017-01-26 11:59:48 -> Handled Command "xkfgmnll"
