2017-01-26 10:28:14 -> User SmPr logged in.
2017-01-26 10:30:10 -> Handled EnvironmentCreate "ship:user"
2017-01-26 10:30:10 -> Handled GetWelcomeText of "user@ship"
2017-01-26 10:30:55 -> Handled Command "--help"
2017-01-26 10:31:55 -> Handled Command "network"
2017-01-26 10:32:03 -> Handled Command "//network"
2017-01-26 10:32:53 -> Handled Command "0xFE79"
2017-01-26 10:33:37 -> Handled Command "'help'"
2017-01-26 10:33:56 -> Handled Command "help"
2017-01-26 10:34:27 -> Handled Command "network--help"
2017-01-26 10:34:35 -> Handled Command "network"
2017-01-26 10:34:46 -> Handled Command "network-help"
2017-01-26 10:34:57 -> Handled Command "cp"
2017-01-26 10:36:09 -> Handled Command "network -help"
2017-01-26 10:36:26 -> Handled Command "network help"
2017-01-26 10:36:43 -> Handled Command "network --help"
2017-01-26 10:37:21 -> Handled Command "network --status"
2017-01-26 10:37:37 -> Handled Command "network connect"
2017-01-26 10:37:50 -> Handled Command "network --connect"
2017-01-26 10:38:25 -> Handled Command "network connect"
2017-01-26 10:38:56 -> Handled Command "connect"
2017-01-26 10:39:20 -> Handled Command "connect --help"
2017-01-26 10:39:26 -> Handled Command "help"
2017-01-26 10:40:16 -> Handled Command "connect --network"
2017-01-26 10:40:52 -> Handled Command "network --connect"
2017-01-26 10:43:34 -> Handled Command "network --connect deathstar"
2017-01-26 10:44:07 -> Handled Command "network --connect --deathstar"
2017-01-26 10:45:23 -> Handled Command "network --connectdethstar"
2017-01-26 10:45:58 -> Handled Command "network --connect (deathstar"
2017-01-26 10:46:56 -> Handled Command "network --help"
2017-01-26 10:50:07 -> Handled Command "network --connect DeathStar"
2017-01-26 10:51:07 -> Handled Command "ssh --help"
2017-01-26 10:51:52 -> Handled Command "bash --help"
2017-01-26 10:54:10 -> Handled Command "ssh --10.0.0.0 bash"
2017-01-26 10:55:26 -> Handled Command "ssh --username@10.0.0.0 connect"
2017-01-26 10:55:53 -> Handled Command "ssh 10.0.0.0 --connect"
2017-01-26 10:56:40 -> Handled Command "¨"
2017-01-26 10:57:01 -> Handled Command "ssh --help"
2017-01-26 10:59:48 -> Handled Command "ssh '10.0.0.0' --connect"
2017-01-26 11:00:07 -> Handled Command "ssh'10.0.0.0 --connect"
2017-01-26 11:00:58 -> Handled Command "ssh'10.0.0.0' --connect"
2017-01-26 11:21:19 -> Handled Command "ssh <10.0.0.0> [<connect>]"
2017-01-26 11:21:47 -> Handled Command "network --ssh"
2017-01-26 11:22:25 -> Handled Command "ssh --connect 10.0.0.0"
