2017-01-26 10:07:24 -> User LaHe logged in.
2017-01-26 10:08:50 -> Handled EnvironmentCreate "ship:user"
2017-01-26 10:08:50 -> Handled GetWelcomeText of "user@ship"
2017-01-26 10:10:20 -> Handled Command "network"
2017-01-26 10:10:34 -> Handled Command "//network"
2017-01-26 10:10:42 -> Handled Command "--help"
2017-01-26 10:10:50 -> Handled Command "help¨"
2017-01-26 10:11:13 -> Handled Command "network"
2017-01-26 10:11:23 -> Handled Command "//network"
2017-01-26 10:12:18 -> Handled Command "0xFE79"
2017-01-26 10:12:31 -> Handled Command "help¨"
2017-01-26 10:12:35 -> Handled Command "help"
2017-01-26 10:12:54 -> Handled Command "network--help"
2017-01-26 10:13:07 -> Handled Command "network"
2017-01-26 10:13:23 -> Handled Command "network --help"
2017-01-26 10:13:43 -> Handled Command "--connect"
2017-01-26 10:13:50 -> Handled Command "status"
2017-01-26 10:14:53 -> Handled Command " network"
2017-01-26 10:15:28 -> Handled Command "status"
2017-01-26 10:15:35 -> Handled Command "network status"
2017-01-26 10:16:23 -> Handled Command "¨network<status"
2017-01-26 10:16:42 -> Handled Command "network<status>"
2017-01-26 10:17:04 -> Handled Command "network <--status>"
2017-01-26 10:18:49 -> Handled Command "network <status> [<connect>]"
2017-01-26 10:19:10 -> Handled EnvironmentCreate "ship:user"
2017-01-26 10:19:10 -> Handled Command "bash"
2017-01-26 10:19:16 -> Handled Command "bash --help"
2017-01-26 10:21:05 -> Handled Command "<network>"
2017-01-26 10:21:13 -> Handled Command "help"
2017-01-26 10:22:09 -> Handled Command "network --help"
2017-01-26 10:23:23 -> Handled Command "network --status"
2017-01-26 10:24:27 -> Handled Command "DeathStar"
2017-01-26 10:24:47 -> Handled Command "network --connect"
2017-01-26 10:25:22 -> Handled Command "network [<DeathStar>]"
2017-01-26 10:25:36 -> Handled Command "localhost"
2017-01-26 10:26:19 -> Handled Command "network --connect"
2017-01-26 10:27:04 -> Handled Command "network <ship> [<DeathStar>]"
2017-01-26 10:27:20 -> Handled Command "--help"
2017-01-26 10:28:29 -> Handled Command "network <connect> [<DeathStar>]"
2017-01-26 10:28:53 -> Handled Command "network <status>"
2017-01-26 10:30:23 -> Handled Command "network <--connect> [<DeathStar>]"
2017-01-26 10:31:11 -> Handled Command "cat"
2017-01-26 10:31:19 -> Handled Command "/cat"
2017-01-26 10:31:30 -> Handled Command "edit"
2017-01-26 10:32:08 -> Handled Command "--help"
2017-01-26 10:32:41 -> Handled Command "cat --help"
2017-01-26 10:33:00 -> Handled Command "pwd --help"
2017-01-26 10:33:07 -> Handled Command "pwd"
2017-01-26 10:33:17 -> Handled Command "/home/user"
2017-01-26 10:34:28 -> Handled Command "cd"
2017-01-26 10:34:35 -> Handled Command "cd --help"
2017-01-26 10:35:05 -> Handled Command "chmod --help"
2017-01-26 10:36:07 -> Handled Command "edit --help"
2017-01-26 10:36:44 -> Handled Command "ssh --help"
2017-01-26 10:37:46 -> Handled Command "ssh <localhost>"
2017-01-26 10:38:53 -> Handled Command "ssh <localhost> [<bash>]"
2017-01-26 10:39:59 -> Handled Command "ssh <127.0.0.1> [<bash>]"
2017-01-26 10:40:15 -> Handled Command "rm --help"
2017-01-26 10:40:31 -> Handled Command "edit --help"
2017-01-26 10:40:51 -> Handled Command "edit <cd>"
2017-01-26 10:41:07 -> Handled Command "ls --help¨"
2017-01-26 10:41:17 -> Handled Command "ls --help"
2017-01-26 10:42:08 -> Handled Command "network --connect"
2017-01-26 10:42:26 -> Handled Command "network <--connect>"
