2017-01-26 09:34:33 -> User VePe logged in.
2017-01-26 09:36:19 -> Handled EnvironmentCreate "ship:user"
2017-01-26 09:36:19 -> Handled GetWelcomeText of "user@ship"
2017-01-26 09:37:47 -> Handled Command "bash --help"
2017-01-26 09:39:18 -> Handled Command "pwd"
2017-01-26 09:39:31 -> Handled Command "/home"
2017-01-26 09:40:11 -> Handled Command "/home/user"
2017-01-26 09:40:15 -> Handled Command "help"
2017-01-26 09:40:43 -> Handled Command "revert-time --help"
2017-01-26 09:41:00 -> Handled Command "bash --help"
2017-01-26 09:41:09 -> Handled Command "cat"
2017-01-26 09:41:13 -> Handled Command "cat --help"
2017-01-26 09:41:25 -> Handled Command "cd --help"
2017-01-26 09:41:34 -> Handled Command "chmod --help"
2017-01-26 10:08:40 -> Handled Command "/revert time"
2017-01-26 10:08:55 -> Handled Command "revert-time"
2017-01-26 10:09:06 -> Handled Command "-f"
2017-01-26 10:09:20 -> Handled Command "- f"
2017-01-26 11:03:06 -> Handled Command "/network"
2017-01-26 11:03:08 -> Handled Command "network"
2017-01-26 11:03:57 -> Handled Command "-network"
2017-01-26 11:04:02 -> Handled Command "--help"
2017-01-26 11:04:06 -> Handled Command "-hel"
2017-01-26 11:04:08 -> Handled Command "-help"
2017-01-26 11:04:50 -> Handled Command "bash --diff"
2017-01-26 11:05:45 -> Handled Command "/ssh"
2017-01-26 11:07:21 -> Handled Command "pwd"
2017-01-26 11:07:25 -> Handled Command "/home/user"
2017-01-26 11:08:07 -> Handled Command "/exit"
2017-01-26 11:08:08 -> Handled GetExitText of "user@ship"
2017-01-26 11:08:08 -> Handled Command "exit"
2017-01-26 11:08:32 -> User VePe logged in.
2017-01-26 11:08:32 -> Handled EnvironmentCreate "ship:user"
2017-01-26 11:08:32 -> Handled GetWelcomeText of "user@ship"
2017-01-26 11:09:19 -> Handled Command "bash --help"
2017-01-26 11:10:37 -> Handled Command "/data.tvx"
2017-01-26 11:10:42 -> Handled Command "/data.txt"
2017-01-26 11:10:47 -> Handled Command "--help"
2017-01-26 11:10:54 -> Handled Command "/data.txt --help"
2017-01-26 11:11:00 -> Handled Command "/data.txt -help"
2017-01-26 11:11:07 -> Handled Command "/data.txt help"
2017-01-26 11:11:29 -> Handled Command "/exit"
2017-01-26 11:11:34 -> Handled GetExitText of "user@ship"
2017-01-26 11:11:34 -> Handled Command "exit"
