2017-01-26 09:53:25 -> User SaSu logged in.
2017-01-26 09:53:26 -> Handled EnvironmentCreate "ship:user"
2017-01-26 09:53:26 -> Handled GetWelcomeText of "user@ship"
2017-01-26 09:54:37 -> Handled Command "bash --help"
2017-01-26 09:56:30 -> Handled Command "--help"
2017-01-26 09:57:14 -> Handled Command "network"
2017-01-26 09:57:23 -> Handled Command "--network"
2017-01-26 09:57:34 -> Handled Command "network--help"
2017-01-26 09:57:41 -> Handled Command "-- help"
2017-01-26 09:57:44 -> Handled Command "hepl"
2017-01-26 09:57:47 -> Handled Command "help"
2017-01-26 11:10:38 -> User SaSu logged in.
2017-01-26 11:10:38 -> Handled EnvironmentCreate "ship:user"
2017-01-26 11:10:38 -> Handled GetWelcomeText of "user@ship"
2017-01-26 11:10:57 -> Handled Command "bash --help"
2017-01-26 11:50:46 -> User SaSu logged in.
2017-01-26 11:50:46 -> Handled EnvironmentCreate "ship:user"
2017-01-26 11:50:46 -> Handled GetWelcomeText of "user@ship"
2017-01-26 11:50:56 -> Handled Command "revert-time"
2017-01-26 11:51:07 -> Handled Command "--force"
2017-01-26 11:51:11 -> Handled Command "-- force"
2017-01-26 11:51:42 -> Handled Command "'--forece'"
2017-01-26 11:51:56 -> Handled Command "bash --help"
2017-01-26 11:52:03 -> Handled Command "--help"
2017-01-26 11:52:12 -> Handled Command "help "
