2017-01-26 09:59:27 -> User KrKr logged in.
2017-01-26 10:01:17 -> Handled EnvironmentCreate "ship:user"
2017-01-26 10:01:17 -> Handled GetWelcomeText of "user@ship"
2017-01-26 10:03:32 -> Handled Command "network"
2017-01-26 10:03:50 -> Handled Command "network --help"
2017-01-26 10:05:00 -> Handled Command "network --status"
2017-01-26 10:05:57 -> Handled Command "network --conect"
2017-01-26 10:06:29 -> Handled Command "network --conect DeathStar"
2017-01-26 10:06:45 -> Handled Command "network --connect DeathStar"
2017-01-26 10:07:52 -> Handled Command "network"
2017-01-26 10:08:09 -> Handled Command "networ --status"
2017-01-26 10:08:24 -> Handled Command "network --status"
2017-01-26 10:09:12 -> Handled Command "ship --help"
2017-01-26 10:09:33 -> Handled Command "--help"
2017-01-26 10:10:11 -> Handled Command "ssh"
2017-01-26 10:10:21 -> Handled Command "ssh --help"
2017-01-26 10:11:29 -> Handled Command "shh 127.0.0.1"
2017-01-26 10:12:13 -> Handled Command "shh 127.0.0.1 bash"
2017-01-26 10:13:00 -> Handled Command "shh localhost"
2017-01-26 10:13:07 -> Handled Command "shh localhost -- help"
2017-01-26 10:13:13 -> Handled Command "shh -help"
2017-01-26 10:13:18 -> Handled Command "shh--help"
2017-01-26 10:13:21 -> Handled Command "shh --help"
2017-01-26 10:13:38 -> Handled Command "ssh 127.0.0.1"
2017-01-26 10:20:49 -> Handled Command "ssh localhost"
2017-01-26 10:22:57 -> Handled Command "ssh --connect"
2017-01-26 10:23:25 -> Handled Command "ssh --network"
2017-01-26 10:23:39 -> Handled Command "shh --status"
2017-01-26 10:24:32 -> Handled Command "network"
2017-01-26 10:24:48 -> Handled Command "network --connect"
2017-01-26 10:25:01 -> Handled Command "network --connect DeathStar"
2017-01-26 10:25:16 -> Handled Command "network --status"
2017-01-26 10:25:37 -> Handled Command "Wi-Fi"
2017-01-26 10:25:41 -> Handled Command "help"
2017-01-26 10:26:01 -> Handled Command "ls --help"
2017-01-26 10:26:15 -> Handled Command "su --help"
2017-01-26 10:26:30 -> Handled Command "su KrKr"
2017-01-26 10:27:02 -> Handled Command "ssh --help"
2017-01-26 10:27:16 -> Handled Command "bash --help"
2017-01-26 10:28:16 -> Handled Command "/home/user"
2017-01-26 10:28:47 -> Handled Command "/home/user --help"
2017-01-26 11:41:20 -> Handled Command "/home/user --help"
2017-01-26 11:41:32 -> Handled Command "--help"
2017-01-26 11:41:43 -> Handled Command "--help"
2017-01-26 11:41:59 -> Handled Command "ll --help"
2017-01-26 11:42:09 -> Handled Command "ls --help"
2017-01-26 11:42:28 -> Handled Command "al --help"
2017-01-26 11:42:37 -> Handled Command "help"
2017-01-26 11:42:48 -> Handled Command "su--help"
2017-01-26 11:42:53 -> Handled Command "su --help"
2017-01-26 11:43:06 -> Handled Command "rmdir -- help"
2017-01-26 11:43:12 -> Handled Command "rmdir --help"
2017-01-26 11:43:33 -> Handled Command "rmdir /home/user"
2017-01-26 11:43:43 -> Handled Command "pwd --help"
2017-01-26 11:43:53 -> Handled Command "pwd --help"
2017-01-26 11:44:10 -> Handled Command "pwd /home/user"
2017-01-26 11:44:21 -> Handled Command "dwp ff"
2017-01-26 11:45:08 -> Handled Command "ls l /home/user"
2017-01-26 11:45:35 -> Handled Command "l /home/user"
