2017-01-26 10:01:03 -> User IvBa logged in.
2017-01-26 10:01:42 -> Handled EnvironmentCreate "ship:user"
2017-01-26 10:01:42 -> Handled GetWelcomeText of "user@ship"
2017-01-26 10:02:24 -> Handled Command "network"
2017-01-26 10:02:29 -> Handled Command "--help"
2017-01-26 10:02:44 -> Handled Command "--help network"
2017-01-26 10:02:50 -> Handled Command "help"
2017-01-26 10:03:10 -> Handled Command "network --help"
2017-01-26 10:03:41 -> Handled Command "network status"
2017-01-26 10:03:59 -> Handled Command "network --status"
2017-01-26 10:04:48 -> Handled Command "network --connect DeathStar"
2017-01-26 10:05:48 -> Handled Command "network --status"
2017-01-26 10:06:54 -> Handled Command "ssh"
2017-01-26 10:07:02 -> Handled Command "ssh 1"
2017-01-26 10:07:18 -> Handled Command "ssh Generic"
2017-01-26 10:07:28 -> Handled Command "ssh ship"
2017-01-26 10:07:51 -> Handled Command "ssh WFADevice"
2017-01-26 10:08:37 -> Handled Command "ssh localhost"
2017-01-26 10:09:15 -> Handled Command "edit localhost"
2017-01-26 10:10:38 -> Handled Command "ssh Tl-WA85ORE"
2017-01-26 10:11:54 -> Handled Command "ssh DeathStar"
2017-01-26 10:12:33 -> Handled Command "ssh localhost"
2017-01-26 10:13:11 -> Handled Command "ssh Wi-Fi"
2017-01-26 10:36:58 -> Handled Command "ssh 192.168.1.138"
2017-01-26 10:37:17 -> Handled Command "ssh 192.168.1.32"
2017-01-26 10:37:21 -> Handled EnvironmentCreate "TL-WA850RE:admin"
2017-01-26 10:37:21 -> Handled EnvironmentCreate "TL-WA850RE:admin"
2017-01-26 10:37:21 -> Handled GetWelcomeText of "admin@TL-WA850RE"
2017-01-26 10:37:21 -> Handled Command "bash"
2017-01-26 10:38:04 -> Handled Command "ssh 192.168.1.138"
2017-01-26 10:38:13 -> Handled EnvironmentCreate "WFADevice:admin"
2017-01-26 10:38:13 -> Handled EnvironmentCreate "WFADevice:admin"
2017-01-26 10:38:13 -> Handled GetWelcomeText of "admin@WFADevice"
2017-01-26 10:38:13 -> Handled Command "bash"
2017-01-26 10:38:26 -> Handled Command "network --status"
2017-01-26 10:38:59 -> Handled Command "ssh 10.0.0.128"
2017-01-26 10:39:10 -> Handled Command "ssh 10.0.0.128"
2017-01-26 10:39:20 -> Handled EnvironmentCreate "sw.death-star:guest"
2017-01-26 10:39:20 -> Handled EnvironmentCreate "sw.death-star:guest"
2017-01-26 10:39:20 -> Handled GetWelcomeText of "guest@sw.death-star"
2017-01-26 10:39:20 -> Handled Command "bash"
2017-01-26 10:39:37 -> Handled Command "su"
2017-01-26 10:39:41 -> Handled Command "su root"
2017-01-26 10:39:56 -> Handled Command "edit"
2017-01-26 10:40:24 -> Handled Command "cd"
2017-01-26 10:40:29 -> Handled Command "cd 10.0.0.128"
2017-01-26 10:41:22 -> Handled Command "help"
2017-01-26 10:41:36 -> Handled Command "chmod"
2017-01-26 10:41:46 -> Handled Command "chmod --help"
2017-01-26 10:42:20 -> Handled Command "cat --help"
2017-01-26 10:42:30 -> Handled Command "cd --help"
2017-01-26 10:42:37 -> Handled Command "bash --help"
2017-01-26 10:42:55 -> Handled Command "cp --help"
2017-01-26 10:43:06 -> Handled Command "ll --help"
2017-01-26 10:43:18 -> Handled Command "ls --help"
2017-01-26 10:43:27 -> Handled Command "ls "
2017-01-26 10:43:36 -> Handled Command "ls Documents"
2017-01-26 10:43:42 -> Handled Command "cd Documents"
2017-01-26 10:43:44 -> Handled Command "ls"
2017-01-26 10:43:52 -> Handled Command "ls Downloads"
2017-01-26 10:44:07 -> Handled Command "cd guest"
2017-01-26 10:44:50 -> Handled Command "ls -a"
2017-01-26 10:44:57 -> Handled Command "ls --all"
2017-01-26 10:45:01 -> Handled Command "ls ."
2017-01-26 10:45:07 -> Handled Command "ls ."
2017-01-26 10:45:11 -> Handled Command "ls .."
2017-01-26 10:45:22 -> Handled Command "cd Music"
2017-01-26 10:45:38 -> Handled Command "pwd --help"
2017-01-26 10:45:42 -> Handled Command "pwd"
2017-01-26 10:46:01 -> Handled Command "mv --help"
2017-01-26 10:46:32 -> Handled Command "mvdir --help"
2017-01-26 10:46:36 -> Handled Command "help"
2017-01-26 10:46:42 -> Handled Command "mkdir -- help"
2017-01-26 10:46:52 -> Handled Command "rm --help"
2017-01-26 10:47:05 -> Handled Command "exit --help"
2017-01-26 10:47:10 -> Handled GetExitText of "guest@sw.death-star"
2017-01-26 10:47:10 -> Handled Command "exit"
2017-01-26 10:47:26 -> Handled Command "ssh 10.0.0.128"
2017-01-26 10:47:29 -> Handled EnvironmentCreate "sw.death-star:guest"
2017-01-26 10:47:29 -> Handled EnvironmentCreate "sw.death-star:guest"
2017-01-26 10:47:29 -> Handled GetWelcomeText of "guest@sw.death-star"
2017-01-26 10:47:29 -> Handled Command "bash"
2017-01-26 10:48:04 -> Handled Command "ls"
2017-01-26 10:48:10 -> Handled Command "ls Downloads"
2017-01-26 10:48:24 -> Handled Command "cd Downloads"
2017-01-26 10:48:26 -> Handled Command "ls"
2017-01-26 10:48:36 -> Handled Command "ls --all"
2017-01-26 10:48:44 -> Handled GetExitText of "guest@sw.death-star"
2017-01-26 10:48:44 -> Handled Command "exit"
2017-01-26 10:48:52 -> Handled Command "ssh 10.0.0.128"
2017-01-26 10:48:56 -> Handled EnvironmentCreate "sw.death-star:guest"
2017-01-26 10:48:56 -> Handled EnvironmentCreate "sw.death-star:guest"
2017-01-26 10:48:56 -> Handled GetWelcomeText of "guest@sw.death-star"
2017-01-26 10:48:56 -> Handled Command "bash"
2017-01-26 10:48:59 -> Handled Command "help"
2017-01-26 10:49:11 -> Handled Command "revert-time --help"
2017-01-26 10:50:16 -> Handled Command "su root"
2017-01-26 10:50:21 -> Handled Command "su root"
2017-01-26 10:50:36 -> Handled EnvironmentCreate "sw.death-star:guest"
2017-01-26 10:50:36 -> Handled Command "bash"
2017-01-26 10:51:22 -> Handled Command "help"
2017-01-26 10:51:29 -> Handled Command "chmod --help"
2017-01-26 10:51:43 -> Handled Command "chmod 700"
2017-01-26 10:51:51 -> Handled Command "chmod 700 d"
2017-01-26 10:52:15 -> Handled Command "chmod 700 Documents"
2017-01-26 10:52:58 -> Handled Command "chmod 700 Downloads"
2017-01-26 10:53:25 -> Handled Command "network --status"
2017-01-26 10:53:38 -> Handled Command "ssh 10.0.0.13"
2017-01-26 10:53:52 -> Handled Command "ssh 10.0.0.2"
2017-01-26 10:54:01 -> Handled Command "ssh 10.0.0.3"
2017-01-26 10:54:27 -> Handled Command "ssh 10.0.0.3"
2017-01-26 10:54:33 -> Handled EnvironmentCreate "WFADevice:admin"
2017-01-26 10:54:33 -> Handled EnvironmentCreate "WFADevice:admin"
2017-01-26 10:54:33 -> Handled GetWelcomeText of "admin@WFADevice"
2017-01-26 10:54:33 -> Handled Command "bash"
2017-01-26 10:54:38 -> Handled Command "help"
2017-01-26 10:54:44 -> Handled Command "su root"
2017-01-26 10:54:58 -> Handled EnvironmentCreate "WFADevice:admin"
2017-01-26 10:54:58 -> Handled Command "bash"
2017-01-26 11:10:46 -> Handled Command "ssh 10.0.0.128"
2017-01-26 11:10:50 -> Handled EnvironmentCreate "sw.death-star:guest"
2017-01-26 11:10:50 -> Handled EnvironmentCreate "sw.death-star:guest"
2017-01-26 11:10:50 -> Handled GetWelcomeText of "guest@sw.death-star"
2017-01-26 11:10:50 -> Handled Command "bash"
2017-01-26 11:10:54 -> Handled Command "help"
2017-01-26 11:10:59 -> Handled Command "cp"
2017-01-26 11:11:01 -> Handled Command "cd"
2017-01-26 11:11:07 -> Handled Command "ls -al "
2017-01-26 11:11:07 -> Handled Command "ll"
2017-01-26 11:11:30 -> Handled Command "cd drwxr-xr-x"
2017-01-26 11:11:35 -> Handled Command "cd .."
2017-01-26 11:11:43 -> Handled Command "cd ."
2017-01-26 11:11:51 -> Handled Command "cd Documents"
2017-01-26 11:12:01 -> Handled Command "cd guest"
2017-01-26 11:12:05 -> Handled Command "cd Documents"
2017-01-26 11:12:09 -> Handled Command "ls -al "
2017-01-26 11:12:09 -> Handled Command "ll"
2017-01-26 11:12:14 -> Handled Command "cd ."
2017-01-26 11:12:18 -> Handled Command "cd .."
2017-01-26 11:12:26 -> Handled Command "cd Downloads"
2017-01-26 11:12:30 -> Handled Command "ls -al "
2017-01-26 11:12:30 -> Handled Command "ll"
2017-01-26 11:12:33 -> Handled Command "cd .."
2017-01-26 11:12:38 -> Handled Command "cd Music"
2017-01-26 11:12:42 -> Handled Command "ls -al "
2017-01-26 11:12:42 -> Handled Command "ll"
2017-01-26 11:12:46 -> Handled Command "cd .."
2017-01-26 11:12:54 -> Handled Command "cd Videos"
2017-01-26 11:12:55 -> Handled Command "ls -al "
2017-01-26 11:12:55 -> Handled Command "ll"
2017-01-26 11:13:01 -> Handled Command "cd .."
2017-01-26 11:13:17 -> Handled Command "pwd --help"
2017-01-26 11:13:19 -> Handled Command "pwd"
2017-01-26 11:13:59 -> Handled Command "network --status"
2017-01-26 11:14:36 -> Handled Command "ln"
2017-01-26 11:14:40 -> Handled Command "ln --help"
2017-01-26 11:20:59 -> Handled Command "network --status"
2017-01-26 11:21:16 -> Handled Command "ssh 10.0.0.3"
2017-01-26 11:21:25 -> Handled EnvironmentCreate "WFADevice:admin"
2017-01-26 11:21:25 -> Handled EnvironmentCreate "WFADevice:admin"
2017-01-26 11:21:25 -> Handled GetWelcomeText of "admin@WFADevice"
2017-01-26 11:21:25 -> Handled Command "bash"
2017-01-26 11:21:34 -> Handled Command "network --status"
2017-01-26 11:21:57 -> Handled Command "ssh 10.0.0.2"
2017-01-26 11:22:06 -> Handled Command "su 10.0.0.2"
2017-01-26 11:26:05 -> Handled Command "ssh 10.0.0.128"
2017-01-26 11:26:09 -> Handled EnvironmentCreate "sw.death-star:guest"
2017-01-26 11:26:09 -> Handled EnvironmentCreate "sw.death-star:guest"
2017-01-26 11:26:09 -> Handled GetWelcomeText of "guest@sw.death-star"
2017-01-26 11:26:09 -> Handled Command "bash"
2017-01-26 11:26:15 -> Handled Command "sw"
2017-01-26 11:26:18 -> Handled Command "help"
2017-01-26 11:26:34 -> Handled Command "ls -al "
2017-01-26 11:26:34 -> Handled Command "ll"
2017-01-26 11:31:55 -> Handled GetExitText of "guest@sw.death-star"
2017-01-26 11:31:55 -> Handled Command "exit"
2017-01-26 11:31:57 -> Handled GetExitText of "admin@WFADevice"
2017-01-26 11:31:57 -> Handled Command "exit"
2017-01-26 11:32:07 -> Handled GetExitText of "guest@sw.death-star"
2017-01-26 11:32:07 -> Handled Command "exit"
2017-01-26 11:32:09 -> Handled Command "exit"
2017-01-26 11:32:10 -> Handled GetExitText of "admin@WFADevice"
2017-01-26 11:32:10 -> Handled Command "exit"
2017-01-26 11:32:26 -> Handled Command "bash --help"
2017-01-26 11:32:46 -> Handled Command "edit"
2017-01-26 11:32:57 -> Handled Command "edit --help"
2017-01-26 11:33:06 -> Handled Command "ls -al "
2017-01-26 11:33:06 -> Handled Command "ll"
2017-01-26 11:33:08 -> Handled Command "ls"
2017-01-26 11:33:19 -> Handled Command "lp"
2017-01-26 11:33:20 -> Handled Command "ld"
2017-01-26 11:33:22 -> Handled Command "ln"
2017-01-26 11:33:29 -> Handled Command "ln 700 Documents"
2017-01-26 11:34:25 -> Handled Command "ln 777 Documents"
2017-01-26 11:34:34 -> Handled Command "ln 600"
2017-01-26 11:34:40 -> Handled Command "ln 600 Documents"
2017-01-26 11:34:55 -> Handled Command "ln 604 Documents"
2017-01-26 11:35:05 -> Handled Command "cd Documents"
2017-01-26 11:35:09 -> Handled Command "ls -al "
2017-01-26 11:35:09 -> Handled Command "ll"
2017-01-26 11:35:15 -> Handled Command "cd ."
2017-01-26 11:35:17 -> Handled Command "cd .."
2017-01-26 11:36:08 -> Handled Command "ln 777 Documents"
2017-01-26 11:36:14 -> Handled Command "ln 666 Documents"
2017-01-26 11:49:46 -> Handled Command "ln 777 documents"
2017-01-26 11:49:56 -> Handled Command "help"
2017-01-26 11:50:05 -> Handled Command "ls -al "
2017-01-26 11:50:05 -> Handled Command "ll"
2017-01-26 11:50:07 -> Handled Command "ln"
2017-01-26 11:50:10 -> Handled Command "ls"
2017-01-26 11:50:13 -> Handled Command "mkdir"
2017-01-26 11:50:22 -> Handled Command "mkdir --help"
2017-01-26 11:50:46 -> Handled Command "su root"
2017-01-26 11:50:56 -> Handled Command "su root "
2017-01-26 11:51:39 -> Handled Command "help"
2017-01-26 11:51:43 -> Handled Command "cat"
2017-01-26 11:51:49 -> Handled Command "cp --help"
2017-01-26 11:52:15 -> Handled Command "bash --help"
2017-01-26 11:52:27 -> Handled Command "/home"
2017-01-26 11:52:30 -> Handled Command "help"
2017-01-26 11:56:58 -> Handled Command "cat"
2017-01-26 11:57:08 -> Handled Command "cp"
2017-01-26 11:57:14 -> Handled Command "pwd"
2017-01-26 11:57:40 -> Handled Command "chmod 705 sw.death-star"
2017-01-26 11:57:51 -> Handled Command "chmod 705 Documents"
2017-01-26 11:58:01 -> Handled Command "cd Documents"
2017-01-26 11:58:03 -> Handled Command "ls"
2017-01-26 11:58:05 -> Handled Command "ls -al "
2017-01-26 11:58:05 -> Handled Command "ll"
