2017-01-26 10:30:37 -> User HrPe logged in.
2017-01-26 10:32:01 -> Handled EnvironmentCreate "ship:user"
2017-01-26 10:32:01 -> Handled GetWelcomeText of "user@ship"
2017-01-26 10:33:00 -> Handled Command "help"
2017-01-26 10:33:12 -> Handled Command "--help"
2017-01-26 10:33:25 -> Handled Command "bash --help"
2017-01-26 10:34:21 -> Handled Command "cat"
2017-01-26 10:34:31 -> Handled Command "bash --cat"
2017-01-26 10:35:16 -> Handled Command "pwd"
2017-01-26 10:35:46 -> Handled Command "nework"
2017-01-26 10:36:08 -> Handled Command "netwok --help"
2017-01-26 10:36:40 -> Handled Command "bash cat"
2017-01-26 10:36:55 -> Handled Command "bash cd"
2017-01-26 10:37:39 -> Handled Command "bash - chmod"
2017-01-26 10:37:44 -> Handled Command "bash --chmod"
2017-01-26 10:38:15 -> Handled Command "cat --help"
2017-01-26 10:39:47 -> Handled Command "cat.txt"
2017-01-26 10:40:24 -> Handled Command "edit --help"
2017-01-26 10:41:26 -> Handled Command "edit/home/user"
2017-01-26 10:43:48 -> Handled Command "edit --cat"
