2017-01-26 10:24:35 -> User IvKo logged in.
2017-01-26 10:25:50 -> Handled EnvironmentCreate "ship:user"
2017-01-26 10:25:50 -> Handled GetWelcomeText of "user@ship"
2017-01-26 10:27:14 -> Handled Command "network"
2017-01-26 10:27:47 -> Handled Command "network"
2017-01-26 10:28:02 -> Handled Command "bash --help"
2017-01-26 10:29:32 -> Handled Command "/network"
2017-01-26 10:29:43 -> Handled Command "´help´"
2017-01-26 10:33:16 -> Handled Command "-network"
2017-01-26 10:33:51 -> Handled Command "--network"
2017-01-26 10:34:18 -> Handled Command "'help'"
2017-01-26 10:34:33 -> Handled Command "'help'"
2017-01-26 10:34:36 -> Handled Command "help"
2017-01-26 10:34:49 -> Handled Command "network"
2017-01-26 10:34:58 -> Handled Command "--help"
2017-01-26 10:35:09 -> Handled Command "network --help"
2017-01-26 10:35:25 -> Handled Command "network --starus"
2017-01-26 10:35:29 -> Handled Command "--status"
2017-01-26 10:35:39 -> Handled Command "network --status"
2017-01-26 10:36:07 -> Handled Command "network --connect DeathStar"
2017-01-26 10:37:37 -> Handled Command "network --ssh"
2017-01-26 10:37:40 -> Handled Command "--ssh"
2017-01-26 10:38:28 -> Handled Command "network --connect "
2017-01-26 10:39:23 -> Handled Command "network --connect admin"
2017-01-26 10:40:04 -> Handled Command "network --help"
2017-01-26 10:40:12 -> Handled Command "network --status"
2017-01-26 10:41:34 -> Handled Command "--ssh"
2017-01-26 10:41:44 -> Handled Command "ssh --help"
2017-01-26 10:42:17 -> Handled Command "ssh admin connect"
2017-01-26 10:42:38 -> Handled Command "ssh Generic connect"
2017-01-26 10:43:17 -> Handled Command "ssh Generic@192.168.1.234"
2017-01-26 10:44:08 -> Handled Command "ssh WFADevice@192.168.1.138"
2017-01-26 10:44:25 -> Handled Command "Generic"
2017-01-26 10:45:36 -> Handled Command "ssh ship@192.168.1.30"
2017-01-26 10:49:00 -> Handled Command "ssh ship@192.168.1.30"
2017-01-26 10:49:41 -> Handled Command "ssh Generic@192.168.1.3"
2017-01-26 10:50:13 -> Handled Command "ssh ship@192.168.1.30"
2017-01-26 10:50:56 -> Handled Command "ssh WFADevice@192.168.1.30"
2017-01-26 10:51:25 -> Handled Command "cat --help"
2017-01-26 10:51:34 -> Handled Command "cd --help"
