2017-01-26 10:25:47 -> User KrKu logged in.
2017-01-26 10:27:31 -> Handled EnvironmentCreate "ship:user"
2017-01-26 10:27:31 -> Handled GetWelcomeText of "user@ship"
2017-01-26 10:29:52 -> Handled Command "bash --help"
2017-01-26 10:31:40 -> Handled Command "network"
2017-01-26 10:32:01 -> Handled Command "network --help"
2017-01-26 10:32:48 -> Handled Command "network --status"
2017-01-26 10:34:19 -> Handled Command "network --connect DeathStar"
2017-01-26 10:36:52 -> Handled Command "network --status"
2017-01-26 10:38:12 -> Handled Command "ssh --help"
2017-01-26 10:39:58 -> Handled Command "ssh 192.168.1.138 bash"
2017-01-26 10:41:39 -> Handled Command "ssh 192.168.1.32 bash"
2017-01-26 10:41:53 -> Handled EnvironmentCreate "TL-WA850RE:admin"
2017-01-26 10:41:53 -> Handled EnvironmentCreate "TL-WA850RE:admin"
2017-01-26 10:41:53 -> Handled GetWelcomeText of "admin@TL-WA850RE"
2017-01-26 10:41:53 -> Handled Command "bash"
2017-01-26 10:43:08 -> Handled Command "ssh 192.168.1.138 bash"
2017-01-26 10:44:51 -> Handled Command "ssh 192.168.1.138 bash"
2017-01-26 10:45:18 -> Handled EnvironmentCreate "WFADevice:admin"
2017-01-26 10:45:18 -> Handled EnvironmentCreate "WFADevice:admin"
2017-01-26 10:45:18 -> Handled GetWelcomeText of "admin@WFADevice"
2017-01-26 10:45:18 -> Handled Command "bash"
2017-01-26 10:46:07 -> Handled Command "network --status"
2017-01-26 10:48:11 -> Handled Command "ssh 10.0.0.2 bash"
2017-01-26 10:48:47 -> Handled Command "ssh 10.0.0.128 bash"
2017-01-26 10:50:04 -> Handled Command "ssh 10.0.0.3 bash"
2017-01-26 10:51:11 -> Handled Command "ssh 10.0.0.13 bash"
2017-01-26 10:52:04 -> Handled Command "ssh 10.0.0.128 bash"
2017-01-26 10:52:13 -> Handled EnvironmentCreate "sw.death-star:guest"
2017-01-26 10:52:13 -> Handled EnvironmentCreate "sw.death-star:guest"
2017-01-26 10:52:13 -> Handled GetWelcomeText of "guest@sw.death-star"
2017-01-26 10:52:13 -> Handled Command "bash"
2017-01-26 10:53:16 -> Handled Command "--help"
2017-01-26 10:53:24 -> Handled Command "help"
2017-01-26 10:54:22 -> Handled Command "su --help"
2017-01-26 10:54:49 -> Handled Command "edit --help"
2017-01-26 10:55:13 -> Handled Command "pwd --help"
2017-01-26 10:55:44 -> Handled Command "bash --help"
2017-01-26 10:57:23 -> Handled Command "su root"
2017-01-26 10:58:14 -> Handled Command "Tab --help"
2017-01-26 10:58:36 -> Handled Command "su root"
2017-01-26 11:02:37 -> Handled Command "pwd --help"
2017-01-26 11:02:45 -> Handled Command "pwd"
2017-01-26 11:03:07 -> Handled Command "/home/root"
2017-01-26 11:04:22 -> Handled Command "chmod --help"
2017-01-26 11:09:34 -> Handled Command "mkdir --help"
2017-01-26 11:10:09 -> Handled Command "network --status"
2017-01-26 11:11:11 -> Handled Command "ls --help"
2017-01-26 11:11:35 -> Handled Command "ls --all"
2017-01-26 11:12:28 -> Handled Command "cd --help"
2017-01-26 11:12:53 -> Handled Command "ln --help"
2017-01-26 11:13:46 -> Handled Command "rmdir --help"
2017-01-26 11:14:19 -> Handled Command "rm --help"
2017-01-26 11:15:01 -> Handled Command "cp m--help"
2017-01-26 11:15:22 -> Handled Command "cp --help"
2017-01-26 11:15:50 -> Handled Command "cat --help"
2017-01-26 11:16:23 -> Handled Command "cat Documents"
2017-01-26 11:16:57 -> Handled Command "ll --help"
2017-01-26 11:19:12 -> Handled Command "ls --all Documents"
2017-01-26 11:19:47 -> Handled Command "ls --all Downloads"
2017-01-26 11:20:11 -> Handled Command "ls --all Videos"
2017-01-26 11:20:27 -> Handled Command "ls --all Music"
2017-01-26 11:22:36 -> Handled Command "Tab on"
2017-01-26 11:22:52 -> Handled Command "Tab: on"
2017-01-26 11:24:05 -> Handled Command "ssh localhost"
2017-01-26 11:24:17 -> Handled EnvironmentCreate "sw.death-star:guest"
2017-01-26 11:24:17 -> Handled EnvironmentCreate "sw.death-star:guest"
2017-01-26 11:24:17 -> Handled Command "bash"
2017-01-26 11:24:41 -> Handled Command "ssh localhost"
2017-01-26 11:26:32 -> Handled Command "chmod 777"
2017-01-26 11:27:25 -> Handled Command "chmod 777 guest@sw.death-star"
2017-01-26 11:27:53 -> Handled Command "chmod 777 guest"
