2017-01-26 10:01:09 -> User PaLu logged in.
2017-01-26 10:01:09 -> Handled EnvironmentCreate "ship:user"
2017-01-26 10:01:09 -> Handled GetWelcomeText of "user@ship"
2017-01-26 10:02:30 -> Handled Command "--help"
2017-01-26 10:02:43 -> Handled Command "bash --help"
2017-01-26 10:05:17 -> Handled Command "help"
2017-01-26 10:06:05 -> Handled Command "/home"
2017-01-26 10:06:20 -> Handled Command "help"
2017-01-26 10:06:49 -> Handled Command "netwark"
2017-01-26 10:06:59 -> Handled Command "--network"
2017-01-26 10:07:05 -> Handled Command "netwark"
2017-01-26 10:08:16 -> Handled Command "help 0xFE79"
2017-01-26 10:08:21 -> Handled Command "help netwark"
2017-01-26 10:08:27 -> Handled Command "help network"
2017-01-26 10:08:44 -> Handled Command "network --help"
2017-01-26 10:09:01 -> Handled Command "--status"
2017-01-26 10:09:14 -> Handled Command "network --status"
2017-01-26 10:09:42 -> Handled Command "network --connect"
2017-01-26 10:10:37 -> Handled Command "network --connect deathstar"
2017-01-26 10:10:50 -> Handled Command "network --connect ship"
2017-01-26 10:11:15 -> Handled Command "network --connect localhost"
2017-01-26 10:12:33 -> Handled Command "network --help"
2017-01-26 10:12:50 -> Handled Command "network --connect shit"
2017-01-26 10:13:05 -> Handled Command "network --connect ship"
2017-01-26 10:13:22 -> Handled Command "network --status ship"
2017-01-26 10:13:34 -> Handled Command "network --status"
2017-01-26 10:14:18 -> Handled Command "network --connect 127.0.0.1"
2017-01-26 10:14:35 -> Handled Command "network --connect localhost"
2017-01-26 10:14:58 -> Handled Command "network --connect localhost ship"
2017-01-26 10:15:06 -> Handled Command "network --connect ship"
2017-01-26 10:15:27 -> Handled Command "network --connect Deathstar"
2017-01-26 10:16:03 -> Handled Command "network --connect Wi-fi"
2017-01-26 10:16:35 -> Handled Command "network --help"
2017-01-26 10:16:43 -> Handled Command "--help"
2017-01-26 10:16:58 -> Handled Command "help"
2017-01-26 10:17:09 -> Handled Command "help --netwaork"
2017-01-26 10:17:20 -> Handled Command "help --network"
2017-01-26 10:17:29 -> Handled Command "help --edit"
2017-01-26 10:17:39 -> Handled Command "edit --help"
2017-01-26 10:18:11 -> Handled Command "network --status edit"
2017-01-26 10:18:25 -> Handled Command "network --connect edit"
2017-01-26 10:18:38 -> Handled Command "bash --help"
2017-01-26 10:19:35 -> Handled Command "/home/user"
2017-01-26 10:19:39 -> Handled Command "/home"
2017-01-26 10:19:46 -> Handled Command "help --ome"
2017-01-26 10:19:52 -> Handled Command "help --home"
