2017-01-26 09:33:09 -> User MiSl logged in.
2017-01-26 09:33:20 -> Handled EnvironmentCreate "ship:user"
2017-01-26 09:33:20 -> Handled GetWelcomeText of "user@ship"
2017-01-26 09:34:07 -> Handled Command "network"
2017-01-26 09:34:16 -> Handled Command "help"
2017-01-26 09:34:51 -> Handled Command "bash)"
2017-01-26 09:34:54 -> Handled EnvironmentCreate "ship:user"
2017-01-26 09:34:54 -> Handled Command "bash"
2017-01-26 09:35:04 -> Handled Command "network "
2017-01-26 09:35:29 -> Handled Command "network 0xFE79"
2017-01-26 09:46:08 -> Handled Command "cd"
2017-01-26 09:46:29 -> Handled Command "help"
2017-01-26 09:46:43 -> Handled Command "chmod"
2017-01-26 09:46:50 -> Handled EnvironmentCreate "ship:user"
2017-01-26 09:46:50 -> Handled Command "bash"
2017-01-26 10:36:27 -> Handled Command "bash-diff"
2017-01-26 10:36:32 -> Handled Command "help"
2017-01-26 10:36:40 -> Handled Command "network 1"
2017-01-26 10:36:42 -> Handled Command "network "
2017-01-26 10:36:51 -> Handled Command "network"
2017-01-26 10:37:10 -> Handled Command "network 0xFE79"
2017-01-26 10:37:17 -> Handled Command "exit"
2017-01-26 10:37:47 -> Handled Command "--help"
2017-01-26 10:38:05 -> Handled Command "netsh wlan show profiles"
2017-01-26 11:51:42 -> User MiSl logged in.
2017-01-26 11:51:42 -> Handled EnvironmentCreate "ship:user"
2017-01-26 11:51:42 -> Handled GetWelcomeText of "user@ship"
2017-01-26 11:52:16 -> Handled Command "revert-time"
2017-01-26 11:52:26 -> Handled Command "-f"
2017-01-26 11:52:30 -> Handled Command "start"
2017-01-26 11:52:46 -> Handled Command "network"
2017-01-26 11:52:53 -> Handled Command "help"
2017-01-26 11:54:09 -> Handled Command "network -help"
2017-01-26 11:54:25 -> Handled Command "cp -hlep"
