2017-01-26 10:39:24 -> User HoFi logged in.
2017-01-26 10:42:54 -> Handled EnvironmentCreate "ship:user"
2017-01-26 10:42:54 -> Handled GetWelcomeText of "user@ship"
2017-01-26 10:45:37 -> Handled Command "bash --help"
2017-01-26 10:48:16 -> Handled Command "network"
2017-01-26 10:48:47 -> Handled Command "network --help"
2017-01-26 10:49:09 -> Handled Command "network --status"
2017-01-26 10:50:18 -> Handled Command "network --connect DeathStar"
2017-01-26 10:51:38 -> Handled Command "ssh"
2017-01-26 10:51:47 -> Handled Command "ssh --help"
2017-01-26 10:52:13 -> Handled Command "network --status"
2017-01-26 10:53:41 -> Handled Command "ssh 192.168.1.32"
2017-01-26 10:53:48 -> Handled EnvironmentCreate "TL-WA850RE:admin"
2017-01-26 10:53:48 -> Handled EnvironmentCreate "TL-WA850RE:admin"
2017-01-26 10:53:48 -> Handled GetWelcomeText of "admin@TL-WA850RE"
2017-01-26 10:53:48 -> Handled Command "bash"
2017-01-26 10:54:56 -> Handled GetExitText of "admin@TL-WA850RE"
2017-01-26 10:54:56 -> Handled Command "exit"
2017-01-26 10:55:07 -> Handled Command "ssh 192.168.1.138"
2017-01-26 10:55:50 -> Handled EnvironmentCreate "WFADevice:admin"
2017-01-26 10:55:50 -> Handled EnvironmentCreate "WFADevice:admin"
2017-01-26 10:55:50 -> Handled GetWelcomeText of "admin@WFADevice"
2017-01-26 10:55:50 -> Handled Command "bash"
2017-01-26 10:56:14 -> Handled Command "help"
2017-01-26 10:56:57 -> Handled GetExitText of "admin@WFADevice"
2017-01-26 10:56:57 -> Handled Command "exit"
2017-01-26 10:57:04 -> Handled Command "ssh 192.168.1.32"
2017-01-26 10:57:10 -> Handled EnvironmentCreate "TL-WA850RE:admin"
2017-01-26 10:57:10 -> Handled EnvironmentCreate "TL-WA850RE:admin"
2017-01-26 10:57:10 -> Handled GetWelcomeText of "admin@TL-WA850RE"
2017-01-26 10:57:10 -> Handled Command "bash"
2017-01-26 10:57:16 -> Handled Command "list"
2017-01-26 10:57:21 -> Handled Command "help"
2017-01-26 10:57:34 -> Handled Command "network"
2017-01-26 10:57:42 -> Handled Command "network --status"
2017-01-26 10:57:54 -> Handled GetExitText of "admin@TL-WA850RE"
2017-01-26 10:57:54 -> Handled Command "exit"
2017-01-26 10:57:58 -> Handled Command "ssh 192.168.1.30"
2017-01-26 10:58:06 -> Handled Command "ssh 192.168.1.30"
2017-01-26 10:58:31 -> Handled Command "ssh 192.168.1.138"
2017-01-26 10:58:54 -> Handled Command "ssh 192.168.1.30"
2017-01-26 10:59:31 -> Handled Command "ssh 192.168.1.30"
2017-01-26 10:59:51 -> Handled Command "ssh 192.168.1.138"
2017-01-26 11:00:15 -> Handled EnvironmentCreate "WFADevice:admin"
2017-01-26 11:00:15 -> Handled EnvironmentCreate "WFADevice:admin"
2017-01-26 11:00:15 -> Handled GetWelcomeText of "admin@WFADevice"
2017-01-26 11:00:15 -> Handled Command "bash"
2017-01-26 11:00:29 -> Handled Command "network --status"
2017-01-26 11:01:24 -> Handled GetExitText of "admin@WFADevice"
2017-01-26 11:01:24 -> Handled Command "exit"
2017-01-26 11:01:35 -> Handled Command "ssh 10.0.0.128"
2017-01-26 11:01:54 -> Handled Command "ssh 10.0.0.13"
2017-01-26 11:02:05 -> Handled Command "ssh 10.0.0.2"
2017-01-26 11:02:29 -> Handled Command "ssh 10.0.0.3"
2017-01-26 11:02:36 -> Handled Command "ssh --help"
2017-01-26 11:03:13 -> Handled Command "ssh guest@10.0.0.3"
2017-01-26 11:03:18 -> Handled Command "ssh guest@10.0.0.128"
2017-01-26 11:03:30 -> Handled Command "ssh guest@10.0.0.13"
2017-01-26 11:03:39 -> Handled Command "ssh guest@10.0.0.2"
2017-01-26 11:03:58 -> Handled Command "ssh 192.168.1.138"
2017-01-26 11:04:10 -> Handled EnvironmentCreate "WFADevice:admin"
2017-01-26 11:04:10 -> Handled EnvironmentCreate "WFADevice:admin"
2017-01-26 11:04:10 -> Handled GetWelcomeText of "admin@WFADevice"
2017-01-26 11:04:10 -> Handled Command "bash"
2017-01-26 11:04:21 -> Handled Command "ssh 10.0.0.128"
2017-01-26 11:04:25 -> Handled EnvironmentCreate "sw.death-star:guest"
2017-01-26 11:04:25 -> Handled EnvironmentCreate "sw.death-star:guest"
2017-01-26 11:04:25 -> Handled GetWelcomeText of "guest@sw.death-star"
2017-01-26 11:04:25 -> Handled Command "bash"
2017-01-26 11:05:19 -> Handled Command "ls"
2017-01-26 11:05:40 -> Handled Command "cd Documents/"
2017-01-26 11:05:43 -> Handled Command "ls"
2017-01-26 11:05:53 -> Handled Command "ls"
2017-01-26 11:05:57 -> Handled Command "dir"
2017-01-26 11:06:05 -> Handled Command "cd .."
2017-01-26 11:06:12 -> Handled Command "cd Downloads/"
2017-01-26 11:06:14 -> Handled Command "ls"
2017-01-26 11:06:21 -> Handled Command "cd .."
2017-01-26 11:06:30 -> Handled Command "cd Music/"
2017-01-26 11:06:33 -> Handled Command "ls"
2017-01-26 11:06:36 -> Handled Command "cd .."
2017-01-26 11:06:47 -> Handled Command "cd Videos/"
2017-01-26 11:06:48 -> Handled Command "ls"
2017-01-26 11:06:55 -> Handled Command "cd .."
2017-01-26 11:07:16 -> Handled Command "sudo cd Documents/"
2017-01-26 11:07:32 -> Handled Command "su cd Documents/"
2017-01-26 11:07:38 -> Handled Command "su cd Documents/"
2017-01-26 11:08:11 -> Handled Command "su root"
2017-01-26 11:08:17 -> Handled Command "su root"
2017-01-26 11:08:27 -> Handled Command "su root"
2017-01-26 11:10:13 -> Handled Command "login root"
2017-01-26 11:10:16 -> Handled Command "help"
2017-01-26 11:10:32 -> Handled EnvironmentCreate "sw.death-star:guest"
2017-01-26 11:10:32 -> Handled Command "bash"
2017-01-26 11:10:37 -> Handled Command "bash --help"
2017-01-26 11:10:49 -> Handled Command "pwd --help"
2017-01-26 11:10:55 -> Handled Command "pwd"
2017-01-26 11:11:02 -> Handled Command "cd.."
2017-01-26 11:11:05 -> Handled Command "cd .."
2017-01-26 11:11:10 -> Handled Command "pwd"
2017-01-26 11:11:18 -> Handled Command "ls"
2017-01-26 11:11:22 -> Handled Command "cd .."
2017-01-26 11:11:24 -> Handled Command "ls"
2017-01-26 11:11:39 -> Handled Command "cd root"
2017-01-26 11:11:41 -> Handled Command "ls"
2017-01-26 11:11:49 -> Handled Command "cd Documents/"
2017-01-26 11:11:51 -> Handled Command "ls"
2017-01-26 11:12:51 -> Handled Command "ÚkolyProNovéAdministrátory"
2017-01-26 11:12:59 -> Handled Command "edit ÚkolyProNovéAdministrátory"
2017-01-26 11:14:33 -> Handled Command "edit ÚkolyProNovéAdministrátory"
2017-01-26 11:14:58 -> Handled Command "exit"
2017-01-26 11:15:07 -> Handled Command "ls"
2017-01-26 11:15:15 -> Handled Command "sudo root"
2017-01-26 11:15:23 -> Handled Command "su root"
2017-01-26 11:15:37 -> Handled Command "su root"
2017-01-26 11:15:47 -> Handled Command "su root"
2017-01-26 11:15:56 -> Handled Command "su root"
2017-01-26 11:16:06 -> Handled Command "su root"
2017-01-26 11:16:16 -> Handled EnvironmentCreate "sw.death-star:root"
2017-01-26 11:16:16 -> Handled EnvironmentCreate "sw.death-star:root"
2017-01-26 11:16:16 -> Handled GetWelcomeText of "root@sw.death-star"
2017-01-26 11:16:16 -> Handled Command "bash"
2017-01-26 11:16:34 -> Handled Command "ls"
2017-01-26 11:16:46 -> Handled Command "cs Documents/"
2017-01-26 11:16:50 -> Handled Command "cd Documents/"
2017-01-26 11:16:52 -> Handled Command "ls"
2017-01-26 11:16:57 -> Handled Command "cd .."
2017-01-26 11:17:04 -> Handled Command "cd Downloads/"
2017-01-26 11:17:05 -> Handled Command "ls"
2017-01-26 11:17:29 -> Handled Command "help"
2017-01-26 11:18:42 -> Handled Command "cd .."
2017-01-26 11:18:50 -> Handled Command "cd Music/"
2017-01-26 11:18:52 -> Handled Command "ls"
2017-01-26 11:19:00 -> Handled Command "cd BestOfNoCopyrightSounds/"
2017-01-26 11:19:02 -> Handled Command "ls"
2017-01-26 11:19:10 -> Handled Command "cd .."
2017-01-26 11:19:12 -> Handled Command "cd .."
2017-01-26 11:19:23 -> Handled Command "cd Videos/"
2017-01-26 11:19:24 -> Handled Command "ls"
2017-01-26 11:19:38 -> Handled Command "cd .."
2017-01-26 11:19:47 -> Handled Command "cd Downloads/"
2017-01-26 11:19:54 -> Handled Command "edit BestOfNoCopyrightSounds.zip"
2017-01-26 11:20:13 -> Handled Command "cd .."
2017-01-26 11:20:20 -> Handled Command "ls"
2017-01-26 11:20:28 -> Handled Command "cd .."
2017-01-26 11:20:31 -> Handled Command "ls"
2017-01-26 11:20:50 -> Handled Command "cd proc"
2017-01-26 11:20:51 -> Handled Command "ls"
2017-01-26 11:20:55 -> Handled Command "cd .."
2017-01-26 11:21:09 -> Handled Command "cd run"
2017-01-26 11:21:11 -> Handled Command "ls"
2017-01-26 11:21:18 -> Handled Command "cd .."
2017-01-26 11:21:38 -> Handled Command "cd bin"
2017-01-26 11:21:42 -> Handled Command "ls¨"
2017-01-26 11:21:45 -> Handled Command "ls"
2017-01-26 11:21:48 -> Handled Command "cd .."
2017-01-26 11:21:58 -> Handled Command "rm *"
2017-01-26 11:22:34 -> Handled Command "cat help"
2017-01-26 11:22:40 -> Handled Command "cat -help"
2017-01-26 11:22:58 -> Handled Command "cat --help"
2017-01-26 11:23:09 -> Handled Command "cd root"
2017-01-26 11:23:18 -> Handled Command "cd Downloads/"
2017-01-26 11:23:26 -> Handled Command "cat BestOfNoCopyrightSounds.zip"
2017-01-26 11:23:30 -> Handled Command "cat"
2017-01-26 11:24:02 -> Handled Command "cd BestOfNoCopyrightSounds.zip"
2017-01-26 11:24:23 -> Handled Command "opt --help"
2017-01-26 11:24:34 -> Handled Command "opt"
2017-01-26 11:24:55 -> Handled Command "mw --help"
2017-01-26 11:26:50 -> Handled Command "help"
2017-01-26 11:27:05 -> Handled Command "ll --help"
2017-01-26 11:27:12 -> Handled Command "ls -al "
2017-01-26 11:27:12 -> Handled Command "ll"
2017-01-26 11:27:28 -> Handled Command "cd.."
2017-01-26 11:27:29 -> Handled Command "ls -al "
2017-01-26 11:27:29 -> Handled Command "ll"
2017-01-26 11:27:36 -> Handled Command "cd .."
2017-01-26 11:27:38 -> Handled Command "ls -al "
2017-01-26 11:27:38 -> Handled Command "ll"
2017-01-26 11:28:15 -> Handled Command "cd Documents/"
2017-01-26 11:28:16 -> Handled Command "ls -al "
2017-01-26 11:28:16 -> Handled Command "ll"
2017-01-26 11:28:36 -> Handled Command "edit ÚkolyProNovéAdministrátory"
2017-01-26 11:45:42 -> Handled Command "cd .."
2017-01-26 11:45:46 -> Handled Command "ls -al "
2017-01-26 11:45:46 -> Handled Command "ll"
2017-01-26 11:45:50 -> Handled Command "cd.."
2017-01-26 11:45:54 -> Handled Command "cd .."
2017-01-26 11:45:57 -> Handled Command "ls -al "
2017-01-26 11:45:57 -> Handled Command "ll"
2017-01-26 11:46:04 -> Handled Command "rm *"
2017-01-26 11:46:10 -> Handled Command "rm /*"
2017-01-26 11:46:16 -> Handled Command "rm "
2017-01-26 11:47:02 -> Handled Command "mr -help"
2017-01-26 11:47:05 -> Handled Command "mr --help"
2017-01-26 11:47:15 -> Handled Command "rm --help"
2017-01-26 11:47:28 -> Handled Command "rm -r"
2017-01-26 11:47:39 -> Handled Command "rm /*"
2017-01-26 11:47:42 -> Handled Command "rm /*:"
2017-01-26 11:50:15 -> Handled Command "rm all"
