2017-01-26 11:44:25 -> User IvSa logged in.
2017-01-26 11:44:30 -> Handled EnvironmentCreate "ship:user"
2017-01-26 11:44:30 -> Handled GetWelcomeText of "user@ship"
2017-01-26 11:44:37 -> Handled Command "network --status"
2017-01-26 11:44:56 -> Handled Command "network --connect DeathStar"
2017-01-26 11:45:09 -> Handled Command "network"
2017-01-26 11:45:13 -> Handled Command "network --status"
2017-01-26 11:45:27 -> Handled Command "ssh 192.168.1.138"
2017-01-26 11:45:40 -> Handled EnvironmentCreate "WFADevice:admin"
2017-01-26 11:45:40 -> Handled EnvironmentCreate "WFADevice:admin"
2017-01-26 11:45:40 -> Handled GetWelcomeText of "admin@WFADevice"
2017-01-26 11:45:40 -> Handled Command "bash"
2017-01-26 11:45:56 -> Handled Command "network --status"
2017-01-26 11:46:12 -> Handled Command "ssh 10.0.0.128"
2017-01-26 11:46:15 -> Handled EnvironmentCreate "sw.death-star:guest"
2017-01-26 11:46:15 -> Handled EnvironmentCreate "sw.death-star:guest"
2017-01-26 11:46:15 -> Handled GetWelcomeText of "guest@sw.death-star"
2017-01-26 11:46:15 -> Handled Command "bash"
2017-01-26 11:46:33 -> Handled Command "su"
2017-01-26 11:46:36 -> Handled Command "su root"
2017-01-26 11:46:40 -> Handled Command "su root"
2017-01-26 11:46:48 -> Handled Command "ls"
2017-01-26 11:47:00 -> Handled Command "cd Dosuments"
2017-01-26 11:47:06 -> Handled Command "cd Documents"
2017-01-26 11:47:07 -> Handled Command "ls"
2017-01-26 11:47:14 -> Handled Command "ls"
2017-01-26 11:47:15 -> Handled Command "ls -al "
2017-01-26 11:47:15 -> Handled Command "ll"
2017-01-26 11:47:21 -> Handled Command "cd .."
2017-01-26 11:47:22 -> Handled Command "la"
2017-01-26 11:47:23 -> Handled Command "ls"
2017-01-26 11:47:32 -> Handled Command "ls Downloads"
2017-01-26 11:47:37 -> Handled Command "ls Music"
2017-01-26 11:47:40 -> Handled Command "ls Videos"
2017-01-26 11:47:45 -> Handled Command "ls -al Downloads"
2017-01-26 11:47:45 -> Handled Command "ll Downloads"
2017-01-26 11:48:12 -> Handled Command "network --connect"
2017-01-26 11:48:16 -> Handled Command "network --status"
2017-01-26 11:48:35 -> Handled Command "ssh 10.0.0.3"
2017-01-26 11:48:42 -> Handled EnvironmentCreate "WFADevice:admin"
2017-01-26 11:48:42 -> Handled EnvironmentCreate "WFADevice:admin"
2017-01-26 11:48:42 -> Handled GetWelcomeText of "admin@WFADevice"
2017-01-26 11:48:42 -> Handled Command "bash"
2017-01-26 11:48:50 -> Handled Command "network --status"
2017-01-26 11:49:11 -> Handled Command "ssh 192.168.1.32"
2017-01-26 11:49:13 -> Handled EnvironmentCreate "TL-WA850RE:admin"
2017-01-26 11:49:13 -> Handled EnvironmentCreate "TL-WA850RE:admin"
2017-01-26 11:49:13 -> Handled GetWelcomeText of "admin@TL-WA850RE"
2017-01-26 11:49:13 -> Handled Command "bash"
2017-01-26 11:49:29 -> Handled Command "ssh 192.168.1.30"
2017-01-26 11:49:33 -> Handled Command "ssh 192.168.1.30"
2017-01-26 11:49:44 -> Handled Command "ssh 192.168.1.30"
2017-01-26 11:49:53 -> Handled Command "ls"
2017-01-26 11:49:55 -> Handled Command "help"
2017-01-26 11:50:05 -> Handled Command "network --status"
2017-01-26 11:50:18 -> Handled Command "ssh 192.168.1.3"
2017-01-26 11:50:25 -> Handled Command "ssh 192.168.1.196"
2017-01-26 11:50:38 -> Handled Command "ssh 192.168.1.138"
2017-01-26 11:50:45 -> Handled EnvironmentCreate "WFADevice:admin"
2017-01-26 11:50:45 -> Handled EnvironmentCreate "WFADevice:admin"
2017-01-26 11:50:45 -> Handled GetWelcomeText of "admin@WFADevice"
2017-01-26 11:50:45 -> Handled Command "bash"
2017-01-26 11:50:48 -> Handled Command "help"
2017-01-26 11:50:59 -> Handled Command "network --status"
2017-01-26 11:51:37 -> Handled Command "ssh 10.0.0.128"
2017-01-26 11:51:40 -> Handled EnvironmentCreate "sw.death-star:guest"
2017-01-26 11:51:40 -> Handled EnvironmentCreate "sw.death-star:guest"
2017-01-26 11:51:40 -> Handled GetWelcomeText of "guest@sw.death-star"
2017-01-26 11:51:40 -> Handled Command "bash"
2017-01-26 11:51:50 -> Handled Command "ls"
2017-01-26 11:51:53 -> Handled Command "ls Documens"
2017-01-26 11:51:56 -> Handled Command "ls Documents"
2017-01-26 11:52:03 -> Handled Command "help"
2017-01-26 11:52:08 -> Handled Command "ln --help"
2017-01-26 11:52:23 -> Handled Command "mkdir --help"
2017-01-26 11:52:36 -> Handled Command "edit --help"
2017-01-26 11:52:51 -> Handled Command "ls -al "
2017-01-26 11:52:51 -> Handled Command "ll"
2017-01-26 11:53:00 -> Handled Command "cd .."
2017-01-26 11:53:04 -> Handled Command "ls -al "
2017-01-26 11:53:04 -> Handled Command "ll"
2017-01-26 11:53:11 -> Handled Command "ls guest"
2017-01-26 11:53:17 -> Handled Command "cd .."
2017-01-26 11:53:19 -> Handled Command "ld"
2017-01-26 11:53:20 -> Handled Command "ls"
2017-01-26 11:53:23 -> Handled Command "edit tmp"
2017-01-26 11:53:34 -> Handled Command "edit root"
2017-01-26 11:53:43 -> Handled Command "cd root"
2017-01-26 11:53:45 -> Handled Command "ls"
2017-01-26 11:53:53 -> Handled Command "Documents"
2017-01-26 11:53:59 -> Handled Command "cd Documents"
2017-01-26 11:54:01 -> Handled Command "ls"
2017-01-26 11:54:17 -> Handled Command "cat ÚkolyProNovéAdministrátory"
2017-01-26 11:56:17 -> Handled Command "us"
2017-01-26 11:56:19 -> Handled Command "us root"
2017-01-26 11:56:21 -> Handled Command "su root"
2017-01-26 11:56:39 -> Handled Command "su root"
2017-01-26 11:56:53 -> Handled Command "su root"
2017-01-26 11:57:05 -> Handled Command "root"
2017-01-26 11:57:09 -> Handled Command "su root"
2017-01-26 11:57:33 -> Handled Command "su root"
2017-01-26 11:57:41 -> Handled EnvironmentCreate "sw.death-star:root"
2017-01-26 11:57:41 -> Handled EnvironmentCreate "sw.death-star:root"
2017-01-26 11:57:41 -> Handled GetWelcomeText of "root@sw.death-star"
2017-01-26 11:57:41 -> Handled Command "bash"
2017-01-26 11:57:47 -> Handled Command "ls"
2017-01-26 11:57:49 -> Handled Command "ls documents"
2017-01-26 11:57:55 -> Handled Command "ls Documents"
2017-01-26 11:58:01 -> Handled Command "help"
2017-01-26 11:58:06 -> Handled Command "security"
2017-01-26 11:58:09 -> Handled Command "security --help"
2017-01-26 11:58:19 -> Handled Command "security --deactivate"
