2017-01-26 10:23:43 -> User HoBu logged in.
2017-01-26 10:26:02 -> Handled EnvironmentCreate "ship:user"
2017-01-26 10:26:02 -> Handled GetWelcomeText of "user@ship"
2017-01-26 10:28:10 -> Handled Command "help"
2017-01-26 10:28:28 -> Handled Command "--help"
2017-01-26 10:29:07 -> Handled Command "0xFE79"
2017-01-26 10:29:18 -> Handled Command "help"
2017-01-26 10:30:10 -> Handled Command "network"
2017-01-26 10:30:27 -> Handled Command "network"
2017-01-26 10:30:36 -> Handled Command "--network"
2017-01-26 10:31:08 -> Handled Command "network"
2017-01-26 10:31:31 -> Handled Command "network status"
2017-01-26 10:31:52 -> Handled Command "network-status"
2017-01-26 10:32:15 -> Handled Command "network"
2017-01-26 10:32:45 -> Handled Command " --network"
2017-01-26 10:32:51 -> Handled Command "help"
2017-01-26 10:32:59 -> Handled Command "network"
2017-01-26 10:33:20 -> Handled Command "bass help"
2017-01-26 10:33:40 -> Handled Command "bash --help"
2017-01-26 10:35:23 -> Handled Command "-network"
2017-01-26 10:35:30 -> Handled Command "/network"
2017-01-26 10:35:37 -> Handled Command "--network"
2017-01-26 10:35:51 -> Handled Command "bash --network"
2017-01-26 10:36:10 -> Handled Command "bash network"
2017-01-26 10:36:17 -> Handled Command "network¨"
2017-01-26 10:36:28 -> Handled Command "--netwoek"
2017-01-26 10:36:35 -> Handled Command "network --help"
2017-01-26 10:36:57 -> Handled Command "network --status"
2017-01-26 10:37:27 -> Handled Command "network --connect"
2017-01-26 10:37:59 -> Handled Command "network"
2017-01-26 11:25:27 -> Handled Command "--network"
2017-01-26 11:25:32 -> Handled Command "netwok"
2017-01-26 11:25:40 -> Handled Command "base --network"
2017-01-26 11:25:56 -> Handled Command "network --status"
2017-01-26 11:33:13 -> Handled Command "network --conect "DathStar""
2017-01-26 11:34:12 -> Handled Command "network --conect "starwars""
2017-01-26 11:37:38 -> Handled Command "network --connect "DathStar""
2017-01-26 11:37:55 -> Handled Command "network --conect "DeathStar""
2017-01-26 11:38:54 -> Handled Command "network --status"
