2017-01-26 11:54:15 -> User NoSp logged in.
2017-01-26 11:54:21 -> Handled EnvironmentCreate "ship:user"
2017-01-26 11:54:21 -> Handled GetWelcomeText of "user@ship"
2017-01-26 11:54:45 -> Handled Command "network"
2017-01-26 11:54:50 -> Handled Command "network --help"
2017-01-26 11:55:13 -> Handled Command "network --status"
2017-01-26 11:55:30 -> Handled Command "network --connect localhost"
2017-01-26 11:55:42 -> Handled Command "network --conect 127.0.0.1"
2017-01-26 11:56:07 -> Handled Command "network --connect 127.0.0.1"
2017-01-26 11:56:42 -> Handled Command "network --connect DeathStar"
2017-01-26 11:57:17 -> Handled Command "network --status"
2017-01-26 11:58:16 -> Handled Command "network --connect 192.168.1.30"
2017-01-26 11:58:29 -> Handled Command "network --connect ship"
2017-01-26 11:58:53 -> Handled Command "network --connect DeathStar"
2017-01-26 11:59:05 -> Handled Command "network --disconnect"
2017-01-26 11:59:16 -> Handled Command "network"
2017-01-26 11:59:25 -> Handled Command "network --status"
2017-01-26 11:59:41 -> Handled Command "network --connect localhost"
2017-01-26 11:59:56 -> Handled Command "ssh ship"
2017-01-26 12:00:08 -> Handled Command "ssh DeathStar"
2017-01-26 12:00:16 -> Handled Command "ssh Ship"
