2017-01-26 11:00:34 -> User HoJa logged in.
2017-01-26 11:00:37 -> Handled EnvironmentCreate "ship:user"
2017-01-26 11:00:37 -> Handled GetWelcomeText of "user@ship"
2017-01-26 11:00:48 -> Handled Command "network --help"
2017-01-26 11:00:57 -> Handled Command "network --status"
2017-01-26 11:01:30 -> Handled Command "connect localhost"
2017-01-26 11:03:58 -> Handled Command "network connect localhost"
2017-01-26 11:04:17 -> Handled Command "connect --help"
2017-01-26 11:04:22 -> Handled Command "help"
2017-01-26 11:04:48 -> Handled Command "network connect Wi-Fi"
2017-01-26 11:05:04 -> Handled Command "network --help"
2017-01-26 11:05:18 -> Handled Command "network --connect"
2017-01-26 11:05:32 -> Handled Command "network --connect Wi-Fi"
2017-01-26 11:06:12 -> Handled Command "network --connect DeathStar"
2017-01-26 11:07:20 -> Handled Command "network --help"
2017-01-26 11:07:31 -> Handled Command "network --status"
2017-01-26 11:08:45 -> Handled Command "network --connect ssh 192.168.1.30"
2017-01-26 11:09:18 -> Handled Command "network --ssh 192.168.1.30"
2017-01-26 11:09:37 -> Handled Command "network ssh 192.168.1.30"
2017-01-26 11:09:49 -> Handled Command "ssh --help"
2017-01-26 11:10:41 -> Handled Command "ssh admin@192.168.1.234"
2017-01-26 11:11:14 -> Handled Command "ssh admin@192.168.1.138"
2017-01-26 11:11:34 -> Handled Command "admin"
2017-01-26 11:12:04 -> Handled Command "ssh ship@192.168.1.30"
2017-01-26 11:12:42 -> Handled Command "ssh 192.168.1.32"
2017-01-26 11:12:50 -> Handled EnvironmentCreate "TL-WA850RE:admin"
2017-01-26 11:12:50 -> Handled EnvironmentCreate "TL-WA850RE:admin"
2017-01-26 11:12:50 -> Handled GetWelcomeText of "admin@TL-WA850RE"
2017-01-26 11:12:50 -> Handled Command "bash"
2017-01-26 11:13:49 -> Handled Command "ssh 192.168.1.138"
2017-01-26 11:14:26 -> Handled Command "ssh 192.168.1.138"
2017-01-26 11:14:41 -> Handled EnvironmentCreate "WFADevice:admin"
2017-01-26 11:14:41 -> Handled EnvironmentCreate "WFADevice:admin"
2017-01-26 11:14:41 -> Handled GetWelcomeText of "admin@WFADevice"
2017-01-26 11:14:41 -> Handled Command "bash"
2017-01-26 11:14:58 -> Handled Command "network --status"
2017-01-26 11:15:54 -> Handled Command "ssh 10.0.0.2"
2017-01-26 11:16:04 -> Handled Command "ssh 10.0.0.3"
2017-01-26 11:16:35 -> Handled Command "ssh 10.0.0.13"
2017-01-26 11:16:47 -> Handled Command "ssh 10.0.0.128"
2017-01-26 11:17:08 -> Handled Command "ssh 10.0.0.3"
2017-01-26 11:18:14 -> Handled Command "ssh 10.0.0.128"
2017-01-26 11:18:17 -> Handled EnvironmentCreate "sw.death-star:guest"
2017-01-26 11:18:17 -> Handled EnvironmentCreate "sw.death-star:guest"
2017-01-26 11:18:17 -> Handled GetWelcomeText of "guest@sw.death-star"
2017-01-26 11:18:17 -> Handled Command "bash"
2017-01-26 11:18:58 -> Handled Command "su"
2017-01-26 11:19:02 -> Handled Command "su user"
2017-01-26 11:19:21 -> Handled Command "networ --status"
2017-01-26 11:19:30 -> Handled Command "network --status"
2017-01-26 11:19:43 -> Handled Command "su user"
2017-01-26 11:20:18 -> Handled Command "help"
2017-01-26 11:20:28 -> Handled Command "cd --help"
2017-01-26 11:20:34 -> Handled Command "cd 1"
2017-01-26 11:20:37 -> Handled Command "cd 2"
2017-01-26 11:20:45 -> Handled Command "chmod --help"
2017-01-26 11:21:01 -> Handled Command "chmod 111 su"
2017-01-26 11:21:08 -> Handled Command "edit ..help"
2017-01-26 11:21:24 -> Handled Command "edit --help"
2017-01-26 11:21:37 -> Handled Command "help"
2017-01-26 11:21:50 -> Handled Command "pwd --help"
2017-01-26 11:21:59 -> Handled Command "pwd "
2017-01-26 11:22:07 -> Handled Command "su user"
2017-01-26 11:24:57 -> Handled Command "etc shadow"
2017-01-26 11:25:03 -> Handled Command "etc --help"
2017-01-26 11:25:06 -> Handled Command "x"
2017-01-26 11:26:17 -> Handled Command "chown --help"
2017-01-26 11:26:20 -> Handled Command "help"
2017-01-26 11:26:28 -> Handled Command "ln --help"
2017-01-26 11:26:37 -> Handled Command "ll --help"
2017-01-26 11:26:46 -> Handled Command "mv --help"
2017-01-26 11:47:15 -> Handled Command "su user¨"
2017-01-26 11:51:59 -> Handled Command "x password"
2017-01-26 11:52:05 -> Handled Command "help"
2017-01-26 11:52:16 -> Handled Command "cp --help"
2017-01-26 11:52:29 -> Handled Command "cp "
2017-01-26 11:52:36 -> Handled Command "cp password"
2017-01-26 11:52:52 -> Handled Command "su user"
