2017-01-26 09:50:34 -> User MiPe logged in.
2017-01-26 09:52:07 -> Handled EnvironmentCreate "ship:user"
2017-01-26 09:52:07 -> Handled GetWelcomeText of "user@ship"
2017-01-26 09:53:00 -> Handled Command "help"
2017-01-26 09:53:04 -> Handled Command "network"
2017-01-26 09:53:09 -> Handled Command "network --help"
2017-01-26 09:53:18 -> Handled Command "network --status"
2017-01-26 09:53:54 -> Handled Command "network --connect"
2017-01-26 09:54:24 -> Handled Command "network --connect DeathStar"
2017-01-26 09:54:39 -> Handled Command "clear"
2017-01-26 09:54:57 -> Handled Command "ifconfig"
2017-01-26 09:54:59 -> Handled Command "help"
2017-01-26 09:55:16 -> Handled Command "network --status"
2017-01-26 09:55:58 -> Handled Command "ssh 192.168.1.32"
2017-01-26 09:56:04 -> Handled EnvironmentCreate "TL-WA850RE:admin"
2017-01-26 09:56:04 -> Handled EnvironmentCreate "TL-WA850RE:admin"
2017-01-26 09:56:04 -> Handled GetWelcomeText of "admin@TL-WA850RE"
2017-01-26 09:56:04 -> Handled Command "bash"
2017-01-26 09:56:25 -> Handled Command "help"
2017-01-26 09:57:20 -> Handled Command "ssh 192.168.1.138"
2017-01-26 09:57:50 -> Handled Command "su"
2017-01-26 09:58:07 -> Handled Command "ssh 192.168.1.138"
2017-01-26 09:58:15 -> Handled EnvironmentCreate "WFADevice:admin"
2017-01-26 09:58:15 -> Handled EnvironmentCreate "WFADevice:admin"
2017-01-26 09:58:15 -> Handled GetWelcomeText of "admin@WFADevice"
2017-01-26 09:58:15 -> Handled Command "bash"
2017-01-26 09:58:30 -> Handled Command "help"
2017-01-26 09:58:35 -> Handled Command "su"
2017-01-26 09:58:47 -> Handled Command "su help"
2017-01-26 09:58:53 -> Handled Command "su admin"
2017-01-26 09:59:15 -> Handled Command "network --status"
2017-01-26 10:00:07 -> Handled Command "ssh 10.0.0.128"
2017-01-26 10:00:09 -> Handled EnvironmentCreate "sw.death-star:guest"
2017-01-26 10:00:09 -> Handled EnvironmentCreate "sw.death-star:guest"
2017-01-26 10:00:09 -> Handled GetWelcomeText of "guest@sw.death-star"
2017-01-26 10:00:09 -> Handled Command "bash"
2017-01-26 10:00:32 -> Handled Command "su"
2017-01-26 10:00:37 -> Handled Command "help"
2017-01-26 10:00:44 -> Handled Command "clear"
2017-01-26 10:00:47 -> Handled GetExitText of "guest@sw.death-star"
2017-01-26 10:00:47 -> Handled Command "exit"
2017-01-26 10:00:52 -> Handled Command "network --status"
2017-01-26 10:00:58 -> Handled Command "ssh 10.0.0.13"
2017-01-26 10:01:04 -> Handled Command "ssh 10.0.0.3"
2017-01-26 10:01:13 -> Handled Command "ssh 10.0.0.3"
2017-01-26 10:01:20 -> Handled Command "ssh 10.0.0.2"
2017-01-26 10:01:25 -> Handled Command "ssh 10.0.0.128"
2017-01-26 10:01:33 -> Handled Command "ssh 10.0.0.128"
2017-01-26 10:01:34 -> Handled EnvironmentCreate "sw.death-star:guest"
2017-01-26 10:01:34 -> Handled EnvironmentCreate "sw.death-star:guest"
2017-01-26 10:01:34 -> Handled GetWelcomeText of "guest@sw.death-star"
2017-01-26 10:01:34 -> Handled Command "bash"
2017-01-26 10:01:39 -> Handled Command "help"
2017-01-26 10:01:43 -> Handled Command "ls"
2017-01-26 10:01:52 -> Handled Command "cd /"
2017-01-26 10:01:53 -> Handled Command "ls"
2017-01-26 10:01:58 -> Handled Command "cd"
2017-01-26 10:02:28 -> Handled Command "cd /home"
2017-01-26 10:02:30 -> Handled Command "ls"
2017-01-26 10:02:33 -> Handled Command "cd guest"
2017-01-26 10:02:33 -> Handled Command "ls"
2017-01-26 10:02:37 -> Handled Command "cd Downloads"
2017-01-26 10:02:38 -> Handled Command "ls"
2017-01-26 10:02:40 -> Handled Command "cd .."
2017-01-26 10:02:42 -> Handled Command "cd Documents"
2017-01-26 10:02:43 -> Handled Command "ls"
2017-01-26 10:02:44 -> Handled Command "cd .."
2017-01-26 10:02:46 -> Handled Command "cd Music"
2017-01-26 10:02:47 -> Handled Command "ls"
2017-01-26 10:02:48 -> Handled Command "cd .."
2017-01-26 10:02:50 -> Handled Command "cd Videos"
2017-01-26 10:02:52 -> Handled Command "ls"
2017-01-26 10:02:53 -> Handled Command "cd .."
2017-01-26 10:02:59 -> Handled Command "help"
2017-01-26 10:03:12 -> Handled Command "pwd"
2017-01-26 10:03:29 -> Handled Command "ls --hlep"
2017-01-26 10:03:31 -> Handled Command "ls --help"
2017-01-26 10:03:36 -> Handled Command "ls -a"
2017-01-26 10:03:43 -> Handled Command "cd Downloads"
2017-01-26 10:03:44 -> Handled Command "ls -a"
2017-01-26 10:03:46 -> Handled Command "cd .."
2017-01-26 10:03:48 -> Handled Command "help"
2017-01-26 10:03:53 -> Handled Command "ls -al "
2017-01-26 10:03:53 -> Handled Command "ll"
2017-01-26 10:04:15 -> Handled Command "cd .."
2017-01-26 10:04:17 -> Handled Command "cd /"
2017-01-26 10:04:18 -> Handled Command "ls"
2017-01-26 10:04:30 -> Handled Command "ls -a run"
2017-01-26 10:04:34 -> Handled Command "ls -a home"
2017-01-26 10:04:40 -> Handled Command "ls -a boot"
2017-01-26 10:04:45 -> Handled Command "ls -a usr"
2017-01-26 10:04:51 -> Handled Command "ls -a dev"
2017-01-26 10:04:59 -> Handled Command "ls -a tmp"
2017-01-26 10:05:10 -> Handled Command "ls -a etc"
2017-01-26 10:05:25 -> Handled Command "cd /home/guest"
2017-01-26 10:05:29 -> Handled Command "network --status"
2017-01-26 10:05:43 -> Handled Command "help"
2017-01-26 10:05:49 -> Handled EnvironmentCreate "sw.death-star:guest"
2017-01-26 10:05:49 -> Handled Command "bash"
2017-01-26 10:05:55 -> Handled Command "bash --help"
2017-01-26 10:06:00 -> Handled Command "ls"
2017-01-26 10:06:08 -> Handled Command "ls -a Documents/"
2017-01-26 10:06:13 -> Handled Command "ls -a Downloads/"
2017-01-26 10:06:17 -> Handled Command "ls -a Music/"
2017-01-26 10:06:20 -> Handled Command "ls -a Videos/"
2017-01-26 10:06:24 -> Handled Command "exit"
2017-01-26 10:06:26 -> Handled GetExitText of "guest@sw.death-star"
2017-01-26 10:06:26 -> Handled Command "exit"
2017-01-26 10:07:19 -> Handled Command "ssh 192.168.1.138"
2017-01-26 10:07:44 -> Handled Command "ssh 10.0.0.128"
2017-01-26 10:07:47 -> Handled EnvironmentCreate "sw.death-star:guest"
2017-01-26 10:07:47 -> Handled EnvironmentCreate "sw.death-star:guest"
2017-01-26 10:07:47 -> Handled GetWelcomeText of "guest@sw.death-star"
2017-01-26 10:07:47 -> Handled Command "bash"
2017-01-26 10:07:51 -> Handled Command "ls -l"
2017-01-26 10:08:00 -> Handled Command "su"
2017-01-26 10:08:03 -> Handled EnvironmentCreate "sw.death-star:guest"
2017-01-26 10:08:03 -> Handled EnvironmentCreate "sw.death-star:guest"
2017-01-26 10:08:03 -> Handled Command "bash"
2017-01-26 10:08:03 -> Handled Command "su guest"
2017-01-26 10:08:09 -> Handled Command "sudo su"
2017-01-26 10:08:12 -> Handled Command "su"
2017-01-26 10:08:16 -> Handled Command "su admin"
2017-01-26 10:08:24 -> Handled Command "help"
2017-01-26 10:08:40 -> Handled Command "pwd --help"
2017-01-26 10:08:51 -> Handled Command "su root"
2017-01-26 10:09:08 -> Handled Command "chmod --help"
2017-01-26 10:09:17 -> Handled Command "chmod /"
2017-01-26 10:09:23 -> Handled Command "cd /"
2017-01-26 10:09:23 -> Handled Command "ls"
2017-01-26 10:09:26 -> Handled Command "ls -a"
2017-01-26 10:09:37 -> Handled Command "cd /root"
2017-01-26 10:09:41 -> Handled Command "ls -a"
2017-01-26 10:09:45 -> Handled Command "cd Documents"
2017-01-26 10:09:46 -> Handled Command "ls"
2017-01-26 10:09:53 -> Handled Command "cat ÚkolyProNovéAdministrátory"
2017-01-26 10:10:07 -> Handled Command "su root"
2017-01-26 10:10:21 -> Handled Command "su root"
2017-01-26 10:10:36 -> Handled Command "su root"
2017-01-26 10:11:18 -> Handled Command "su root"
2017-01-26 10:11:24 -> Handled EnvironmentCreate "sw.death-star:root"
2017-01-26 10:11:24 -> Handled EnvironmentCreate "sw.death-star:root"
2017-01-26 10:11:24 -> Handled GetWelcomeText of "root@sw.death-star"
2017-01-26 10:11:24 -> Handled Command "bash"
2017-01-26 10:11:30 -> Handled Command "help"
2017-01-26 10:11:34 -> Handled Command "security --help"
2017-01-26 10:11:39 -> Handled Command "security --deactivate"
