2017-01-26 10:26:39 -> User ArGr logged in.
2017-01-26 10:27:27 -> Handled EnvironmentCreate "ship:user"
2017-01-26 10:27:27 -> Handled GetWelcomeText of "user@ship"
2017-01-26 10:28:13 -> Handled Command "help¨"
2017-01-26 10:28:28 -> Handled Command "'help'"
2017-01-26 10:28:39 -> Handled Command "'help'¨"
2017-01-26 10:28:41 -> Handled Command "'help'"
2017-01-26 10:29:02 -> Handled Command "help."
2017-01-26 10:29:05 -> Handled Command "help"
2017-01-26 10:29:26 -> Handled Command "bash--help"
2017-01-26 10:29:32 -> Handled Command "bash --help"
2017-01-26 10:30:18 -> Handled Command "pwd"
2017-01-26 10:30:24 -> Handled Command "help"
2017-01-26 10:30:44 -> Handled Command "network --help"
2017-01-26 11:31:12 -> Handled Command "help --cat"
2017-01-26 11:31:18 -> Handled Command "cat"
2017-01-26 11:31:31 -> Handled Command "help --cd"
2017-01-26 11:31:43 -> Handled Command "help--cd"
2017-01-26 11:31:50 -> Handled Command "cd--help"
2017-01-26 11:31:54 -> Handled Command "cd --help"
2017-01-26 11:32:42 -> Handled Command "network"
2017-01-26 11:32:51 -> Handled Command "network --help¨"
2017-01-26 11:33:21 -> Handled Command "network --help"
2017-01-26 11:33:43 -> Handled Command "network status"
2017-01-26 11:33:51 -> Handled Command "status --help"
2017-01-26 11:34:14 -> Handled Command "network <connect>"
2017-01-26 11:34:20 -> Handled Command "network connect"
2017-01-26 11:34:30 -> Handled Command "network --connect"
2017-01-26 11:35:16 -> Handled Command "network --status"
2017-01-26 11:35:52 -> Handled Command "network --connect DeathStar"
2017-01-26 11:36:40 -> Handled Command "ssh --help"
2017-01-26 11:38:24 -> Handled Command "ssh 127.0.0.1"
2017-01-26 11:38:46 -> Handled Command "localhost"
2017-01-26 11:38:49 -> Handled Command "ssh 127.0.0.1"
2017-01-26 11:39:26 -> Handled Command "ssh 127.0.0.0"
2017-01-26 11:39:32 -> Handled Command "ssh 127.0.0.1"
2017-01-26 11:39:46 -> Handled Command "ssh 127.0.0.1"
2017-01-26 11:40:38 -> Handled Command "edit --help"
2017-01-26 11:42:22 -> Handled Command "h"
2017-01-26 11:42:28 -> Handled Command "rmwdir --help"
2017-01-26 11:42:47 -> Handled Command "rmdir --help"
2017-01-26 11:43:33 -> Handled Command "su --help"
2017-01-26 11:43:48 -> Handled Command "su admin"
2017-01-26 11:44:17 -> Handled Command "sm --help"
2017-01-26 11:44:23 -> Handled Command "sm help"
2017-01-26 11:44:32 -> Handled Command "rm --help"
2017-01-26 11:45:08 -> Handled Command "chmod --help"
2017-01-26 11:49:03 -> Handled Command "ll --help"
2017-01-26 11:49:36 -> Handled Command "bash --help"
