2017-01-26 09:45:51 -> User HeFi logged in.
2017-01-26 09:45:59 -> Handled EnvironmentCreate "ship:user"
2017-01-26 09:45:59 -> Handled GetWelcomeText of "user@ship"
2017-01-26 09:47:24 -> Handled Command "network"
2017-01-26 09:47:49 -> Handled Command "--help"
2017-01-26 09:47:57 -> Handled Command "help"
2017-01-26 09:48:08 -> Handled Command "network"
2017-01-26 09:48:37 -> Handled Command "edit"
2017-01-26 09:48:52 -> Handled Command "network"
2017-01-26 10:21:49 -> Handled EnvironmentCreate "ship:user"
2017-01-26 10:21:49 -> Handled Command "bash"
2017-01-26 10:21:56 -> Handled Command "network"
2017-01-26 10:22:13 -> Handled Command "help"
2017-01-26 10:22:31 -> Handled Command "network--help"
2017-01-26 10:22:51 -> Handled Command "network  help"
2017-01-26 10:23:22 -> Handled Command "network --help"
2017-01-26 10:23:51 -> Handled Command "network --connect"
2017-01-26 10:24:08 -> Handled Command "network --status"
2017-01-26 10:25:01 -> Handled Command "network --connect"
2017-01-26 10:25:41 -> Handled Command "network --connect DeathStar"
2017-01-26 10:27:41 -> Handled Command "network --satus"
2017-01-26 10:28:13 -> Handled Command "ssh"
2017-01-26 10:28:26 -> Handled Command "network ssh"
2017-01-26 10:28:35 -> Handled Command "network --help"
2017-01-26 10:29:32 -> Handled Command "network ssh --connect"
2017-01-26 11:17:55 -> User HeFi logged in.
2017-01-26 11:17:55 -> Handled EnvironmentCreate "ship:user"
2017-01-26 11:17:55 -> Handled GetWelcomeText of "user@ship"
2017-01-26 11:18:18 -> Handled Command "bash --help"
2017-01-26 11:20:55 -> Handled Command "network --help"
2017-01-26 11:21:21 -> Handled Command "network --connect DeathStar"
2017-01-26 11:21:48 -> Handled Command "bash --diff"
2017-01-26 11:42:30 -> Handled Command "help"
2017-01-26 11:42:34 -> Handled Command "cp"
2017-01-26 11:42:41 -> Handled Command "cat"
2017-01-26 11:42:51 -> Handled Command "cat --help"
2017-01-26 11:42:58 -> Handled Command "pwd"
2017-01-26 11:43:10 -> Handled Command "chmod"
2017-01-26 11:43:17 -> Handled GetExitText of "user@ship"
2017-01-26 11:43:17 -> Handled Command "exit"
2017-01-26 11:43:26 -> User HeFi logged in.
2017-01-26 11:43:26 -> Handled EnvironmentCreate "ship:user"
2017-01-26 11:43:26 -> Handled GetWelcomeText of "user@ship"
2017-01-26 11:43:30 -> Handled Command "help"
2017-01-26 11:43:41 -> Handled Command "network --status"
2017-01-26 11:44:28 -> Handled Command "network --ssh"
2017-01-26 11:44:53 -> Handled Command "mv"
