2017-01-26 10:22:14 -> User HeSy logged in.
2017-01-26 10:24:09 -> Handled EnvironmentCreate "ship:user"
2017-01-26 10:24:09 -> Handled GetWelcomeText of "user@ship"
2017-01-26 10:26:17 -> Handled Command "network"
2017-01-26 10:26:30 -> Handled Command "network --help"
2017-01-26 10:26:52 -> Handled Command "bah --help"
2017-01-26 10:27:16 -> Handled Command "network --status"
2017-01-26 10:27:54 -> Handled Command "network --connect"
2017-01-26 10:28:39 -> Handled Command "network --connect DeathStar"
2017-01-26 10:29:56 -> Handled Command "nework"
2017-01-26 10:30:10 -> Handled Command "network --status"
2017-01-26 10:32:04 -> Handled Command "--help"
2017-01-26 10:32:07 -> Handled Command "help"
2017-01-26 10:32:33 -> Handled Command "ln --help"
2017-01-26 10:32:43 -> Handled Command "ssh --help"
2017-01-26 10:33:28 -> Handled Command "bash --diff"
2017-01-26 10:34:16 -> Handled Command "bash --help"
2017-01-26 10:35:53 -> Handled Command "pwd"
2017-01-26 10:35:59 -> Handled Command "/home/user"
2017-01-26 10:36:14 -> Handled Command "network --hrlp"
2017-01-26 10:36:20 -> Handled Command "network --help"
2017-01-26 10:36:28 -> Handled Command "network --connect"
2017-01-26 10:36:39 -> Handled Command "network --status"
2017-01-26 10:36:57 -> Handled Command "ship -"
2017-01-26 10:37:07 -> Handled Command "help"
2017-01-26 10:37:20 -> Handled Command "edit --help"
2017-01-26 10:37:28 -> Handled Command "ssh --help"
2017-01-26 10:38:20 -> Handled Command "ssh 192.168.1.30"
2017-01-26 10:54:02 -> Handled Command "network --localhost"
2017-01-26 10:54:08 -> Handled Command "localhost"
