2017-01-26 09:26:07 -> User IvZo logged in.
2017-01-26 09:27:34 -> Handled EnvironmentCreate "ship:user"
2017-01-26 09:27:34 -> Handled GetWelcomeText of "user@ship"
2017-01-26 09:28:49 -> Handled Command "network"
2017-01-26 09:29:01 -> Handled Command "network help"
2017-01-26 09:29:08 -> Handled Command "network --help"
2017-01-26 09:29:25 -> Handled Command "network --status"
2017-01-26 09:30:08 -> Handled Command "network --connect DeathStar"
2017-01-26 09:31:06 -> Handled Command "network"
2017-01-26 09:31:21 -> Handled Command "network --status"
2017-01-26 09:32:55 -> Handled Command "network --connect ""
2017-01-26 09:33:15 -> Handled Command "network --connect 192.168.1.234"
2017-01-26 09:34:36 -> Handled Command "network --connect 191.168.1.138"
2017-01-26 09:35:44 -> Handled Command "network --connect 192.168.1.138"
2017-01-26 09:36:41 -> Handled Command "network --connect 192.168.1.30"
2017-01-26 09:36:54 -> Handled Command "network --connect 192.168.1.30 admin admin"
2017-01-26 09:37:04 -> Handled Command "network --connect 192.168.1.30 "
2017-01-26 09:37:11 -> Handled Command "network --help"
2017-01-26 09:37:47 -> Handled Command "network --connect 192.168.1.125"
2017-01-26 09:38:11 -> Handled Command "192.168.1.125"
2017-01-26 09:38:47 -> Handled Command "network --connect 127.0.0.1"
2017-01-26 09:39:24 -> Handled Command "ssh --help"
2017-01-26 09:39:49 -> Handled Command "ssh 192.168.1.30 --connect"
2017-01-26 09:39:53 -> Handled Command "ssh 192.168.1.30 "
2017-01-26 09:40:08 -> Handled Command "ssh 192.168.1.30 "
2017-01-26 09:40:27 -> Handled Command "ssh 192.168.1.32"
2017-01-26 09:40:33 -> Handled EnvironmentCreate "TL-WA850RE:admin"
2017-01-26 09:40:33 -> Handled EnvironmentCreate "TL-WA850RE:admin"
2017-01-26 09:40:33 -> Handled GetWelcomeText of "admin@TL-WA850RE"
2017-01-26 09:40:33 -> Handled Command "bash"
2017-01-26 09:41:22 -> Handled Command "ssh 192.168.1.138"
2017-01-26 09:41:39 -> Handled EnvironmentCreate "WFADevice:admin"
2017-01-26 09:41:39 -> Handled EnvironmentCreate "WFADevice:admin"
2017-01-26 09:41:39 -> Handled GetWelcomeText of "admin@WFADevice"
2017-01-26 09:41:39 -> Handled Command "bash"
2017-01-26 09:42:16 -> Handled Command "network --status"
2017-01-26 09:43:09 -> Handled Command "ssh 10.0.0.128"
2017-01-26 09:43:27 -> Handled Command "ssh 10.0.0.128"
2017-01-26 09:43:30 -> Handled EnvironmentCreate "sw.death-star:guest"
2017-01-26 09:43:30 -> Handled EnvironmentCreate "sw.death-star:guest"
2017-01-26 09:43:30 -> Handled GetWelcomeText of "guest@sw.death-star"
2017-01-26 09:43:30 -> Handled Command "bash"
2017-01-26 09:44:13 -> Handled Command "dir"
2017-01-26 09:44:17 -> Handled Command "hepl"
2017-01-26 09:44:20 -> Handled Command "help"
2017-01-26 09:44:32 -> Handled Command "ls"
2017-01-26 09:44:41 -> Handled Command "cd Documents"
2017-01-26 09:44:44 -> Handled Command "ls"
2017-01-26 09:44:50 -> Handled Command "cd.."
2017-01-26 09:45:08 -> Handled Command "cd"
2017-01-26 09:45:17 -> Handled Command "cd Downloads"
2017-01-26 09:45:53 -> Handled Command "cd /home/root/"
2017-01-26 09:46:02 -> Handled Command "cd /home/"
2017-01-26 09:46:08 -> Handled Command "cd root"
2017-01-26 09:46:12 -> Handled Command "cd dir"
2017-01-26 09:46:14 -> Handled Command "ls"
2017-01-26 09:46:20 -> Handled Command "cd guest"
2017-01-26 09:46:24 -> Handled Command "ls"
2017-01-26 09:46:32 -> Handled Command "cd Music"
2017-01-26 09:46:35 -> Handled Command "ls"
2017-01-26 09:46:44 -> Handled Command "cdhome"
2017-01-26 09:46:47 -> Handled Command "cd home"
2017-01-26 09:47:00 -> Handled Command "cd/home/"
2017-01-26 09:47:04 -> Handled Command "cd /home/"
2017-01-26 09:47:13 -> Handled Command "cd guest"
2017-01-26 09:47:20 -> Handled Command "cd Videos"
2017-01-26 09:47:22 -> Handled Command "ls"
2017-01-26 09:47:50 -> Handled Command "su --help"
2017-01-26 09:47:57 -> Handled Command "su root"
2017-01-26 09:50:49 -> Handled Command "bash --help"
2017-01-26 09:51:09 -> Handled EnvironmentCreate "sw.death-star:guest"
2017-01-26 09:51:09 -> Handled Command "bash"
2017-01-26 09:51:20 -> Handled Command "pwd"
2017-01-26 09:51:28 -> Handled Command "ls"
2017-01-26 09:51:36 -> Handled Command "cd Documents"
2017-01-26 09:51:41 -> Handled Command "ls"
2017-01-26 09:51:45 -> Handled Command "pwd"
2017-01-26 09:52:45 -> Handled Command "cat -help"
2017-01-26 09:52:50 -> Handled Command "cat "
2017-01-26 09:52:53 -> Handled Command "--help"
2017-01-26 09:53:00 -> Handled Command "cat --help"
2017-01-26 09:53:08 -> Handled Command "cat"
2017-01-26 10:13:07 -> Handled Command "su"
2017-01-26 10:13:15 -> Handled Command "su root"
2017-01-26 10:14:01 -> Handled Command "sudo"
2017-01-26 10:14:05 -> Handled Command "help"
2017-01-26 10:14:19 -> Handled Command "rmdir --help"
2017-01-26 10:14:43 -> Handled Command "chmod --help"
2017-01-26 10:15:26 -> Handled Command "cd /home/guest"
2017-01-26 10:15:43 -> Handled Command "chmod 7 Documents"
2017-01-26 10:15:50 -> Handled Command "chmod 4 Documents"
