2017-01-26 09:54:02 -> User Lako logged in.
2017-01-26 09:55:32 -> Handled EnvironmentCreate "ship:user"
2017-01-26 09:55:32 -> Handled GetWelcomeText of "user@ship"
2017-01-26 09:57:29 -> Handled Command "dělej"
2017-01-26 09:57:37 -> Handled Command "help"
2017-01-26 09:58:04 -> Handled Command "bash--help"
2017-01-26 09:58:13 -> Handled EnvironmentCreate "ship:user"
2017-01-26 09:58:13 -> Handled Command "bash"
2017-01-26 09:58:19 -> Handled Command "cp"
2017-01-26 09:58:27 -> Handled Command "mv"
2017-01-26 09:58:33 -> Handled Command "pwd"
2017-01-26 09:59:04 -> Handled Command "bash --help"
2017-01-26 10:00:08 -> Handled Command "/ok"
2017-01-26 10:00:13 -> Handled Command "help"
2017-01-26 10:00:33 -> Handled Command "-bash"
2017-01-26 10:00:40 -> Handled Command "cat"
2017-01-26 11:23:35 -> Handled Command "dash --help"
2017-01-26 11:24:00 -> Handled Command "bash --help"
2017-01-26 11:24:30 -> Handled Command "ls -al "
2017-01-26 11:24:30 -> Handled Command "ll"
