2017-01-26 10:23:09 -> User JaSy logged in.
2017-01-26 10:24:58 -> Handled EnvironmentCreate "ship:user"
2017-01-26 10:24:58 -> Handled GetWelcomeText of "user@ship"
2017-01-26 10:27:22 -> Handled Command "bash --help"
2017-01-26 10:28:56 -> Handled Command "network"
2017-01-26 10:30:06 -> Handled Command " -network"
2017-01-26 10:30:12 -> Handled Command "help"
2017-01-26 10:30:40 -> Handled Command "network"
2017-01-26 10:31:01 -> Handled Command "network --help"
2017-01-26 10:31:31 -> Handled Command "--status"
2017-01-26 10:31:47 -> Handled Command "--status"
2017-01-26 10:31:55 -> Handled Command "network --status"
2017-01-26 10:32:51 -> Handled Command "DeathStar --connect"
2017-01-26 10:33:16 -> Handled Command "network DeathStar"
2017-01-26 10:33:42 -> Handled Command "network --connect"
2017-01-26 10:34:19 -> Handled Command "connect ..help"
2017-01-26 10:34:36 -> Handled Command "connect --help"
2017-01-26 10:37:21 -> Handled Command "--help"
2017-01-26 10:37:30 -> Handled Command "help"
2017-01-26 10:37:50 -> Handled Command "su --help"
2017-01-26 10:38:19 -> Handled Command "cp --help"
2017-01-26 10:38:34 -> Handled Command "pwd --help"
2017-01-26 10:38:48 -> Handled Command "cat --help"
2017-01-26 10:38:59 -> Handled Command "cat"
2017-01-26 10:39:20 -> Handled Command "--cat"
2017-01-26 10:39:23 -> Handled Command "-cat"
2017-01-26 10:39:34 -> Handled Command "rm --help"
2017-01-26 10:40:31 -> Handled Command "pwd"
2017-01-26 10:40:46 -> Handled Command "rm"
2017-01-26 10:41:27 -> Handled Command "rm <home/user>"
2017-01-26 10:49:58 -> Handled Command "--network"
2017-01-26 10:50:03 -> Handled Command "help"
2017-01-26 10:50:13 -> Handled Command "network --help"
2017-01-26 10:50:27 -> Handled Command "--connect"
2017-01-26 10:50:38 -> Handled Command "--status"
2017-01-26 10:50:50 -> Handled Command "network --status"
2017-01-26 10:50:59 -> Handled Command "network --connect"
2017-01-26 10:51:39 -> Handled Command "DeathStar --connect"
2017-01-26 10:52:02 -> Handled Command "help"
2017-01-26 10:52:21 -> Handled Command "chmod --help"
2017-01-26 10:53:17 -> Handled Command "chmod <785> <home>"
2017-01-26 10:54:50 -> Handled Command "ll --help"
2017-01-26 10:54:57 -> Handled Command "-al"
2017-01-26 10:55:06 -> Handled Command "ls -al"
2017-01-26 10:55:26 -> Handled Command "rm"
2017-01-26 10:56:13 -> Handled Command "su <XXX>"
2017-01-26 10:56:44 -> Handled Command "su <drwxr-xr-x user>"
2017-01-26 10:57:06 -> Handled Command "edit --help"
2017-01-26 10:57:38 -> Handled Command "edit <music>"
2017-01-26 10:58:06 -> Handled Command "edit <drwxr-xr-x>"
2017-01-26 10:58:26 -> Handled Command "mkdir --help"
2017-01-26 10:58:58 -> Handled Command "mkdir <drwxr-xr-x>"
2017-01-26 10:59:22 -> Handled Command "mkdir <custom>"
2017-01-26 10:59:36 -> Handled Command "mkdit <ok>"
2017-01-26 10:59:58 -> Handled Command "mkdir <ok>"
2017-01-26 11:00:17 -> Handled Command "mkdir ok"
