2017-01-26 10:13:04 -> User ArHr logged in.
2017-01-26 10:14:39 -> Handled EnvironmentCreate "ship:user"
2017-01-26 10:14:39 -> Handled GetWelcomeText of "user@ship"
2017-01-26 10:15:35 -> Handled Command "help"
2017-01-26 10:15:46 -> Handled Command "bash --help"
2017-01-26 10:16:04 -> Handled Command "cat --help"
2017-01-26 10:16:30 -> Handled Command "cd --help"
2017-01-26 10:18:43 -> Handled Command "pwd"
2017-01-26 10:18:52 -> Handled Command "cd /"
2017-01-26 10:18:55 -> Handled Command "pwd"
2017-01-26 10:19:17 -> Handled Command "cat"
2017-01-26 10:19:25 -> Handled Command "cat /"
2017-01-26 10:19:45 -> Handled Command "chmod --help"
2017-01-26 10:20:05 -> Handled Command "-help"
2017-01-26 10:20:09 -> Handled Command "help"
2017-01-26 10:20:17 -> Handled Command "cp --help"
2017-01-26 10:20:27 -> Handled Command "edit --help"
2017-01-26 10:20:40 -> Handled Command "ll --help"
2017-01-26 10:20:53 -> Handled Command "ls --help"
2017-01-26 10:21:15 -> Handled Command "-ls "
2017-01-26 10:21:27 -> Handled Command "ls"
2017-01-26 10:21:39 -> Handled Command "ls -a -all"
2017-01-26 10:22:08 -> Handled Command "cd usr"
2017-01-26 10:22:37 -> Handled Command "chmod usr 7"
2017-01-26 10:22:52 -> Handled Command "chmod usr -7"
2017-01-26 10:24:01 -> Handled Command "chmod <7> usr"
2017-01-26 10:24:13 -> Handled Command "chmod <7> /"
2017-01-26 10:24:32 -> Handled Command "cd lib"
2017-01-26 10:24:38 -> Handled Command "cd tmp"
2017-01-26 10:25:34 -> Handled Command "ls -a -all"
2017-01-26 10:25:52 -> Handled Command "cd ,"
2017-01-26 10:25:55 -> Handled Command "cd ."
2017-01-26 10:26:04 -> Handled Command "cd root ."
2017-01-26 10:26:25 -> Handled Command "cd "root .""
2017-01-26 10:26:40 -> Handled Command "cd "root root .""
2017-01-26 10:27:19 -> Handled Command "cd "drwxrwxrwx root root .""
2017-01-26 10:27:32 -> Handled Command "cd "drwxrwxrwx root root""
2017-01-26 10:27:47 -> Handled Command "cd root"
2017-01-26 10:27:58 -> Handled Command "help"
2017-01-26 10:28:22 -> Handled Command "rmdir --help"
2017-01-26 10:28:31 -> Handled Command "ssh - help"
2017-01-26 10:28:37 -> Handled Command "ssh --help"
2017-01-26 10:29:07 -> Handled Command "su --help"
2017-01-26 10:29:18 -> Handled Command "help"
2017-01-26 10:29:32 -> Handled Command "ln --help"
2017-01-26 10:29:49 -> Handled Command "cd /"
2017-01-26 10:30:01 -> Handled Command "ls -a -all"
2017-01-26 10:30:20 -> Handled Command "cd boot"
2017-01-26 10:30:27 -> Handled Command "cd -"
2017-01-26 10:30:30 -> Handled Command "cd ."
2017-01-26 10:30:37 -> Handled Command "ls -a -all"
2017-01-26 10:30:58 -> Handled Command "cd sys"
2017-01-26 10:31:20 -> Handled Command "cd sbin"
2017-01-26 10:31:41 -> Handled Command "mkdir --help"
2017-01-26 10:32:31 -> Handled Command "cd gome"
2017-01-26 10:32:34 -> Handled Command "cd home"
2017-01-26 10:32:40 -> Handled Command "ls -a -all"
2017-01-26 10:32:46 -> Handled Command "cd user"
2017-01-26 10:32:48 -> Handled Command "ls -a -all"
2017-01-26 10:33:00 -> Handled Command "d downloads"
2017-01-26 10:33:03 -> Handled Command "cd downloads"
2017-01-26 10:33:12 -> Handled Command "cd Downloads"
2017-01-26 10:33:18 -> Handled Command "ls -a -all"
2017-01-26 10:33:27 -> Handled Command "cd .."
2017-01-26 10:33:29 -> Handled Command "cd .."
2017-01-26 10:33:37 -> Handled Command "ls -a -all"
2017-01-26 10:33:45 -> Handled Command "cd ."
2017-01-26 10:33:46 -> Handled Command "cd ."
2017-01-26 10:33:47 -> Handled Command "cd ."
2017-01-26 10:33:47 -> Handled Command "cd ."
2017-01-26 10:33:54 -> Handled Command "ls -a -all"
2017-01-26 10:34:02 -> Handled Command "cd .."
2017-01-26 10:34:07 -> Handled Command "ls -a -all"
2017-01-26 10:34:36 -> Handled Command "cd dev"
2017-01-26 10:34:48 -> Handled Command "help"
2017-01-26 10:36:05 -> Handled Command "chmod <777> dev"
2017-01-26 10:36:14 -> Handled Command "chmod <777> dev"
2017-01-26 10:36:35 -> Handled Command "help"
2017-01-26 10:36:46 -> Handled Command "ls -al -help"
2017-01-26 10:36:46 -> Handled Command "ll -help"
2017-01-26 10:36:54 -> Handled Command "ll --help"
2017-01-26 10:37:04 -> Handled Command "ls -al"
2017-01-26 10:37:07 -> Handled Command "ls -al "
2017-01-26 10:37:07 -> Handled Command "ll"
2017-01-26 11:52:19 -> Handled Command "network"
2017-01-26 11:52:26 -> Handled Command "network --help"
2017-01-26 11:52:39 -> Handled Command "network --status"
2017-01-26 11:53:18 -> Handled Command "network --connect DeathStar"
2017-01-26 11:53:57 -> Handled Command "network --status"
2017-01-26 11:54:19 -> Handled Command "help"
2017-01-26 11:54:29 -> Handled Command "mkdir --help"
2017-01-26 11:54:35 -> Handled Command "pwd --status"
2017-01-26 11:54:43 -> Handled Command "pwd --help"
2017-01-26 11:54:50 -> Handled Command "pwd"
2017-01-26 11:54:59 -> Handled Command "rmdir --help"
2017-01-26 11:55:13 -> Handled Command "mv --help"
2017-01-26 11:55:30 -> Handled Command "cat 192.168.1.234"
2017-01-26 11:55:44 -> Handled Command "cd 192.168.1.234"
2017-01-26 11:55:56 -> Handled Command "bash --help"
2017-01-26 11:56:36 -> Handled Command "cd 192.168.1.3"
2017-01-26 11:57:09 -> Handled Command "cd 192.168.1.166"
2017-01-26 11:57:26 -> Handled Command "cd DeathStar"
2017-01-26 11:57:52 -> Handled Command "d run"
2017-01-26 11:57:55 -> Handled Command "cd run"
