2017-01-26 10:15:03 -> User NoKr3 logged in.
2017-01-26 10:17:40 -> Handled EnvironmentCreate "ship:user"
2017-01-26 10:17:40 -> Handled GetWelcomeText of "user@ship"
2017-01-26 10:18:49 -> Handled Command "bash --help"
2017-01-26 10:22:52 -> Handled Command "<parametry>"
2017-01-26 10:22:57 -> Handled Command "help"
2017-01-26 10:24:29 -> Handled Command "network"
2017-01-26 10:24:37 -> Handled Command "//network"
2017-01-26 10:24:45 -> Handled Command "//-network"
2017-01-26 10:25:47 -> Handled Command "help network"
2017-01-26 10:26:46 -> Handled Command "/network"
2017-01-26 10:26:57 -> Handled Command "help "
2017-01-26 10:27:22 -> Handled Command "revert-time "
2017-01-26 10:27:52 -> Handled Command "cat"
2017-01-26 10:27:59 -> Handled Command "pwd"
2017-01-26 10:28:12 -> Handled Command "/home/NoKr3"
2017-01-26 10:28:16 -> Handled Command "/home/user"
2017-01-26 10:28:38 -> Handled Command "cd"
2017-01-26 10:28:54 -> Handled Command "cat"
2017-01-26 10:28:58 -> Handled Command "chmod"
2017-01-26 10:29:05 -> Handled Command "pwd"
2017-01-26 10:29:21 -> Handled Command "-/home/user"
2017-01-26 10:29:29 -> Handled Command "/home/user"
