2017-01-26 10:15:08 -> User VeEl logged in.
2017-01-26 10:16:59 -> Handled EnvironmentCreate "ship:user"
2017-01-26 10:16:59 -> Handled GetWelcomeText of "user@ship"
2017-01-26 10:18:09 -> Handled Command "network /?"
2017-01-26 10:18:16 -> Handled Command "--help"
2017-01-26 10:18:21 -> Handled Command "help"
2017-01-26 10:18:34 -> Handled Command "network --help"
2017-01-26 10:19:12 -> Handled Command "network --status"
2017-01-26 10:20:44 -> Handled Command "network --connect [DeathStar]"
2017-01-26 10:21:23 -> Handled Command "network --connect wifi [DeathStar]"
2017-01-26 10:21:39 -> Handled Command "network --connect "
2017-01-26 10:22:16 -> Handled Command "network --connect wifi [Wi-Fi]"
2017-01-26 10:22:26 -> Handled Command "network --connect [Wi-Fi]"
2017-01-26 10:22:36 -> Handled Command "network --connect [localhost]"
2017-01-26 10:23:28 -> Handled Command "network --help"
2017-01-26 10:23:39 -> Handled Command "network --connect"
2017-01-26 10:25:06 -> Handled Command "network --status"
2017-01-26 10:26:04 -> Handled Command "network --connect [ship]"
2017-01-26 10:26:22 -> Handled Command "network --connect [DeathStar]"
2017-01-26 10:26:38 -> Handled Command "network --connect [Wi-Fi DeathStar]"
2017-01-26 10:26:51 -> Handled Command "network --status"
2017-01-26 10:27:56 -> Handled Command "network --connect DeathStar"
2017-01-26 10:28:57 -> Handled Command "ssh"
2017-01-26 10:29:05 -> Handled Command "ssh --help"
2017-01-26 10:29:33 -> Handled Command "ssh 127.0.0.1"
2017-01-26 10:30:12 -> Handled Command "ssh 127.0.0.1"
2017-01-26 10:30:23 -> Handled Command "ssh 127.0.0.1"
2017-01-26 10:30:25 -> Handled EnvironmentCreate "ship:user"
2017-01-26 10:30:25 -> Handled EnvironmentCreate "ship:user"
2017-01-26 10:30:25 -> Handled Command "bash"
2017-01-26 10:30:35 -> Handled Command "ssh 127.0.0.1"
2017-01-26 10:30:44 -> Handled Command "ssh 127.0.0.1"
2017-01-26 10:30:56 -> Handled Command "ssh 127.0.0.1"
2017-01-26 10:31:15 -> Handled Command "ssh 127.0.0.1"
2017-01-26 10:31:28 -> Handled Command "ssh 127.0.0.1"
2017-01-26 10:33:20 -> Handled Command "network --help"
2017-01-26 10:33:29 -> Handled Command "network --status"
2017-01-26 10:34:00 -> Handled Command "ssh 192.168.1.30"
2017-01-26 10:34:09 -> Handled Command "ssh 192.168.1.30"
2017-01-26 10:34:18 -> Handled Command "ssh 192.168.1.30"
2017-01-26 10:34:44 -> Handled Command "ssh 192.168.1.32"
2017-01-26 10:34:48 -> Handled EnvironmentCreate "TL-WA850RE:admin"
2017-01-26 10:34:48 -> Handled EnvironmentCreate "TL-WA850RE:admin"
2017-01-26 10:34:48 -> Handled GetWelcomeText of "admin@TL-WA850RE"
2017-01-26 10:34:48 -> Handled Command "bash"
2017-01-26 10:36:00 -> Handled Command "ssh 192.168.1.138"
2017-01-26 10:36:34 -> Handled Command "ssh 192.168.1.138"
2017-01-26 10:36:47 -> Handled EnvironmentCreate "WFADevice:admin"
2017-01-26 10:36:47 -> Handled EnvironmentCreate "WFADevice:admin"
2017-01-26 10:36:47 -> Handled GetWelcomeText of "admin@WFADevice"
2017-01-26 10:36:47 -> Handled Command "bash"
2017-01-26 10:37:34 -> Handled Command "help"
2017-01-26 10:37:49 -> Handled Command "network --help"
2017-01-26 10:37:57 -> Handled Command "network --status"
2017-01-26 10:38:55 -> Handled Command "ssh 10.0.0128"
2017-01-26 10:39:29 -> Handled Command "ssh 192.168.1.30"
2017-01-26 10:40:07 -> Handled Command "ssh 192.168.1.30"
2017-01-26 10:40:16 -> Handled Command "ssh 192.168.1.30"
2017-01-26 10:41:00 -> Handled Command "network -help"
2017-01-26 10:42:02 -> Handled Command "network --help"
2017-01-26 10:42:15 -> Handled Command "network --status"
2017-01-26 10:42:43 -> Handled Command "ssh 192.168.1.32"
2017-01-26 10:43:10 -> Handled Command "ssh 10.0.0.128"
2017-01-26 10:43:37 -> Handled Command "ssh 10.0.0.128"
2017-01-26 10:43:40 -> Handled EnvironmentCreate "sw.death-star:guest"
2017-01-26 10:43:40 -> Handled EnvironmentCreate "sw.death-star:guest"
2017-01-26 10:43:40 -> Handled GetWelcomeText of "guest@sw.death-star"
2017-01-26 10:43:40 -> Handled Command "bash"
2017-01-26 10:44:44 -> Handled Command "su --help"
2017-01-26 10:45:00 -> Handled Command "su root"
2017-01-26 10:45:50 -> Handled Command "help"
2017-01-26 10:46:09 -> Handled Command "ll --help"
2017-01-26 10:46:25 -> Handled Command "su root"
2017-01-26 10:46:43 -> Handled Command "network --help"
2017-01-26 10:46:47 -> Handled Command "network --status"
2017-01-26 10:48:05 -> Handled Command "su root"
2017-01-26 10:48:35 -> Handled Command "help"
2017-01-26 10:48:42 -> Handled Command "mkdir"
2017-01-26 10:48:51 -> Handled Command "mkdie --help"
2017-01-26 10:48:58 -> Handled Command "mkdir --help"
2017-01-26 10:49:13 -> Handled Command "mv --help"
2017-01-26 10:49:20 -> Handled Command "cat --help"
2017-01-26 10:49:29 -> Handled Command "cd --help"
2017-01-26 10:49:41 -> Handled Command "chmod --help"
2017-01-26 10:50:04 -> Handled Command "edit --help"
2017-01-26 10:50:25 -> Handled Command "pwd --help"
2017-01-26 10:50:32 -> Handled Command "pwd"
2017-01-26 10:50:55 -> Handled Command "revert-time rm"
2017-01-26 10:51:03 -> Handled Command "revert-time --help"
2017-01-26 10:51:32 -> Handled Command "ls -al -help"
2017-01-26 10:51:32 -> Handled Command "ll -help"
2017-01-26 10:51:40 -> Handled Command "ll --help"
2017-01-26 10:51:48 -> Handled Command "ls --help"
2017-01-26 10:52:06 -> Handled Command "ls --all"
2017-01-26 10:52:21 -> Handled Command "ls --l"
2017-01-26 10:53:35 -> Handled Command "help"
2017-01-26 10:53:46 -> Handled Command "bash --help"
2017-01-26 10:54:05 -> Handled Command "Help"
2017-01-26 10:54:11 -> Handled Command "help"
2017-01-26 10:54:57 -> Handled Command "su admin"
2017-01-26 10:55:04 -> Handled Command "su admin"
2017-01-26 10:55:33 -> Handled Command "su root"
2017-01-26 10:56:56 -> Handled Command "cd --help"
2017-01-26 10:57:09 -> Handled Command "cat --help"
2017-01-26 10:57:18 -> Handled Command "dir --help"
2017-01-26 10:57:27 -> Handled Command "le --help"
2017-01-26 10:57:32 -> Handled Command "ls --help"
2017-01-26 10:57:38 -> Handled Command "help"
2017-01-26 10:57:46 -> Handled Command "cp --help"
2017-01-26 10:57:57 -> Handled Command "edit --help"
2017-01-26 10:58:07 -> Handled Command "ll --help"
2017-01-26 10:58:16 -> Handled Command "ls -al"
2017-01-26 10:58:38 -> Handled Command "su root"
2017-01-26 10:58:57 -> Handled Command "ln --help"
2017-01-26 10:59:14 -> Handled Command "mv --help"
2017-01-26 10:59:36 -> Handled Command "mv . .."
2017-01-26 10:59:56 -> Handled Command "edit .."
2017-01-26 11:00:12 -> Handled Command "etid Soubor"
2017-01-26 11:00:19 -> Handled Command "edit Soubor"
2017-01-26 11:00:41 -> Handled Command "su root"
2017-01-26 11:00:53 -> Handled Command "help"
2017-01-26 11:00:58 -> Handled Command "pwd --help"
2017-01-26 11:01:08 -> Handled Command "ls --help"
2017-01-26 11:01:22 -> Handled Command "ln --help"
2017-01-26 11:01:31 -> Handled Command "cp --help"
2017-01-26 11:01:55 -> Handled Command "chmos --help"
2017-01-26 11:02:02 -> Handled Command "chmod --help"
2017-01-26 11:03:08 -> Handled Command "chmod 555 Soubor"
2017-01-26 11:03:26 -> Handled Command "chmod 654 .."
2017-01-26 11:24:18 -> Handled Command "mkdir"
2017-01-26 11:24:25 -> Handled Command "mkdir --help"
2017-01-26 11:24:29 -> Handled Command "help"
2017-01-26 11:24:38 -> Handled Command "cp"
2017-01-26 11:24:42 -> Handled Command "cp --help"
2017-01-26 11:24:47 -> Handled Command "cat --help"
2017-01-26 11:25:04 -> Handled Command "ll --help"
2017-01-26 11:25:09 -> Handled Command "ls -al"
2017-01-26 11:26:14 -> Handled Command "cat .."
2017-01-26 11:26:24 -> Handled Command "cat Music"
2017-01-26 11:26:51 -> Handled Command "ls"
2017-01-26 11:27:01 -> Handled Command "cat Soubor"
2017-01-26 11:27:10 -> Handled Command "edit Soubor"
2017-01-26 11:28:12 -> Handled Command "help"
2017-01-26 11:28:17 -> Handled Command "pwd"
2017-01-26 11:28:25 -> Handled Command "mv --help"
2017-01-26 11:28:33 -> Handled Command "rm"
2017-01-26 11:28:38 -> Handled Command "rm --help"
2017-01-26 11:28:49 -> Handled Command "cd --help"
2017-01-26 11:28:55 -> Handled Command "cd .."
2017-01-26 11:29:13 -> Handled Command "cd /home/.."
2017-01-26 11:29:29 -> Handled Command "home/root"
2017-01-26 11:29:43 -> Handled Command "cd /home/root"
2017-01-26 11:30:02 -> Handled Command "chmod"
2017-01-26 11:30:59 -> Handled Command "chmod --help"
2017-01-26 11:32:11 -> Handled Command "chmod 777 Documents"
2017-01-26 11:32:27 -> Handled Command "ll --help"
2017-01-26 11:32:31 -> Handled Command "ls -al"
2017-01-26 11:33:11 -> Handled Command "chmod 777 tmp"
2017-01-26 11:33:25 -> Handled Command "su root"
2017-01-26 11:45:44 -> Handled Command "su root"
2017-01-26 11:46:49 -> Handled Command "chmod 700 tmp"
2017-01-26 11:46:59 -> Handled Command "chmod 700 root"
2017-01-26 11:47:15 -> Handled Command "chmod 700 boot"
2017-01-26 11:47:23 -> Handled Command "chmod 700 usr"
2017-01-26 11:47:37 -> Handled Command "chmod 700 ."
2017-01-26 11:47:40 -> Handled Command "chmod 700 .."
2017-01-26 11:48:10 -> Handled Command "chmod 700 bin"
2017-01-26 11:49:04 -> Handled Command "chmod 777 -R root/"
2017-01-26 11:50:32 -> Handled Command "help"
2017-01-26 11:51:18 -> Handled Command "su root"
2017-01-26 11:51:31 -> Handled Command "help"
2017-01-26 11:51:40 -> Handled Command "network"
2017-01-26 11:51:44 -> Handled Command "network --help"
2017-01-26 11:51:52 -> Handled Command "network -status"
2017-01-26 11:52:00 -> Handled Command "network --status"
2017-01-26 11:52:44 -> Handled Command "ssh 10.0.0.13"
2017-01-26 11:52:52 -> Handled Command "ssh 10.0.0.2"
2017-01-26 11:52:56 -> Handled Command "ssh 10.0.0.3"
2017-01-26 12:01:29 -> Handled GetExitText of "guest@sw.death-star"
2017-01-26 12:01:29 -> Handled Command "exit"
2017-01-26 12:01:34 -> Handled GetExitText of "admin@WFADevice"
2017-01-26 12:01:34 -> Handled Command "exit"
