2017-01-26 09:48:30 -> User KoHa logged in.
2017-01-26 09:53:42 -> Handled EnvironmentCreate "ship:user"
2017-01-26 09:53:42 -> Handled GetWelcomeText of "user@ship"
2017-01-26 09:57:57 -> Handled Command "network"
2017-01-26 09:58:02 -> Handled Command "--help"
2017-01-26 09:58:12 -> Handled Command "help"
2017-01-26 09:58:47 -> Handled Command "nazevPříkazu --help"
2017-01-26 09:59:02 -> Handled Command "network help"
2017-01-26 09:59:18 -> Handled Command "network"
2017-01-26 10:00:49 -> Handled Command "bash --diff"
2017-01-26 10:02:13 -> Handled Command "network"
2017-01-26 10:02:20 -> Handled Command "network help"
2017-01-26 10:02:41 -> Handled Command "help"
2017-01-26 10:02:51 -> Handled Command "network"
2017-01-26 10:41:03 -> Handled Command "network"
2017-01-26 10:41:15 -> Handled Command "revert-time"
2017-01-26 10:41:30 -> Handled Command "-f"
2017-01-26 10:41:35 -> Handled Command "--force"
2017-01-26 10:41:37 -> Handled Command "revert-time"
2017-01-26 10:41:40 -> Handled Command "f"
2017-01-26 10:41:55 -> Handled Command "help"
2017-01-26 10:42:02 -> Handled Command "network"
2017-01-26 10:42:28 -> Handled Command "cd --help"
2017-01-26 10:42:39 -> Handled Command "ls -al help"
2017-01-26 10:42:39 -> Handled Command "ll help"
2017-01-26 10:42:54 -> Handled Command "mkdir help"
