2017-01-26 09:47:37 -> User MeVo logged in.
2017-01-26 09:49:33 -> Handled EnvironmentCreate "ship:user"
2017-01-26 09:49:33 -> Handled GetWelcomeText of "user@ship"
2017-01-26 09:51:19 -> Handled Command "network"
2017-01-26 09:51:33 -> Handled Command "network --help"
2017-01-26 09:51:59 -> Handled Command "network --status"
2017-01-26 09:52:32 -> Handled Command "network --connect"
2017-01-26 09:52:41 -> Handled Command "help"
2017-01-26 09:53:30 -> Handled Command "network --connect Dathstar"
2017-01-26 09:53:46 -> Handled Command "network --connect --help"
2017-01-26 09:54:33 -> Handled Command "network --connect --deathstar"
2017-01-26 09:54:59 -> Handled Command "bash --help"
2017-01-26 09:56:47 -> Handled Command "network --connect "Death Star""
2017-01-26 09:57:10 -> Handled Command "network --connect "127.0.0.1."
2017-01-26 09:57:19 -> Handled Command "network --connect "127.0.0.1.""
2017-01-26 09:57:54 -> Handled Command "edit --help"
2017-01-26 09:58:07 -> Handled Command "edit "Wifi""
2017-01-26 09:58:56 -> Handled Command "network --status"
2017-01-26 09:59:22 -> Handled Command "network --help"
2017-01-26 09:59:44 -> Handled Command "revert time"
2017-01-26 09:59:49 -> Handled Command "help"
2017-01-26 09:59:53 -> Handled Command "revert-time"
