2017-01-26 10:07:59 -> User Arse logged in.
2017-01-26 10:09:20 -> Handled EnvironmentCreate "ship:user"
2017-01-26 10:09:20 -> Handled GetWelcomeText of "user@ship"
2017-01-26 10:11:03 -> Handled Command "network¨"
2017-01-26 10:11:08 -> Handled Command "help"
2017-01-26 10:11:24 -> Handled Command "bash help"
2017-01-26 10:11:34 -> Handled Command "bash diff"
2017-01-26 10:11:40 -> Handled Command "bash --help"
2017-01-26 10:12:55 -> Handled Command "help"
2017-01-26 10:13:09 -> Handled Command "network"
2017-01-26 10:13:20 -> Handled Command "network --help"
2017-01-26 10:14:19 -> Handled Command "cd --help"
2017-01-26 10:14:30 -> Handled Command "ll --help"
2017-01-26 10:14:43 -> Handled Command "ls --help"
2017-01-26 10:14:58 -> Handled Command "network --all"
2017-01-26 10:15:13 -> Handled Command "network -a"
2017-01-26 10:15:19 -> Handled Command "network a"
2017-01-26 10:15:25 -> Handled Command "a --help"
2017-01-26 10:15:31 -> Handled Command "-a --help"
2017-01-26 10:15:56 -> Handled Command "network --cat"
2017-01-26 10:16:06 -> Handled Command "network cat¨¨"
2017-01-26 10:16:15 -> Handled Command "network -cat"
2017-01-26 10:16:47 -> Handled Command "network"
2017-01-26 10:17:38 -> Handled Command "network --help"
2017-01-26 10:17:48 -> Handled Command "network --status"
2017-01-26 10:18:14 -> Handled Command "network --connect"
2017-01-26 10:18:42 -> Handled Command "network --connect DeathStar"
2017-01-26 10:19:07 -> Handled Command "ssh --help"
2017-01-26 10:19:56 -> Handled Command "ssh "
2017-01-26 10:20:27 -> Handled Command "network --help"
2017-01-26 10:20:37 -> Handled Command "network --status¨"
2017-01-26 10:20:43 -> Handled Command "network --status"
2017-01-26 10:23:08 -> Handled Command "ssh --help"
2017-01-26 10:23:55 -> Handled Command "ssh 192.168.1.138 bash¨"
2017-01-26 10:24:31 -> Handled Command "ssh 192.168.1.138 bash"
2017-01-26 10:24:54 -> Handled Command "ssh 192.168.1.32 bash"
2017-01-26 10:24:57 -> Handled EnvironmentCreate "TL-WA850RE:admin"
2017-01-26 10:24:57 -> Handled EnvironmentCreate "TL-WA850RE:admin"
2017-01-26 10:24:57 -> Handled GetWelcomeText of "admin@TL-WA850RE"
2017-01-26 10:24:57 -> Handled Command "bash"
2017-01-26 10:25:32 -> Handled Command "ssh 192.168.1.138 bash "
2017-01-26 10:25:53 -> Handled Command "ssh 192.168.1.138 bash"
2017-01-26 10:26:42 -> Handled Command "ssh 192.168.1.138 bash"
2017-01-26 10:26:51 -> Handled Command "ssh 192.168.1.138 bash"
2017-01-26 10:27:10 -> Handled Command "help"
2017-01-26 10:27:26 -> Handled Command "su --help"
2017-01-26 10:27:34 -> Handled Command "su admin"
2017-01-26 10:27:45 -> Handled Command "su admin"
2017-01-26 10:28:11 -> Handled Command "revert-time --help"
2017-01-26 10:28:34 -> Handled Command "ssh 192.168.1.138 bash"
2017-01-26 10:28:49 -> Handled Command "ssh 192.168.1.138 bash"
2017-01-26 10:29:22 -> Handled Command "su WFADevice"
2017-01-26 10:29:52 -> Handled Command "help"
2017-01-26 10:29:58 -> Handled Command "exit --help"
2017-01-26 10:30:09 -> Handled GetExitText of "admin@TL-WA850RE"
2017-01-26 10:30:09 -> Handled Command "exit -f"
2017-01-26 10:30:15 -> Handled Command "ssh 192.168.1.138 bash"
2017-01-26 10:30:32 -> Handled Command "ssh 192.168.1.138 bash "
2017-01-26 10:30:49 -> Handled Command "ssh 192.168.1.138 bash"
2017-01-26 10:30:55 -> Handled EnvironmentCreate "WFADevice:admin"
2017-01-26 10:30:55 -> Handled EnvironmentCreate "WFADevice:admin"
2017-01-26 10:30:55 -> Handled GetWelcomeText of "admin@WFADevice"
2017-01-26 10:30:55 -> Handled Command "bash"
2017-01-26 10:31:10 -> Handled Command "help"
2017-01-26 10:31:33 -> Handled Command "network status"
2017-01-26 10:31:38 -> Handled Command "network --status¨"
2017-01-26 10:31:43 -> Handled Command "network --status"
2017-01-26 10:32:12 -> Handled Command "help"
2017-01-26 10:32:52 -> Handled Command "ssh guest "
2017-01-26 10:33:01 -> Handled Command "ssh guest bash"
2017-01-26 10:33:08 -> Handled Command "su guest"
2017-01-26 10:33:13 -> Handled Command "su guest"
2017-01-26 10:34:02 -> Handled Command "ssh 192.168.1.138 bash"
2017-01-26 10:34:22 -> Handled Command "ssh 10.0.0.13 bash"
2017-01-26 10:34:38 -> Handled Command "ssh 10.0.0.2 bash"
2017-01-26 10:34:51 -> Handled Command "ssh 10.0.0.128 bash"
2017-01-26 10:35:13 -> Handled Command "ssh 10.0.0.128 bash"
2017-01-26 10:35:15 -> Handled EnvironmentCreate "sw.death-star:guest"
2017-01-26 10:35:15 -> Handled EnvironmentCreate "sw.death-star:guest"
2017-01-26 10:35:15 -> Handled GetWelcomeText of "guest@sw.death-star"
2017-01-26 10:35:15 -> Handled Command "bash"
2017-01-26 10:35:46 -> Handled Command "help"
2017-01-26 10:36:07 -> Handled Command "cat --help"
2017-01-26 10:36:18 -> Handled Command "ll --help"
2017-01-26 10:36:28 -> Handled Command "ln --help"
2017-01-26 10:36:38 -> Handled Command "mkdir --help"
2017-01-26 10:36:46 -> Handled Command "mv --help"
2017-01-26 10:36:57 -> Handled Command "rmdir --help"
2017-01-26 10:37:06 -> Handled Command "mv --help"
2017-01-26 10:37:19 -> Handled Command "chmod --help"
2017-01-26 10:38:15 -> Handled Command "cp --help"
2017-01-26 10:38:25 -> Handled Command "pwd --help"
2017-01-26 10:39:00 -> Handled Command "su root"
2017-01-26 10:40:18 -> Handled Command "rm --help"
2017-01-26 10:40:40 -> Handled Command "cs --help"
2017-01-26 10:40:45 -> Handled Command "cd --help"
2017-01-26 10:40:53 -> Handled Command "cd next"
2017-01-26 10:41:24 -> Handled Command "pwd"
2017-01-26 10:41:43 -> Handled Command "cat guest"
2017-01-26 10:42:44 -> Handled Command "help"
2017-01-26 10:42:56 -> Handled Command "ssh --help"
2017-01-26 10:43:04 -> Handled Command "ls --help"
2017-01-26 10:43:11 -> Handled Command "ls guest"
2017-01-26 10:43:20 -> Handled Command "ls a guest "
2017-01-26 10:43:29 -> Handled Command "ls -a guest"
2017-01-26 10:43:41 -> Handled Command "ls --all  guest"
2017-01-26 10:43:47 -> Handled Command "ls --all guest"
2017-01-26 10:43:54 -> Handled Command "ls all"
2017-01-26 10:44:01 -> Handled Command "ls --all"
2017-01-26 10:44:13 -> Handled Command "ls -a documents"
2017-01-26 10:44:24 -> Handled Command "ls --all"
2017-01-26 10:44:31 -> Handled Command "ls- all documents"
2017-01-26 10:44:43 -> Handled Command "ls --all Documents"
2017-01-26 10:44:51 -> Handled Command ".."
2017-01-26 10:44:58 -> Handled Command "ls .."
2017-01-26 10:45:06 -> Handled Command "ls --all"
2017-01-26 10:45:25 -> Handled Command "ls --all Downloads"
2017-01-26 10:45:30 -> Handled Command "ls .."
2017-01-26 10:45:33 -> Handled Command "ls --all"
2017-01-26 10:45:39 -> Handled Command "ls --all Music"
2017-01-26 10:45:49 -> Handled Command "ls .."
2017-01-26 10:45:51 -> Handled Command "ls --all"
2017-01-26 10:46:00 -> Handled Command "ls --all Videos"
2017-01-26 10:46:10 -> Handled Command "ls ."
2017-01-26 10:46:15 -> Handled Command "ls ."
2017-01-26 10:46:18 -> Handled Command "ls .."
2017-01-26 10:46:20 -> Handled Command "ls.."
2017-01-26 10:46:24 -> Handled Command "ls .."
2017-01-26 10:46:42 -> Handled Command "ls -all guest"
2017-01-26 10:46:48 -> Handled Command "ls --all"
2017-01-26 10:46:56 -> Handled Command "ls -l Documents"
2017-01-26 10:47:06 -> Handled Command "ls -l Downloads"
2017-01-26 10:47:11 -> Handled Command "ls -l Music"
2017-01-26 10:47:16 -> Handled Command "ls -l videos"
2017-01-26 10:48:20 -> Handled Command "ls -a Documents"
2017-01-26 10:48:25 -> Handled Command "ls -all"
2017-01-26 10:49:47 -> Handled Command "ls -al -all"
2017-01-26 10:49:47 -> Handled Command "ll -all"
2017-01-26 10:49:59 -> Handled Command "ls -al --all videos"
2017-01-26 10:49:59 -> Handled Command "ll --all videos"
2017-01-26 10:50:03 -> Handled Command "ls -al --all Videos"
2017-01-26 10:50:03 -> Handled Command "ll --all Videos"
2017-01-26 10:50:12 -> Handled Command "ls -al -All Home"
2017-01-26 10:50:12 -> Handled Command "ll -All Home"
2017-01-26 10:58:52 -> Handled Command "help"
2017-01-26 10:58:59 -> Handled Command "cd Documents¨"
2017-01-26 10:59:03 -> Handled Command "cd documents¨"
2017-01-26 10:59:08 -> Handled Command "cd Documents¨"
2017-01-26 10:59:11 -> Handled Command "cd --help"
2017-01-26 10:59:16 -> Handled Command "cd"
2017-01-26 10:59:28 -> Handled Command "cat --help"
2017-01-26 10:59:37 -> Handled Command "cat documents"
2017-01-26 10:59:42 -> Handled Command "cat Documents"
2017-01-26 11:26:18 -> Handled Command "su root"
2017-01-26 11:26:22 -> Handled Command "su root"
2017-01-26 11:26:27 -> Handled Command "su root "
2017-01-26 11:27:25 -> Handled Command "help"
2017-01-26 11:27:34 -> Handled Command "pwd"
2017-01-26 11:27:40 -> Handled Command "cp"
2017-01-26 11:27:50 -> Handled Command "cp guest home"
2017-01-26 11:27:59 -> Handled Command "cp --help"
2017-01-26 11:28:22 -> Handled Command "network --help"
2017-01-26 11:28:27 -> Handled Command "--connect"
2017-01-26 11:28:39 -> Handled Command "network --status"
2017-01-26 11:29:00 -> Handled Command "help"
2017-01-26 11:29:15 -> Handled Command "rmdir --help"
2017-01-26 11:29:28 -> Handled Command "ssh --help"
2017-01-26 11:29:55 -> Handled Command "ssh 10.0.0.13 bash"
2017-01-26 11:30:10 -> Handled Command "cd --help"
2017-01-26 11:41:00 -> Handled Command "ln --help"
2017-01-26 11:41:06 -> Handled Command "ls --help"
2017-01-26 11:41:17 -> Handled Command "ls guest ll"
2017-01-26 11:41:24 -> Handled Command "ls --all guest"
2017-01-26 11:41:27 -> Handled Command "ls --all"
2017-01-26 11:41:44 -> Handled Command "ls --all Documents"
2017-01-26 11:41:51 -> Handled Command "ls --all .."
2017-01-26 11:42:04 -> Handled Command "ls --all -"
2017-01-26 11:42:11 -> Handled Command "ls --all ."
2017-01-26 11:42:36 -> Handled Command "ls -all "
2017-01-26 11:42:40 -> Handled Command "ls -l"
2017-01-26 11:42:48 -> Handled Command "ls --all documents"
2017-01-26 11:42:51 -> Handled Command "ls --all Documents"
2017-01-26 11:42:55 -> Handled Command "ls -l"
2017-01-26 11:43:04 -> Handled Command "ls --all downloads"
2017-01-26 11:43:08 -> Handled Command "ls --all Downloads"
2017-01-26 11:43:15 -> Handled Command "ls --all "
2017-01-26 11:43:49 -> Handled Command "chmod --help"
2017-01-26 11:44:00 -> Handled Command "help"
2017-01-26 11:50:09 -> Handled Command "rm --help"
2017-01-26 11:50:21 -> Handled Command "exit home"
2017-01-26 11:50:27 -> Handled Command "exit --help"
2017-01-26 11:50:32 -> Handled Command "exit f"
2017-01-26 11:50:44 -> Handled GetExitText of "guest@sw.death-star"
2017-01-26 11:50:44 -> Handled Command "exit -f"
2017-01-26 11:50:52 -> Handled Command "ls"
2017-01-26 11:50:56 -> Handled Command "ls -all"
2017-01-26 11:51:07 -> Handled Command "help"
2017-01-26 11:51:24 -> Handled Command "ssh 10.0.0.128 bash"
2017-01-26 11:51:26 -> Handled EnvironmentCreate "sw.death-star:guest"
2017-01-26 11:51:26 -> Handled EnvironmentCreate "sw.death-star:guest"
2017-01-26 11:51:26 -> Handled GetWelcomeText of "guest@sw.death-star"
2017-01-26 11:51:26 -> Handled Command "bash"
2017-01-26 11:51:29 -> Handled Command "help"
2017-01-26 11:51:39 -> Handled Command "ln --help"
2017-01-26 11:51:53 -> Handled Command "ls -all"
2017-01-26 11:52:01 -> Handled Command "ls -all .."
2017-01-26 11:52:12 -> Handled Command "ls -all root"
2017-01-26 11:52:22 -> Handled Command "ls -all "
2017-01-26 11:52:27 -> Handled Command "ls -all"
2017-01-26 11:52:29 -> Handled Command "ls"
2017-01-26 11:52:39 -> Handled Command "ls .."
2017-01-26 11:52:43 -> Handled Command "ls .."
2017-01-26 11:52:50 -> Handled Command "ls -help"
2017-01-26 11:53:01 -> Handled Command "ls -cd"
2017-01-26 11:53:07 -> Handled Command "ls --cd"
2017-01-26 11:53:14 -> Handled Command "cd -help"
2017-01-26 11:53:19 -> Handled Command "cd --help"
2017-01-26 11:53:25 -> Handled Command "cd guest"
2017-01-26 11:53:33 -> Handled Command "cd Guest"
2017-01-26 11:53:42 -> Handled Command "cd --help"
2017-01-26 11:53:49 -> Handled Command "cd .."
2017-01-26 11:54:00 -> Handled Command "ls -all"
2017-01-26 11:54:07 -> Handled Command "cd .."
2017-01-26 11:54:15 -> Handled Command "ls -all"
2017-01-26 11:54:35 -> Handled Command "ls lost+found"
2017-01-26 11:54:45 -> Handled Command "help"
2017-01-26 11:54:52 -> Handled Command "cd --help"
2017-01-26 11:55:04 -> Handled Command "edit --help"
2017-01-26 11:55:11 -> Handled Command "edit tmp"
2017-01-26 11:55:18 -> Handled Command "ls -all"
2017-01-26 11:55:24 -> Handled Command "ls -all tmp"
2017-01-26 11:55:29 -> Handled Command "ls .."
2017-01-26 11:55:44 -> Handled Command "ls --all media"
2017-01-26 11:56:26 -> Handled Command "ls --all device"
2017-01-26 11:56:36 -> Handled Command "ls --all lost+found"
2017-01-26 11:56:44 -> Handled Command "ls --all .."
2017-01-26 11:56:57 -> Handled Command "ls --all sbin"
2017-01-26 11:57:07 -> Handled Command "ls --all bin"
2017-01-26 11:57:13 -> Handled Command "ls --all boot"
2017-01-26 11:57:18 -> Handled Command "ls --all dev"
2017-01-26 11:57:21 -> Handled Command "ls --all etc"
2017-01-26 11:57:25 -> Handled Command "ls --all tmp"
2017-01-26 11:57:32 -> Handled Command "ls -all"
2017-01-26 11:57:40 -> Handled Command "help"
2017-01-26 11:57:53 -> Handled Command "chmod tmp"
2017-01-26 11:58:00 -> Handled Command "chmod --help"
2017-01-26 11:58:22 -> Handled Command "chmod 230 tmp"
2017-01-26 11:58:35 -> Handled Command "ls --all var"
2017-01-26 11:58:45 -> Handled Command "ls --all root"
2017-01-26 11:58:52 -> Handled Command "ls --all Documents"
2017-01-26 11:59:04 -> Handled Command "ls --all Documents"
2017-01-26 11:59:10 -> Handled Command "ls -a Documents"
2017-01-26 11:59:18 -> Handled Command "ls --aůů Documents"
