2017-01-26 09:42:12 -> User NoSp logged in.
2017-01-26 09:44:05 -> Handled EnvironmentCreate "ship:user"
2017-01-26 09:44:05 -> Handled GetWelcomeText of "user@ship"
2017-01-26 09:45:52 -> Handled Command "network"
2017-01-26 09:45:59 -> Handled Command "--help"
2017-01-26 09:46:14 -> Handled Command "network--help"
2017-01-26 09:46:20 -> Handled Command "network --help"
2017-01-26 09:46:41 -> Handled Command "help"
2017-01-26 09:46:59 -> Handled Command "bash --help"
2017-01-26 09:47:25 -> Handled Command "network --help"
2017-01-26 09:47:32 -> Handled Command "network --status"
2017-01-26 09:48:07 -> Handled Command "network --connect"
2017-01-26 09:48:25 -> Handled Command "network connect DeathStar"
2017-01-26 09:48:58 -> Handled Command "network --connect --help"
2017-01-26 09:49:37 -> Handled Command "network --connect DeathStar"
2017-01-26 09:50:57 -> Handled Command "ssh --help"
2017-01-26 09:52:30 -> Handled Command "ssh 127.0.0.1 --connect"
2017-01-26 09:52:43 -> Handled Command "ssh 127.0.0.1 --help"
2017-01-26 09:53:14 -> Handled Command "ssh localhost"
2017-01-26 09:54:17 -> Handled Command "ssh localhost"
2017-01-26 09:55:06 -> Handled Command "localhost --help"
2017-01-26 09:55:27 -> Handled Command "network --connect localhost"
2017-01-26 11:36:29 -> Handled Command "přepínáč --help"
2017-01-26 11:37:30 -> Handled Command "ssh 127.0.0.1 --f"
2017-01-26 11:37:44 -> Handled Command "ssh 127.0.0.1 --help"
2017-01-26 11:38:09 -> Handled EnvironmentCreate "ship:user"
2017-01-26 11:38:09 -> Handled Command "bash"
2017-01-26 11:38:51 -> Handled Command "ssh localhost"
2017-01-26 11:39:21 -> Handled Command "ssh localhost"
2017-01-26 11:40:23 -> Handled Command "help"
2017-01-26 11:40:30 -> Handled Command "cat"
2017-01-26 11:40:36 -> Handled Command "cat --help"
2017-01-26 11:40:56 -> Handled Command "cd"
2017-01-26 11:41:04 -> Handled Command "cd --helop"
2017-01-26 11:41:08 -> Handled Command "cd --help"
2017-01-26 11:41:17 -> Handled Command "edit --help"
2017-01-26 11:41:23 -> Handled Command "edit localhostr"
2017-01-26 11:41:48 -> Handled Command "edit localhost"
2017-01-26 11:42:21 -> Handled Command "exit --help"
2017-01-26 11:42:42 -> Handled Command "ssh 127.0.0.1 --f"
2017-01-26 11:42:52 -> Handled Command "ssh 127.0.0.1 -f"
2017-01-26 11:43:31 -> Handled Command "pwd"
2017-01-26 11:44:41 -> Handled Command "ssh 127.0.0.1"
2017-01-26 11:45:11 -> Handled Command "ssh 127.0.0.1"
2017-01-26 11:46:45 -> Handled Command "ssh localhost"
2017-01-26 11:46:55 -> Handled Command "localhost"
2017-01-26 11:47:18 -> Handled Command "network"
2017-01-26 11:47:26 -> Handled Command "network --help¨"
2017-01-26 11:47:31 -> Handled Command "network --help"
2017-01-26 11:47:38 -> Handled Command "network --status"
2017-01-26 11:48:12 -> Handled Command "exit"
2017-01-26 11:48:17 -> Handled Command "exit --help"
2017-01-26 11:48:23 -> Handled GetExitText of "user@ship"
2017-01-26 11:48:23 -> Handled Command "exit -f"
2017-01-26 11:48:28 -> User NoSp logged in.
2017-01-26 11:48:28 -> Handled EnvironmentCreate "ship:user"
2017-01-26 11:48:28 -> Handled GetWelcomeText of "user@ship"
2017-01-26 11:48:40 -> Handled Command "bash --diff"
2017-01-26 11:48:56 -> Handled Command "bash --help"
2017-01-26 11:49:34 -> Handled Command "/home/user/.."
2017-01-26 11:49:44 -> Handled Command "network --help"
2017-01-26 11:49:58 -> Handled Command "network --connect localhost"
2017-01-26 11:50:10 -> Handled Command "network --connect"
2017-01-26 11:50:18 -> Handled Command "network "
2017-01-26 11:50:47 -> Handled Command "help"
2017-01-26 11:51:00 -> Handled Command "help --help"
2017-01-26 11:51:05 -> Handled Command "ll --help"
2017-01-26 11:51:16 -> Handled Command "mkdir --help"
2017-01-26 11:51:31 -> Handled Command "mv --help"
2017-01-26 11:51:39 -> Handled Command "pwd"
2017-01-26 11:51:54 -> Handled Command "revert-time --help"
2017-01-26 11:52:13 -> Handled Command "rmdir --help"
2017-01-26 11:52:18 -> Handled Command "rm --help"
2017-01-26 11:52:36 -> Handled Command "network connect --help"
2017-01-26 11:52:49 -> Handled Command "network --connect --help"
2017-01-26 11:52:54 -> Handled Command "network"
2017-01-26 11:53:53 -> Handled Command "rewet-time -f"
