2017-01-26 11:48:26 -> User PaWa logged in.
2017-01-26 11:48:30 -> Handled EnvironmentCreate "ship:user"
2017-01-26 11:48:30 -> Handled GetWelcomeText of "user@ship"
2017-01-26 11:48:35 -> Handled Command "network"
2017-01-26 11:48:40 -> Handled Command "network connect"
2017-01-26 11:48:46 -> Handled Command "network --help"
2017-01-26 11:48:54 -> Handled Command "network --status"
2017-01-26 11:49:07 -> Handled Command "network --connect DeathStar"
2017-01-26 11:49:30 -> Handled Command "network"
2017-01-26 11:49:39 -> Handled Command "network --status"
2017-01-26 11:50:03 -> Handled Command "network --connect WFADevice"
2017-01-26 11:50:10 -> Handled Command "help"
2017-01-26 11:50:19 -> Handled Command "su WFADevice"
2017-01-26 11:50:27 -> Handled Command "admin"
2017-01-26 11:50:28 -> Handled Command "admin"
2017-01-26 11:50:32 -> Handled Command "su"
2017-01-26 11:50:36 -> Handled Command "su admin"
2017-01-26 11:50:48 -> Handled Command "connect --ship"
2017-01-26 11:50:58 -> Handled Command "help"
2017-01-26 11:51:14 -> Handled Command "network --status"
2017-01-26 11:51:38 -> Handled Command "su localhost"
2017-01-26 11:51:47 -> Handled Command "su localhost"
2017-01-26 11:52:09 -> Handled Command "network --help"
2017-01-26 11:52:19 -> Handled Command "network --connect Generic"
2017-01-26 11:52:27 -> Handled Command "network --connect"
2017-01-26 11:52:38 -> Handled Command "network --connect WFADevice"
2017-01-26 11:53:01 -> Handled Command "network --connect TL-WA850RE"
2017-01-26 11:53:07 -> Handled Command "Help"
2017-01-26 11:53:09 -> Handled Command "help"
2017-01-26 11:53:30 -> Handled Command "pwd --help"
2017-01-26 11:53:35 -> Handled Command "bash --help"
2017-01-26 11:53:58 -> Handled Command "cd --help"
2017-01-26 11:54:07 -> Handled Command "cd DeathStar"
2017-01-26 11:54:47 -> Handled Command "ssh"
2017-01-26 11:54:53 -> Handled Command "network --status"
2017-01-26 11:54:56 -> Handled Command "ssh Generic"
2017-01-26 11:55:04 -> Handled Command "ssh WFADevice"
2017-01-26 11:55:22 -> Handled Command "ssh TL-WA850RE"
2017-01-26 11:55:33 -> Handled Command "ssh 192.168.1.234"
2017-01-26 11:55:42 -> Handled Command "ssh DeathStar"
2017-01-26 11:55:55 -> Handled Command "ssh localhost"
2017-01-26 11:56:35 -> Handled Command "ssh DeathStar"
2017-01-26 11:56:58 -> Handled Command "pwd"
2017-01-26 11:57:15 -> Handled Command "network --status"
2017-01-26 11:57:27 -> Handled Command "network --connect"
2017-01-26 11:57:31 -> Handled Command "network --connect Generic"
2017-01-26 11:57:41 -> Handled Command "network --connect 192.168.1.234"
2017-01-26 11:57:57 -> Handled Command "connect admin"
2017-01-26 11:58:02 -> Handled Command "help"
2017-01-26 11:58:17 -> Handled Command "ls --help"
2017-01-26 11:58:32 -> Handled Command "ls --all"
2017-01-26 11:58:40 -> Handled Command "cd Documents"
2017-01-26 11:58:51 -> Handled Command "cd"
2017-01-26 11:59:03 -> Handled Command "DeathStar"
2017-01-26 11:59:05 -> Handled Command "help"
2017-01-26 11:59:10 -> Handled Command "cd"
2017-01-26 11:59:15 -> Handled Command "cd --help"
2017-01-26 11:59:19 -> Handled Command "cd home"
2017-01-26 12:00:00 -> Handled Command "help"
2017-01-26 12:00:02 -> Handled GetExitText of "user@ship"
2017-01-26 12:00:02 -> Handled Command "exit"
