2017-01-26 10:22:26 -> User IvSa logged in.
2017-01-26 10:22:42 -> Handled EnvironmentCreate "ship:user"
2017-01-26 10:22:42 -> Handled GetWelcomeText of "user@ship"
2017-01-26 10:22:59 -> Handled Command "network --status"
2017-01-26 10:23:13 -> Handled Command "network --connect DeathStar"
2017-01-26 10:23:23 -> Handled Command "network --status"
2017-01-26 10:23:40 -> Handled Command "ssh 192.168.1.128"
2017-01-26 10:23:46 -> Handled Command "ssh 192.168.1.138"
2017-01-26 10:23:56 -> Handled Command "ssh 192.168.1.138"
2017-01-26 10:24:05 -> Handled EnvironmentCreate "WFADevice:admin"
2017-01-26 10:24:05 -> Handled EnvironmentCreate "WFADevice:admin"
2017-01-26 10:24:05 -> Handled GetWelcomeText of "admin@WFADevice"
2017-01-26 10:24:05 -> Handled Command "bash"
2017-01-26 10:24:21 -> Handled Command "network --status"
2017-01-26 10:24:48 -> Handled Command "ssh 10.0.0.128"
2017-01-26 10:24:52 -> Handled EnvironmentCreate "sw.death-star:guest"
2017-01-26 10:24:52 -> Handled EnvironmentCreate "sw.death-star:guest"
2017-01-26 10:24:52 -> Handled GetWelcomeText of "guest@sw.death-star"
2017-01-26 10:24:52 -> Handled Command "bash"
2017-01-26 10:25:25 -> Handled Command "ls"
2017-01-26 10:25:31 -> Handled Command "cd documents"
2017-01-26 10:25:38 -> Handled Command "cd Documents"
2017-01-26 10:25:42 -> Handled Command "ls"
2017-01-26 10:25:48 -> Handled Command "ls Documents"
2017-01-26 10:25:54 -> Handled Command "ls"
2017-01-26 10:26:00 -> Handled Command "cd"
2017-01-26 10:26:11 -> Handled Command "cd sw.death-star"
2017-01-26 10:26:16 -> Handled Command "help"
2017-01-26 10:26:24 -> Handled Command "cat"
2017-01-26 10:26:30 -> Handled Command "help --cat"
2017-01-26 10:26:37 -> Handled Command "cat --help"
2017-01-26 10:26:48 -> Handled Command "cp"
2017-01-26 10:26:50 -> Handled Command "ls -al "
2017-01-26 10:26:50 -> Handled Command "ll"
2017-01-26 10:26:58 -> Handled Command "ll --help"
2017-01-26 10:27:17 -> Handled Command "cp --help"
2017-01-26 10:27:19 -> Handled Command "help"
2017-01-26 10:27:24 -> Handled Command "ln --help"
2017-01-26 10:27:31 -> Handled Command "ls --help"
2017-01-26 10:27:36 -> Handled Command "ls -a"
2017-01-26 10:28:00 -> Handled Command "cat ·"
2017-01-26 10:28:11 -> Handled Command "cat ."
2017-01-26 10:28:21 -> Handled Command "cat -a ."
2017-01-26 10:28:25 -> Handled Command "help"
2017-01-26 10:28:31 -> Handled Command "mkdir --help"
2017-01-26 10:28:36 -> Handled Command "mv --help"
2017-01-26 10:28:46 -> Handled Command "pwd --help"
2017-01-26 10:28:53 -> Handled Command "rm --help"
2017-01-26 10:28:59 -> Handled Command "rmdir --help"
2017-01-26 10:29:02 -> Handled Command "help"
2017-01-26 10:29:14 -> Handled Command "mkdir"
2017-01-26 10:29:19 -> Handled Command "mkdir --help"
2017-01-26 10:29:23 -> Handled Command "mkdir aaa"
2017-01-26 10:29:32 -> Handled Command "ls -al "
2017-01-26 10:29:32 -> Handled Command "ll"
2017-01-26 10:29:47 -> Handled Command "mv . aaa"
2017-01-26 10:29:58 -> Handled Command "cd ."
2017-01-26 10:30:02 -> Handled Command "ls"
2017-01-26 10:30:07 -> Handled Command "cd aaa"
2017-01-26 10:30:22 -> Handled Command "cd Documents"
2017-01-26 10:30:27 -> Handled Command "back"
2017-01-26 10:30:29 -> Handled Command "help"
2017-01-26 10:30:35 -> Handled Command "cd --help"
2017-01-26 10:30:47 -> Handled Command "cd Documents"
2017-01-26 10:30:58 -> Handled Command "exit --help"
2017-01-26 10:31:11 -> Handled Command "rm"
2017-01-26 10:31:13 -> Handled Command "rm aaa"
2017-01-26 10:31:16 -> Handled Command "rmdir"
2017-01-26 10:31:28 -> Handled Command "rmdir --help"
2017-01-26 10:31:38 -> Handled Command "rmdir --aaa"
2017-01-26 10:31:43 -> Handled Command "rmdir aaa"
2017-01-26 10:32:08 -> Handled Command "cd -"
2017-01-26 10:32:10 -> Handled Command "cd"
2017-01-26 10:32:30 -> Handled Command "cd -"
2017-01-26 10:32:40 -> Handled EnvironmentCreate "sw.death-star:guest"
2017-01-26 10:32:40 -> Handled EnvironmentCreate "sw.death-star:guest"
2017-01-26 10:32:40 -> Handled Command "bash"
2017-01-26 10:32:40 -> Handled Command "su guest"
2017-01-26 10:32:45 -> Handled Command "ls"
2017-01-26 10:32:49 -> Handled Command "ll¨"
2017-01-26 10:32:53 -> Handled Command "ls -al "
2017-01-26 10:32:53 -> Handled Command "ll"
2017-01-26 10:33:13 -> Handled Command "cd .."
2017-01-26 10:33:17 -> Handled Command "ls"
2017-01-26 10:33:18 -> Handled Command "ls -al "
2017-01-26 10:33:18 -> Handled Command "ll"
2017-01-26 10:33:27 -> Handled Command "cd .."
2017-01-26 10:33:33 -> Handled Command "ll¨"
2017-01-26 10:33:35 -> Handled Command "ls -al "
2017-01-26 10:33:35 -> Handled Command "ll"
2017-01-26 10:33:53 -> Handled Command "cat tmp"
2017-01-26 10:34:03 -> Handled Command "cat root"
2017-01-26 10:34:06 -> Handled Command "cd root"
2017-01-26 10:34:09 -> Handled Command "ls -al "
2017-01-26 10:34:09 -> Handled Command "ll"
2017-01-26 10:34:17 -> Handled Command "cd -"
2017-01-26 10:34:26 -> Handled Command "su"
2017-01-26 10:34:33 -> Handled EnvironmentCreate "sw.death-star:guest"
2017-01-26 10:34:33 -> Handled EnvironmentCreate "sw.death-star:guest"
2017-01-26 10:34:33 -> Handled Command "bash"
2017-01-26 10:34:33 -> Handled Command "su guest"
2017-01-26 10:34:38 -> Handled Command "cd .."
2017-01-26 10:34:40 -> Handled Command "ls -al "
2017-01-26 10:34:40 -> Handled Command "ll"
2017-01-26 10:34:43 -> Handled Command "cd .."
2017-01-26 10:34:45 -> Handled Command "ls -al "
2017-01-26 10:34:45 -> Handled Command "ll"
2017-01-26 10:34:59 -> Handled Command "cd tmp"
2017-01-26 10:35:01 -> Handled Command "ls -al "
2017-01-26 10:35:01 -> Handled Command "ll"
2017-01-26 10:35:05 -> Handled Command "cd ."
2017-01-26 10:35:07 -> Handled Command "ls -al "
2017-01-26 10:35:07 -> Handled Command "ll"
2017-01-26 10:35:13 -> Handled Command "cat .."
2017-01-26 10:35:15 -> Handled Command "cat ."
2017-01-26 10:35:20 -> Handled Command "l"
2017-01-26 10:35:21 -> Handled Command "ls -al "
2017-01-26 10:35:21 -> Handled Command "ll"
2017-01-26 10:35:24 -> Handled Command "ls"
2017-01-26 10:35:40 -> Handled Command "help"
2017-01-26 10:35:44 -> Handled Command "rm .."
2017-01-26 10:35:49 -> Handled Command "cd ."
2017-01-26 10:35:51 -> Handled Command "ls -al "
2017-01-26 10:35:51 -> Handled Command "ll"
2017-01-26 10:36:00 -> Handled Command "chmod --help"
2017-01-26 11:15:52 -> User IvSa logged in.
2017-01-26 11:15:52 -> Handled EnvironmentCreate "ship:user"
2017-01-26 11:15:52 -> Handled GetWelcomeText of "user@ship"
2017-01-26 11:16:03 -> Handled Command "connect --status"
2017-01-26 11:16:10 -> Handled Command "network --status"
2017-01-26 11:16:26 -> Handled Command "ls"
2017-01-26 11:16:30 -> Handled Command "ls -al "
2017-01-26 11:16:30 -> Handled Command "ll"
2017-01-26 11:16:33 -> Handled Command "ls -a"
2017-01-26 11:16:43 -> Handled Command "cd downloads"
2017-01-26 11:16:56 -> Handled Command "cd Downloads"
2017-01-26 11:16:58 -> Handled Command "ls"
2017-01-26 11:17:00 -> Handled Command "ls -al "
2017-01-26 11:17:00 -> Handled Command "ll"
2017-01-26 11:17:06 -> Handled Command "us"
2017-01-26 11:17:16 -> Handled Command "us guest"
2017-01-26 11:17:20 -> Handled Command "help"
2017-01-26 11:17:27 -> Handled Command "su guest"
2017-01-26 11:17:43 -> Handled Command "us user"
2017-01-26 11:17:50 -> Handled EnvironmentCreate "ship:user"
2017-01-26 11:17:50 -> Handled EnvironmentCreate "ship:user"
2017-01-26 11:17:50 -> Handled Command "bash"
2017-01-26 11:17:50 -> Handled Command "su user"
2017-01-26 11:17:53 -> Handled Command "ls"
2017-01-26 11:18:00 -> Handled Command "ls Music"
2017-01-26 11:18:07 -> Handled Command "ls Videos"
2017-01-26 11:18:09 -> Handled Command "ls -al Music"
2017-01-26 11:18:09 -> Handled Command "ll Music"
2017-01-26 11:18:13 -> Handled Command "llVideos"
2017-01-26 11:18:16 -> Handled Command "ls -al Videos"
2017-01-26 11:18:16 -> Handled Command "ll Videos"
2017-01-26 11:18:21 -> Handled Command "ls -al Documents"
2017-01-26 11:18:21 -> Handled Command "ll Documents"
2017-01-26 11:18:33 -> Handled Command "ls -al ."
2017-01-26 11:18:33 -> Handled Command "ll ."
2017-01-26 11:18:38 -> Handled Command "ls -al .."
2017-01-26 11:18:38 -> Handled Command "ll .."
2017-01-26 11:18:41 -> Handled Command "ls -al user"
2017-01-26 11:18:41 -> Handled Command "ll user"
2017-01-26 11:18:54 -> Handled Command "cd .."
2017-01-26 11:18:58 -> Handled Command "ls -al user"
2017-01-26 11:18:58 -> Handled Command "ll user"
2017-01-26 11:19:04 -> Handled Command "ls -al ."
2017-01-26 11:19:04 -> Handled Command "ll ."
2017-01-26 11:19:06 -> Handled Command "ls -al .."
2017-01-26 11:19:06 -> Handled Command "ll .."
2017-01-26 11:19:10 -> Handled Command "cd .."
2017-01-26 11:19:14 -> Handled Command "ls -al tmp"
2017-01-26 11:19:14 -> Handled Command "ll tmp"
2017-01-26 11:19:16 -> Handled Command "ls -al ."
2017-01-26 11:19:16 -> Handled Command "ll ."
2017-01-26 11:19:21 -> Handled Command "ls -al tmp"
2017-01-26 11:19:21 -> Handled Command "ll tmp"
2017-01-26 11:19:28 -> Handled Command "ls -al bin"
2017-01-26 11:19:28 -> Handled Command "ll bin"
2017-01-26 11:19:36 -> Handled Command "ls -al boot"
2017-01-26 11:19:36 -> Handled Command "ll boot"
2017-01-26 11:19:37 -> Handled Command "ls -al "
2017-01-26 11:19:37 -> Handled Command "ll"
2017-01-26 11:19:41 -> Handled Command "ls -al dev"
2017-01-26 11:19:41 -> Handled Command "ll dev"
2017-01-26 11:19:43 -> Handled Command "ls -al "
2017-01-26 11:19:43 -> Handled Command "ll"
2017-01-26 11:19:46 -> Handled Command "ls -al etc"
2017-01-26 11:19:46 -> Handled Command "ll etc"
2017-01-26 11:19:47 -> Handled Command "ls -al "
2017-01-26 11:19:47 -> Handled Command "ll"
2017-01-26 11:19:49 -> Handled Command "ls -al home"
2017-01-26 11:19:49 -> Handled Command "ll home"
2017-01-26 11:19:52 -> Handled Command "ls -al "
2017-01-26 11:19:52 -> Handled Command "ll"
2017-01-26 11:19:54 -> Handled Command "ls -al lib"
2017-01-26 11:19:54 -> Handled Command "ll lib"
2017-01-26 11:19:55 -> Handled Command "ls -al "
2017-01-26 11:19:55 -> Handled Command "ll"
2017-01-26 11:20:03 -> Handled Command "ls -al lost+founs"
2017-01-26 11:20:03 -> Handled Command "ll lost+founs"
2017-01-26 11:20:05 -> Handled Command "ls -al lost+found"
2017-01-26 11:20:05 -> Handled Command "ll lost+found"
2017-01-26 11:20:08 -> Handled Command "ls -al .."
2017-01-26 11:20:08 -> Handled Command "ll .."
2017-01-26 11:20:09 -> Handled Command "ls -al "
2017-01-26 11:20:09 -> Handled Command "ll"
2017-01-26 11:20:12 -> Handled Command "ls -al media"
2017-01-26 11:20:12 -> Handled Command "ll media"
2017-01-26 11:20:15 -> Handled Command "ls -al mnt"
2017-01-26 11:20:15 -> Handled Command "ll mnt"
2017-01-26 11:20:19 -> Handled Command "ls"
2017-01-26 11:20:25 -> Handled Command "ls proc"
2017-01-26 11:20:29 -> Handled Command "ls root"
2017-01-26 11:20:31 -> Handled Command "ls run"
2017-01-26 11:20:34 -> Handled Command "ls sbin"
2017-01-26 11:20:37 -> Handled Command "ls sys"
2017-01-26 11:20:39 -> Handled Command "ls tmp"
2017-01-26 11:20:43 -> Handled Command "ls usr"
2017-01-26 11:20:45 -> Handled Command "ls var"
2017-01-26 11:20:51 -> Handled Command "help"
2017-01-26 11:20:56 -> Handled Command "ln --help"
2017-01-26 11:20:59 -> Handled Command "ls help"
2017-01-26 11:21:04 -> Handled Command "ls --help"
2017-01-26 11:21:13 -> Handled Command "ls -al -l tem"
2017-01-26 11:21:13 -> Handled Command "ll -l tem"
2017-01-26 11:21:15 -> Handled Command "ls -al -l temp"
2017-01-26 11:21:15 -> Handled Command "ll -l temp"
2017-01-26 11:21:24 -> Handled Command "ls -al -l tmp"
2017-01-26 11:21:24 -> Handled Command "ll -l tmp"
2017-01-26 11:21:30 -> Handled Command "cd ."
2017-01-26 11:21:36 -> Handled Command "cd tmp"
2017-01-26 11:21:39 -> Handled Command "cd ."
2017-01-26 11:22:39 -> Handled Command "chmod root rwe"
2017-01-26 11:22:44 -> Handled Command "ls -al "
2017-01-26 11:22:44 -> Handled Command "ll"
2017-01-26 11:22:44 -> Handled Command "ls"
2017-01-26 11:22:48 -> Handled Command "cd .."
2017-01-26 11:22:52 -> Handled Command "chmod root rwe"
2017-01-26 11:23:01 -> Handled Command "chmod rwe root"
2017-01-26 11:23:53 -> Handled Command "rm tmp"
2017-01-26 11:24:00 -> Handled Command "help"
2017-01-26 11:24:06 -> Handled Command "rmdir temp"
2017-01-26 11:24:09 -> Handled Command "rmdir tmp"
2017-01-26 11:24:12 -> Handled Command "ls"
2017-01-26 11:24:25 -> Handled Command "ls root"
2017-01-26 11:24:31 -> Handled Command "proc"
2017-01-26 11:24:34 -> Handled Command "cd proc"
2017-01-26 11:24:43 -> Handled Command "sudo cd root"
2017-01-26 11:25:03 -> Handled Command "cd rtc"
2017-01-26 11:25:06 -> Handled Command "cd etc"
2017-01-26 11:25:13 -> Handled Command "exit -f"
2017-01-26 11:25:21 -> Handled GetExitText of "user@ship"
2017-01-26 11:25:21 -> Handled Command "exit"
2017-01-26 11:25:27 -> User IvSa logged in.
2017-01-26 11:25:27 -> Handled EnvironmentCreate "ship:user"
2017-01-26 11:25:27 -> Handled GetWelcomeText of "user@ship"
2017-01-26 11:25:43 -> Handled Command "bash --diff"
2017-01-26 11:26:42 -> Handled Command "helkp"
2017-01-26 11:26:43 -> Handled Command "help"
2017-01-26 11:26:50 -> Handled Command "ls"
2017-01-26 11:26:55 -> Handled Command "ls documents"
2017-01-26 11:27:00 -> Handled Command "ls Documents"
2017-01-26 11:27:10 -> Handled Command "network --status"
2017-01-26 11:27:28 -> Handled Command "exit --help"
2017-01-26 11:28:11 -> Handled Command "ssh 192.168.1.32"
2017-01-26 11:28:14 -> Handled EnvironmentCreate "TL-WA850RE:admin"
2017-01-26 11:28:14 -> Handled EnvironmentCreate "TL-WA850RE:admin"
2017-01-26 11:28:14 -> Handled GetWelcomeText of "admin@TL-WA850RE"
2017-01-26 11:28:14 -> Handled Command "bash"
2017-01-26 11:28:29 -> Handled Command "network -status"
2017-01-26 11:28:36 -> Handled Command "network --status"
2017-01-26 11:28:51 -> Handled Command "ssh 192.168.1.138"
2017-01-26 11:28:55 -> Handled Command "ssh 192.168.1.138"
2017-01-26 11:29:04 -> Handled EnvironmentCreate "WFADevice:admin"
2017-01-26 11:29:04 -> Handled EnvironmentCreate "WFADevice:admin"
2017-01-26 11:29:04 -> Handled GetWelcomeText of "admin@WFADevice"
2017-01-26 11:29:04 -> Handled Command "bash"
2017-01-26 11:29:08 -> Handled Command "help"
2017-01-26 11:29:18 -> Handled Command "network --status"
2017-01-26 11:29:30 -> Handled Command "ssh 10.0.0.2"
2017-01-26 11:29:33 -> Handled Command "ssh 10.0.0.3"
2017-01-26 11:29:41 -> Handled Command "ssh 10.0.0.3"
2017-01-26 11:29:50 -> Handled EnvironmentCreate "WFADevice:admin"
2017-01-26 11:29:50 -> Handled EnvironmentCreate "WFADevice:admin"
2017-01-26 11:29:50 -> Handled Command "bash"
2017-01-26 11:29:56 -> Handled Command "network --status"
2017-01-26 11:30:12 -> Handled Command "ssh 10.0.0.13"
2017-01-26 11:30:22 -> Handled Command "ssh 10.0.0.128"
2017-01-26 11:30:25 -> Handled EnvironmentCreate "sw.death-star:guest"
2017-01-26 11:30:25 -> Handled EnvironmentCreate "sw.death-star:guest"
2017-01-26 11:30:25 -> Handled GetWelcomeText of "guest@sw.death-star"
2017-01-26 11:30:25 -> Handled Command "bash"
2017-01-26 11:30:30 -> Handled Command "guest"
2017-01-26 11:30:36 -> Handled Command "help"
2017-01-26 11:30:45 -> Handled Command "ls"
2017-01-26 11:30:49 -> Handled Command "ls documents"
2017-01-26 11:30:54 -> Handled Command "ls Documents"
2017-01-26 11:31:03 -> Handled Command "ls Downloads"
2017-01-26 11:31:06 -> Handled Command "ls Music"
2017-01-26 11:31:10 -> Handled Command "ls Videos"
2017-01-26 11:31:18 -> Handled Command "cd Documents"
2017-01-26 11:31:19 -> Handled Command "ls"
2017-01-26 11:31:25 -> Handled Command "rmdir aaa"
2017-01-26 11:31:26 -> Handled Command "ls"
2017-01-26 11:31:27 -> Handled Command "la"
2017-01-26 11:31:28 -> Handled Command "ls -al "
2017-01-26 11:31:28 -> Handled Command "ll"
2017-01-26 11:31:36 -> Handled Command "cd ..3"
2017-01-26 11:31:38 -> Handled Command "cd .."
2017-01-26 11:31:39 -> Handled Command " ls"
2017-01-26 11:31:41 -> Handled Command "ll¨"
2017-01-26 11:31:42 -> Handled Command "ls -al "
2017-01-26 11:31:42 -> Handled Command "ll"
2017-01-26 11:31:46 -> Handled Command "ls -al .."
2017-01-26 11:31:46 -> Handled Command "ll .."
2017-01-26 11:31:51 -> Handled Command "cd .."
2017-01-26 11:31:55 -> Handled Command "ls"
2017-01-26 11:31:56 -> Handled Command "ls -al "
2017-01-26 11:31:56 -> Handled Command "ll"
2017-01-26 11:32:03 -> Handled Command "cd guest"
2017-01-26 11:32:05 -> Handled Command "ls"
2017-01-26 11:32:09 -> Handled Command "cd .."
2017-01-26 11:32:11 -> Handled Command "cd .."
2017-01-26 11:32:15 -> Handled Command "ll¨"
2017-01-26 11:32:16 -> Handled Command "ls -al "
2017-01-26 11:32:16 -> Handled Command "ll"
2017-01-26 11:32:41 -> Handled Command "car home"
2017-01-26 11:32:46 -> Handled Command "cat home"
2017-01-26 11:32:51 -> Handled Command "ls home"
2017-01-26 11:33:01 -> Handled Command "ls lost+found"
2017-01-26 11:33:10 -> Handled Command "ls media"
2017-01-26 11:33:14 -> Handled Command "ls mnt"
2017-01-26 11:33:17 -> Handled Command "ls root"
2017-01-26 11:33:21 -> Handled Command "ls tmp"
2017-01-26 11:33:43 -> Handled Command "help"
2017-01-26 11:33:53 -> Handled Command "mv --help"
2017-01-26 11:33:58 -> Handled Command "pwd --help"
2017-01-26 11:34:05 -> Handled Command "pwd"
2017-01-26 11:34:49 -> Handled Command "ls"
2017-01-26 11:35:09 -> Handled Command "chmod a+r root"
2017-01-26 11:35:16 -> Handled Command "chmod a+r tmp"
2017-01-26 11:36:05 -> Handled Command "ls var"
2017-01-26 11:36:08 -> Handled Command "ls -al "
2017-01-26 11:36:08 -> Handled Command "ll"
2017-01-26 11:36:23 -> Handled Command "run"
2017-01-26 11:36:35 -> Handled Command "cat tmp"
2017-01-26 11:36:40 -> Handled Command "cd tmp"
2017-01-26 11:36:41 -> Handled Command "ls"
2017-01-26 11:36:42 -> Handled Command "ls -al "
2017-01-26 11:36:42 -> Handled Command "ll"
2017-01-26 11:38:04 -> Handled Command "cat ."
2017-01-26 11:38:07 -> Handled Command "cat .."
2017-01-26 11:38:11 -> Handled Command "ls"
2017-01-26 11:38:16 -> Handled Command "cd ."
2017-01-26 11:38:17 -> Handled Command "ls"
2017-01-26 11:38:26 -> Handled Command "rmdir ."
2017-01-26 11:38:28 -> Handled Command "ls -al "
2017-01-26 11:38:28 -> Handled Command "ll"
2017-01-26 11:38:35 -> Handled Command "ls -al "
2017-01-26 11:38:35 -> Handled Command "ll"
2017-01-26 11:38:45 -> Handled Command "su "
2017-01-26 11:38:51 -> Handled EnvironmentCreate "sw.death-star:guest"
2017-01-26 11:38:51 -> Handled EnvironmentCreate "sw.death-star:guest"
2017-01-26 11:38:51 -> Handled Command "bash"
2017-01-26 11:38:51 -> Handled Command "su guest"
2017-01-26 11:38:53 -> Handled Command "ls"
2017-01-26 11:39:02 -> Handled Command "cd Documents"
2017-01-26 11:39:04 -> Handled Command "ls"
2017-01-26 11:39:07 -> Handled Command "ls -al "
2017-01-26 11:39:07 -> Handled Command "ll"
2017-01-26 11:39:23 -> Handled Command "cd .."
2017-01-26 11:39:24 -> Handled Command "ls -al "
2017-01-26 11:39:24 -> Handled Command "ll"
2017-01-26 11:39:29 -> Handled Command "cd .."
2017-01-26 11:39:32 -> Handled Command "cd .."
2017-01-26 11:39:34 -> Handled Command "ls"
2017-01-26 11:39:43 -> Handled Command "ll¨"
2017-01-26 11:39:45 -> Handled Command "ls -al "
2017-01-26 11:39:45 -> Handled Command "ll"
2017-01-26 11:41:20 -> Handled Command "chmod --help"
2017-01-26 11:42:14 -> Handled Command "chmod 777 root"
2017-01-26 11:44:07 -> Handled Command "ls"
