2017-01-26 09:24:17 -> User HuPo logged in.
2017-01-26 09:24:22 -> Handled EnvironmentCreate "ship:user"
2017-01-26 09:24:22 -> Handled GetWelcomeText of "user@ship"
2017-01-26 10:38:46 -> User HuPo logged in.
2017-01-26 10:38:46 -> Handled EnvironmentCreate "ship:user"
2017-01-26 10:38:46 -> Handled GetWelcomeText of "user@ship"
2017-01-26 10:39:48 -> Handled Command "yes"
2017-01-26 10:40:11 -> Handled Command "bash --help"
2017-01-26 10:41:38 -> Handled Command "pwd"
2017-01-26 10:41:54 -> Handled Command "/home/user"
2017-01-26 10:42:00 -> Handled Command "help"
2017-01-26 10:42:14 -> Handled EnvironmentCreate "ship:user"
2017-01-26 10:42:14 -> Handled Command "bash"
2017-01-26 10:42:19 -> Handled Command "cat"
2017-01-26 10:42:26 -> Handled Command "ls"
2017-01-26 10:42:35 -> Handled Command "network"
2017-01-26 10:42:46 -> Handled Command "--network"
2017-01-26 10:42:50 -> Handled Command "help"
2017-01-26 10:42:56 -> Handled Command "-cd"
2017-01-26 10:43:12 -> Handled Command "/su"
2017-01-26 11:26:27 -> Handled Command "help"
2017-01-26 11:26:55 -> Handled Command "/pwd"
2017-01-26 11:27:03 -> Handled Command "--cd"
2017-01-26 11:27:08 -> Handled Command "---cd"
2017-01-26 11:38:47 -> Handled Command "cat skip"
2017-01-26 11:39:03 -> Handled Command "bash cd"
2017-01-26 11:39:09 -> Handled Command "help"
2017-01-26 11:39:50 -> Handled Command "'cp --help'"
